[ 2015-07-19T00:08:28+08:00 ] ERR: (ThinkException) 无法加载模块:css
[ 2015-07-19T00:08:28+08:00 ] ERR: (ThinkException) 无法加载模块:css
[ 2015-07-19T00:08:28+08:00 ] ERR: (ThinkException) 无法加载模块:js
[ 2015-07-19T00:08:28+08:00 ] ERR: (ThinkException) 无法加载模块:js
[ 2015-07-19T00:08:28+08:00 ] ERR: (ThinkException) 无法加载模块:bootstrap
[ 2015-07-19T00:08:28+08:00 ] ERR: (ThinkException) 无法加载模块:js
[ 2015-07-19T00:08:28+08:00 ] ERR: (ThinkException) 无法加载模块:js
[ 2015-07-19T00:08:28+08:00 ] ERR: (ThinkException) 无法加载模块:images
[ 2015-07-19T00:08:28+08:00 ] ERR: (ThinkException) 无法加载模块:images
[ 2015-07-19T00:08:28+08:00 ] ERR: (ThinkException) 无法加载模块:images
[ 2015-07-19T00:08:28+08:00 ] ERR: (ThinkException) 无法加载模块:images
[ 2015-07-19T00:08:28+08:00 ] ERR: (ThinkException) 无法加载模块:images
[ 2015-07-19T00:08:28+08:00 ] ERR: (ThinkException) 无法加载模块:images
[ 2015-07-19T00:08:28+08:00 ] ERR: (ThinkException) 无法加载模块:images
[ 2015-07-19T00:08:34+08:00 ] ERR: (ThinkException) 无法加载模块:css
[ 2015-07-19T00:08:34+08:00 ] ERR: (ThinkException) 无法加载模块:css
[ 2015-07-19T00:09:28+08:00 ] ERR: (ThinkException) 无法加载模块:css
[ 2015-07-19T00:09:28+08:00 ] ERR: (ThinkException) 无法加载模块:css
[ 2015-07-19T00:09:28+08:00 ] ERR: (ThinkException) 无法加载模块:js
[ 2015-07-19T00:09:28+08:00 ] ERR: (ThinkException) 无法加载模块:bootstrap
[ 2015-07-19T00:09:28+08:00 ] ERR: (ThinkException) 无法加载模块:js
[ 2015-07-19T00:09:28+08:00 ] ERR: (ThinkException) 无法加载模块:js
[ 2015-07-19T00:09:28+08:00 ] ERR: (ThinkException) 无法加载模块:images
[ 2015-07-19T00:09:28+08:00 ] ERR: (ThinkException) 无法加载模块:js
[ 2015-07-19T00:09:28+08:00 ] ERR: (ThinkException) 无法加载模块:images
[ 2015-07-19T00:09:28+08:00 ] ERR: (ThinkException) 无法加载模块:images
[ 2015-07-19T00:09:28+08:00 ] ERR: (ThinkException) 无法加载模块:images
[ 2015-07-19T00:09:28+08:00 ] ERR: (ThinkException) 无法加载模块:images
[ 2015-07-19T00:09:28+08:00 ] ERR: (ThinkException) 无法加载模块:images
[ 2015-07-19T00:09:28+08:00 ] ERR: (ThinkException) 无法加载模块:images
[ 2015-07-19T09:17:14+08:00 ] ERR: (ThinkException) 无法加载模块:css
[ 2015-07-19T09:17:14+08:00 ] ERR: (ThinkException) 无法加载模块:js
[ 2015-07-19T09:17:14+08:00 ] ERR: (ThinkException) 无法加载模块:images
[ 2015-07-19T09:17:14+08:00 ] ERR: (ThinkException) 无法加载模块:css
[ 2015-07-19T09:17:14+08:00 ] ERR: (ThinkException) 无法加载模块:bootstrap
[ 2015-07-19T09:17:14+08:00 ] ERR: (ThinkException) 无法加载模块:js
[ 2015-07-19T09:17:14+08:00 ] ERR: (ThinkException) 无法加载模块:js
[ 2015-07-19T09:17:14+08:00 ] ERR: (ThinkException) 无法加载模块:images
[ 2015-07-19T09:17:14+08:00 ] ERR: (ThinkException) 无法加载模块:js
[ 2015-07-19T09:17:14+08:00 ] ERR: (ThinkException) 无法加载模块:images
[ 2015-07-19T09:17:14+08:00 ] ERR: (ThinkException) 无法加载模块:images
[ 2015-07-19T09:17:14+08:00 ] ERR: (ThinkException) 无法加载模块:images
[ 2015-07-19T09:17:14+08:00 ] ERR: (ThinkException) 无法加载模块:images
[ 2015-07-19T09:17:14+08:00 ] ERR: (ThinkException) 无法加载模块:images
[ 2015-07-19T09:17:14+08:00 ] ERR: (ThinkException) 无法加载模块:images
[ 2015-07-19T09:20:35+08:00 ] ERR: (ThinkException) 无法加载模块:css
[ 2015-07-19T09:20:35+08:00 ] ERR: (ThinkException) 无法加载模块:images
[ 2015-07-19T09:20:35+08:00 ] ERR: (ThinkException) 无法加载模块:css
[ 2015-07-19T09:20:35+08:00 ] ERR: (ThinkException) 无法加载模块:bootstrap
[ 2015-07-19T09:20:35+08:00 ] ERR: (ThinkException) 无法加载模块:js
[ 2015-07-19T09:20:35+08:00 ] ERR: (ThinkException) 无法加载模块:js
[ 2015-07-19T09:20:35+08:00 ] ERR: (ThinkException) 无法加载模块:js
[ 2015-07-19T09:20:35+08:00 ] ERR: (ThinkException) 无法加载模块:js
[ 2015-07-19T09:20:35+08:00 ] ERR: (ThinkException) 无法加载模块:images
[ 2015-07-19T09:20:35+08:00 ] ERR: (ThinkException) 无法加载模块:images
[ 2015-07-19T09:20:35+08:00 ] ERR: (ThinkException) 无法加载模块:images
[ 2015-07-19T09:20:35+08:00 ] ERR: (ThinkException) 无法加载模块:images
[ 2015-07-19T09:20:35+08:00 ] ERR: (ThinkException) 无法加载模块:images
[ 2015-07-19T09:20:35+08:00 ] ERR: (ThinkException) 无法加载模块:images
[ 2015-07-19T09:20:35+08:00 ] ERR: (ThinkException) 无法加载模块:images
[ 2015-07-19T09:20:38+08:00 ] ERR: (ThinkException) 无法加载模块:css
[ 2015-07-19T09:20:38+08:00 ] ERR: (ThinkException) 无法加载模块:images
[ 2015-07-19T09:20:38+08:00 ] ERR: (ThinkException) 无法加载模块:js
[ 2015-07-19T09:20:38+08:00 ] ERR: (ThinkException) 无法加载模块:bootstrap
[ 2015-07-19T09:20:38+08:00 ] ERR: (ThinkException) 无法加载模块:css
[ 2015-07-19T09:20:38+08:00 ] ERR: (ThinkException) 无法加载模块:js
[ 2015-07-19T09:20:38+08:00 ] ERR: (ThinkException) 无法加载模块:js
[ 2015-07-19T09:20:38+08:00 ] ERR: (ThinkException) 无法加载模块:js
[ 2015-07-19T09:20:38+08:00 ] ERR: (ThinkException) 无法加载模块:images
[ 2015-07-19T09:20:38+08:00 ] ERR: (ThinkException) 无法加载模块:images
[ 2015-07-19T09:20:38+08:00 ] ERR: (ThinkException) 无法加载模块:images
[ 2015-07-19T09:20:38+08:00 ] ERR: (ThinkException) 无法加载模块:images
[ 2015-07-19T09:20:38+08:00 ] ERR: (ThinkException) 无法加载模块:images
[ 2015-07-19T09:20:38+08:00 ] ERR: (ThinkException) 无法加载模块:images
[ 2015-07-19T09:20:38+08:00 ] ERR: (ThinkException) 无法加载模块:images
[ 2015-07-19T09:20:39+08:00 ] ERR: (ThinkException) 无法加载模块:css
[ 2015-07-19T09:20:39+08:00 ] ERR: (ThinkException) 无法加载模块:js
[ 2015-07-19T09:20:39+08:00 ] ERR: (ThinkException) 无法加载模块:images
[ 2015-07-19T09:20:39+08:00 ] ERR: (ThinkException) 无法加载模块:bootstrap
[ 2015-07-19T09:20:39+08:00 ] ERR: (ThinkException) 无法加载模块:css
[ 2015-07-19T09:20:39+08:00 ] ERR: (ThinkException) 无法加载模块:js
[ 2015-07-19T09:20:39+08:00 ] ERR: (ThinkException) 无法加载模块:js
[ 2015-07-19T09:20:39+08:00 ] ERR: (ThinkException) 无法加载模块:js
[ 2015-07-19T09:20:39+08:00 ] ERR: (ThinkException) 无法加载模块:images
[ 2015-07-19T09:20:39+08:00 ] ERR: (ThinkException) 无法加载模块:images
[ 2015-07-19T09:20:39+08:00 ] ERR: (ThinkException) 无法加载模块:images
[ 2015-07-19T09:20:39+08:00 ] ERR: (ThinkException) 无法加载模块:images
[ 2015-07-19T09:20:39+08:00 ] ERR: (ThinkException) 无法加载模块:images
[ 2015-07-19T09:20:39+08:00 ] ERR: (ThinkException) 无法加载模块:images
[ 2015-07-19T09:20:39+08:00 ] ERR: (ThinkException) 无法加载模块:images
[ 2015-07-19T09:20:39+08:00 ] ERR: (ThinkException) 无法加载模块:css
[ 2015-07-19T09:20:39+08:00 ] ERR: (ThinkException) 无法加载模块:js
[ 2015-07-19T09:20:39+08:00 ] ERR: (ThinkException) 无法加载模块:images
[ 2015-07-19T09:20:39+08:00 ] ERR: (ThinkException) 无法加载模块:css
[ 2015-07-19T09:20:39+08:00 ] ERR: (ThinkException) 无法加载模块:bootstrap
[ 2015-07-19T09:20:39+08:00 ] ERR: (ThinkException) 无法加载模块:js
[ 2015-07-19T09:20:39+08:00 ] ERR: (ThinkException) 无法加载模块:js
[ 2015-07-19T09:20:39+08:00 ] ERR: (ThinkException) 无法加载模块:images
[ 2015-07-19T09:20:39+08:00 ] ERR: (ThinkException) 无法加载模块:js
[ 2015-07-19T09:20:39+08:00 ] ERR: (ThinkException) 无法加载模块:images
[ 2015-07-19T09:20:39+08:00 ] ERR: (ThinkException) 无法加载模块:images
[ 2015-07-19T09:20:39+08:00 ] ERR: (ThinkException) 无法加载模块:images
[ 2015-07-19T09:20:39+08:00 ] ERR: (ThinkException) 无法加载模块:images
[ 2015-07-19T09:20:39+08:00 ] ERR: (ThinkException) 无法加载模块:images
[ 2015-07-19T09:20:39+08:00 ] ERR: (ThinkException) 无法加载模块:images
[ 2015-07-19T09:20:39+08:00 ] ERR: (ThinkException) 无法加载模块:js
[ 2015-07-19T09:20:39+08:00 ] ERR: (ThinkException) 无法加载模块:images
[ 2015-07-19T09:20:39+08:00 ] ERR: (ThinkException) 无法加载模块:css
[ 2015-07-19T09:20:39+08:00 ] ERR: (ThinkException) 无法加载模块:js
[ 2015-07-19T09:20:39+08:00 ] ERR: (ThinkException) 无法加载模块:css
[ 2015-07-19T09:20:39+08:00 ] ERR: (ThinkException) 无法加载模块:bootstrap
[ 2015-07-19T09:20:39+08:00 ] ERR: (ThinkException) 无法加载模块:js
[ 2015-07-19T09:20:39+08:00 ] ERR: (ThinkException) 无法加载模块:js
[ 2015-07-19T09:20:39+08:00 ] ERR: (ThinkException) 无法加载模块:images
[ 2015-07-19T09:20:39+08:00 ] ERR: (ThinkException) 无法加载模块:images
[ 2015-07-19T09:20:39+08:00 ] ERR: (ThinkException) 无法加载模块:images
[ 2015-07-19T09:20:39+08:00 ] ERR: (ThinkException) 无法加载模块:images
[ 2015-07-19T09:20:39+08:00 ] ERR: (ThinkException) 无法加载模块:images
[ 2015-07-19T09:20:39+08:00 ] ERR: (ThinkException) 无法加载模块:images
[ 2015-07-19T09:20:39+08:00 ] ERR: (ThinkException) 无法加载模块:images
[ 2015-07-19T09:20:40+08:00 ] ERR: (ThinkException) 无法加载模块:css
[ 2015-07-19T09:20:40+08:00 ] ERR: (ThinkException) 无法加载模块:css
[ 2015-07-19T09:20:40+08:00 ] ERR: (ThinkException) 无法加载模块:js
[ 2015-07-19T09:20:40+08:00 ] ERR: (ThinkException) 无法加载模块:js
[ 2015-07-19T09:20:40+08:00 ] ERR: (ThinkException) 无法加载模块:images
[ 2015-07-19T09:20:40+08:00 ] ERR: (ThinkException) 无法加载模块:bootstrap
[ 2015-07-19T09:20:40+08:00 ] ERR: (ThinkException) 无法加载模块:js
[ 2015-07-19T09:20:40+08:00 ] ERR: (ThinkException) 无法加载模块:js
[ 2015-07-19T09:20:40+08:00 ] ERR: (ThinkException) 无法加载模块:images
[ 2015-07-19T09:20:40+08:00 ] ERR: (ThinkException) 无法加载模块:images
[ 2015-07-19T09:20:40+08:00 ] ERR: (ThinkException) 无法加载模块:images
[ 2015-07-19T09:20:40+08:00 ] ERR: (ThinkException) 无法加载模块:images
[ 2015-07-19T09:20:40+08:00 ] ERR: (ThinkException) 无法加载模块:images
[ 2015-07-19T09:20:40+08:00 ] ERR: (ThinkException) 无法加载模块:images
[ 2015-07-19T09:20:40+08:00 ] ERR: (ThinkException) 无法加载模块:css
[ 2015-07-19T09:20:40+08:00 ] ERR: (ThinkException) 无法加载模块:css
[ 2015-07-19T09:20:40+08:00 ] ERR: (ThinkException) 无法加载模块:js
[ 2015-07-19T09:20:40+08:00 ] ERR: (ThinkException) 无法加载模块:images
[ 2015-07-19T09:20:40+08:00 ] ERR: (ThinkException) 无法加载模块:bootstrap
[ 2015-07-19T09:20:40+08:00 ] ERR: (ThinkException) 无法加载模块:js
[ 2015-07-19T09:20:40+08:00 ] ERR: (ThinkException) 无法加载模块:js
[ 2015-07-19T09:20:40+08:00 ] ERR: (ThinkException) 无法加载模块:js
[ 2015-07-19T09:20:40+08:00 ] ERR: (ThinkException) 无法加载模块:images
[ 2015-07-19T09:20:40+08:00 ] ERR: (ThinkException) 无法加载模块:images
[ 2015-07-19T09:20:40+08:00 ] ERR: (ThinkException) 无法加载模块:images
[ 2015-07-19T09:20:40+08:00 ] ERR: (ThinkException) 无法加载模块:images
[ 2015-07-19T09:20:40+08:00 ] ERR: (ThinkException) 无法加载模块:images
[ 2015-07-19T09:20:40+08:00 ] ERR: (ThinkException) 无法加载模块:images
[ 2015-07-19T09:20:40+08:00 ] ERR: (ThinkException) 无法加载模块:images
[ 2015-07-19T09:20:40+08:00 ] ERR: (ThinkException) 无法加载模块:css
[ 2015-07-19T09:20:40+08:00 ] ERR: (ThinkException) 无法加载模块:js
[ 2015-07-19T09:20:40+08:00 ] ERR: (ThinkException) 无法加载模块:js
[ 2015-07-19T09:20:40+08:00 ] ERR: (ThinkException) 无法加载模块:images
[ 2015-07-19T09:20:40+08:00 ] ERR: (ThinkException) 无法加载模块:bootstrap
[ 2015-07-19T09:20:40+08:00 ] ERR: (ThinkException) 无法加载模块:css
[ 2015-07-19T09:20:40+08:00 ] ERR: (ThinkException) 无法加载模块:js
[ 2015-07-19T09:20:40+08:00 ] ERR: (ThinkException) 无法加载模块:js
[ 2015-07-19T09:20:40+08:00 ] ERR: (ThinkException) 无法加载模块:images
[ 2015-07-19T09:20:40+08:00 ] ERR: (ThinkException) 无法加载模块:images
[ 2015-07-19T09:20:40+08:00 ] ERR: (ThinkException) 无法加载模块:images
[ 2015-07-19T09:20:40+08:00 ] ERR: (ThinkException) 无法加载模块:images
[ 2015-07-19T09:20:40+08:00 ] ERR: (ThinkException) 无法加载模块:images
[ 2015-07-19T09:20:40+08:00 ] ERR: (ThinkException) 无法加载模块:images
[ 2015-07-19T09:20:40+08:00 ] ERR: (ThinkException) 无法加载模块:images
[ 2015-07-19T09:20:41+08:00 ] ERR: (ThinkException) 无法加载模块:js
[ 2015-07-19T09:20:41+08:00 ] ERR: (ThinkException) 无法加载模块:css
[ 2015-07-19T09:20:41+08:00 ] ERR: (ThinkException) 无法加载模块:css
[ 2015-07-19T09:20:41+08:00 ] ERR: (ThinkException) 无法加载模块:bootstrap
[ 2015-07-19T09:20:41+08:00 ] ERR: (ThinkException) 无法加载模块:js
[ 2015-07-19T09:20:41+08:00 ] ERR: (ThinkException) 无法加载模块:images
[ 2015-07-19T09:20:41+08:00 ] ERR: (ThinkException) 无法加载模块:js
[ 2015-07-19T09:20:41+08:00 ] ERR: (ThinkException) 无法加载模块:images
[ 2015-07-19T09:20:41+08:00 ] ERR: (ThinkException) 无法加载模块:images
[ 2015-07-19T09:20:41+08:00 ] ERR: (ThinkException) 无法加载模块:js
[ 2015-07-19T09:20:41+08:00 ] ERR: (ThinkException) 无法加载模块:images
[ 2015-07-19T09:20:41+08:00 ] ERR: (ThinkException) 无法加载模块:images
[ 2015-07-19T09:20:41+08:00 ] ERR: (ThinkException) 无法加载模块:images
[ 2015-07-19T09:20:41+08:00 ] ERR: (ThinkException) 无法加载模块:images
[ 2015-07-19T09:20:41+08:00 ] ERR: (ThinkException) 无法加载模块:js
[ 2015-07-19T09:20:41+08:00 ] ERR: (ThinkException) 无法加载模块:images
[ 2015-07-19T09:20:41+08:00 ] ERR: (ThinkException) 无法加载模块:css
[ 2015-07-19T09:20:41+08:00 ] ERR: (ThinkException) 无法加载模块:css
[ 2015-07-19T09:20:41+08:00 ] ERR: (ThinkException) 无法加载模块:js
[ 2015-07-19T09:20:41+08:00 ] ERR: (ThinkException) 无法加载模块:bootstrap
[ 2015-07-19T09:20:41+08:00 ] ERR: (ThinkException) 无法加载模块:js
[ 2015-07-19T09:20:41+08:00 ] ERR: (ThinkException) 无法加载模块:js
[ 2015-07-19T09:20:41+08:00 ] ERR: (ThinkException) 无法加载模块:images
[ 2015-07-19T09:20:41+08:00 ] ERR: (ThinkException) 无法加载模块:images
[ 2015-07-19T09:20:41+08:00 ] ERR: (ThinkException) 无法加载模块:images
[ 2015-07-19T09:20:41+08:00 ] ERR: (ThinkException) 无法加载模块:images
[ 2015-07-19T09:20:41+08:00 ] ERR: (ThinkException) 无法加载模块:images
[ 2015-07-19T09:20:41+08:00 ] ERR: (ThinkException) 无法加载模块:images
[ 2015-07-19T09:20:41+08:00 ] ERR: (ThinkException) 无法加载模块:images
[ 2015-07-19T09:20:42+08:00 ] ERR: (ThinkException) 无法加载模块:js
[ 2015-07-19T09:20:42+08:00 ] ERR: (ThinkException) 无法加载模块:css
[ 2015-07-19T09:20:42+08:00 ] ERR: (ThinkException) 无法加载模块:images
[ 2015-07-19T09:20:42+08:00 ] ERR: (ThinkException) 无法加载模块:css
[ 2015-07-19T09:20:42+08:00 ] ERR: (ThinkException) 无法加载模块:js
[ 2015-07-19T09:20:42+08:00 ] ERR: (ThinkException) 无法加载模块:bootstrap
[ 2015-07-19T09:20:42+08:00 ] ERR: (ThinkException) 无法加载模块:js
[ 2015-07-19T09:20:42+08:00 ] ERR: (ThinkException) 无法加载模块:js
[ 2015-07-19T09:20:42+08:00 ] ERR: (ThinkException) 无法加载模块:images
[ 2015-07-19T09:20:42+08:00 ] ERR: (ThinkException) 无法加载模块:images
[ 2015-07-19T09:20:42+08:00 ] ERR: (ThinkException) 无法加载模块:images
[ 2015-07-19T09:20:42+08:00 ] ERR: (ThinkException) 无法加载模块:images
[ 2015-07-19T09:20:42+08:00 ] ERR: (ThinkException) 无法加载模块:images
[ 2015-07-19T09:20:42+08:00 ] ERR: (ThinkException) 无法加载模块:images
[ 2015-07-19T09:20:42+08:00 ] ERR: (ThinkException) 无法加载模块:images
[ 2015-07-19T09:20:42+08:00 ] ERR: (ThinkException) 无法加载模块:css
[ 2015-07-19T09:20:42+08:00 ] ERR: (ThinkException) 无法加载模块:images
[ 2015-07-19T09:20:42+08:00 ] ERR: (ThinkException) 无法加载模块:js
[ 2015-07-19T09:20:42+08:00 ] ERR: (ThinkException) 无法加载模块:css
[ 2015-07-19T09:20:42+08:00 ] ERR: (ThinkException) 无法加载模块:bootstrap
[ 2015-07-19T09:20:42+08:00 ] ERR: (ThinkException) 无法加载模块:js
[ 2015-07-19T09:20:42+08:00 ] ERR: (ThinkException) 无法加载模块:js
[ 2015-07-19T09:20:42+08:00 ] ERR: (ThinkException) 无法加载模块:js
[ 2015-07-19T09:20:42+08:00 ] ERR: (ThinkException) 无法加载模块:images
[ 2015-07-19T09:20:42+08:00 ] ERR: (ThinkException) 无法加载模块:images
[ 2015-07-19T09:20:42+08:00 ] ERR: (ThinkException) 无法加载模块:images
[ 2015-07-19T09:20:42+08:00 ] ERR: (ThinkException) 无法加载模块:images
[ 2015-07-19T09:20:42+08:00 ] ERR: (ThinkException) 无法加载模块:images
[ 2015-07-19T09:20:42+08:00 ] ERR: (ThinkException) 无法加载模块:images
[ 2015-07-19T09:20:42+08:00 ] ERR: (ThinkException) 无法加载模块:images
[ 2015-07-19T09:20:43+08:00 ] ERR: (ThinkException) 无法加载模块:css
[ 2015-07-19T09:20:43+08:00 ] ERR: (ThinkException) 无法加载模块:js
[ 2015-07-19T09:20:43+08:00 ] ERR: (ThinkException) 无法加载模块:css
[ 2015-07-19T09:20:43+08:00 ] ERR: (ThinkException) 无法加载模块:images
[ 2015-07-19T09:20:43+08:00 ] ERR: (ThinkException) 无法加载模块:bootstrap
[ 2015-07-19T09:20:43+08:00 ] ERR: (ThinkException) 无法加载模块:js
[ 2015-07-19T09:20:43+08:00 ] ERR: (ThinkException) 无法加载模块:js
[ 2015-07-19T09:20:43+08:00 ] ERR: (ThinkException) 无法加载模块:js
[ 2015-07-19T09:20:43+08:00 ] ERR: (ThinkException) 无法加载模块:images
[ 2015-07-19T09:20:43+08:00 ] ERR: (ThinkException) 无法加载模块:images
[ 2015-07-19T09:20:43+08:00 ] ERR: (ThinkException) 无法加载模块:images
[ 2015-07-19T09:20:43+08:00 ] ERR: (ThinkException) 无法加载模块:images
[ 2015-07-19T09:20:43+08:00 ] ERR: (ThinkException) 无法加载模块:images
[ 2015-07-19T09:20:43+08:00 ] ERR: (ThinkException) 无法加载模块:images
[ 2015-07-19T09:20:43+08:00 ] ERR: (ThinkException) 无法加载模块:images
[ 2015-07-19T09:20:43+08:00 ] ERR: (ThinkException) 无法加载模块:js
[ 2015-07-19T09:20:43+08:00 ] ERR: (ThinkException) 无法加载模块:js
[ 2015-07-19T09:20:43+08:00 ] ERR: (ThinkException) 无法加载模块:css
[ 2015-07-19T09:20:43+08:00 ] ERR: (ThinkException) 无法加载模块:bootstrap
[ 2015-07-19T09:20:43+08:00 ] ERR: (ThinkException) 无法加载模块:css
[ 2015-07-19T09:20:43+08:00 ] ERR: (ThinkException) 无法加载模块:images
[ 2015-07-19T09:20:43+08:00 ] ERR: (ThinkException) 无法加载模块:js
[ 2015-07-19T09:20:43+08:00 ] ERR: (ThinkException) 无法加载模块:js
[ 2015-07-19T09:20:43+08:00 ] ERR: (ThinkException) 无法加载模块:images
[ 2015-07-19T09:20:43+08:00 ] ERR: (ThinkException) 无法加载模块:images
[ 2015-07-19T09:20:43+08:00 ] ERR: (ThinkException) 无法加载模块:images
[ 2015-07-19T09:20:43+08:00 ] ERR: (ThinkException) 无法加载模块:images
[ 2015-07-19T09:20:43+08:00 ] ERR: (ThinkException) 无法加载模块:images
[ 2015-07-19T09:20:43+08:00 ] ERR: (ThinkException) 无法加载模块:images
[ 2015-07-19T09:20:43+08:00 ] ERR: (ThinkException) 无法加载模块:css
[ 2015-07-19T09:20:43+08:00 ] ERR: (ThinkException) 无法加载模块:images
[ 2015-07-19T09:20:43+08:00 ] ERR: (ThinkException) 无法加载模块:js
[ 2015-07-19T09:20:43+08:00 ] ERR: (ThinkException) 无法加载模块:js
[ 2015-07-19T09:20:43+08:00 ] ERR: (ThinkException) 无法加载模块:bootstrap
[ 2015-07-19T09:20:43+08:00 ] ERR: (ThinkException) 无法加载模块:css
[ 2015-07-19T09:20:43+08:00 ] ERR: (ThinkException) 无法加载模块:js
[ 2015-07-19T09:20:43+08:00 ] ERR: (ThinkException) 无法加载模块:js
[ 2015-07-19T09:20:43+08:00 ] ERR: (ThinkException) 无法加载模块:images
[ 2015-07-19T09:20:44+08:00 ] ERR: (ThinkException) 无法加载模块:images
[ 2015-07-19T09:20:44+08:00 ] ERR: (ThinkException) 无法加载模块:images
[ 2015-07-19T09:20:44+08:00 ] ERR: (ThinkException) 无法加载模块:images
[ 2015-07-19T09:20:44+08:00 ] ERR: (ThinkException) 无法加载模块:images
[ 2015-07-19T09:20:44+08:00 ] ERR: (ThinkException) 无法加载模块:images
[ 2015-07-19T09:20:44+08:00 ] ERR: (ThinkException) 无法加载模块:images
[ 2015-07-19T09:20:44+08:00 ] ERR: (ThinkException) 无法加载模块:css
[ 2015-07-19T09:20:44+08:00 ] ERR: (ThinkException) 无法加载模块:css
[ 2015-07-19T09:20:44+08:00 ] ERR: (ThinkException) 无法加载模块:js
[ 2015-07-19T09:20:44+08:00 ] ERR: (ThinkException) 无法加载模块:images
[ 2015-07-19T09:20:44+08:00 ] ERR: (ThinkException) 无法加载模块:bootstrap
[ 2015-07-19T09:20:44+08:00 ] ERR: (ThinkException) 无法加载模块:js
[ 2015-07-19T09:20:44+08:00 ] ERR: (ThinkException) 无法加载模块:images
[ 2015-07-19T09:20:44+08:00 ] ERR: (ThinkException) 无法加载模块:js
[ 2015-07-19T09:20:44+08:00 ] ERR: (ThinkException) 无法加载模块:js
[ 2015-07-19T09:20:44+08:00 ] ERR: (ThinkException) 无法加载模块:images
[ 2015-07-19T09:20:44+08:00 ] ERR: (ThinkException) 无法加载模块:images
[ 2015-07-19T09:20:44+08:00 ] ERR: (ThinkException) 无法加载模块:images
[ 2015-07-19T09:20:44+08:00 ] ERR: (ThinkException) 无法加载模块:images
[ 2015-07-19T09:20:44+08:00 ] ERR: (ThinkException) 无法加载模块:images
[ 2015-07-19T09:20:44+08:00 ] ERR: (ThinkException) 无法加载模块:images
[ 2015-07-19T09:20:44+08:00 ] ERR: (ThinkException) 无法加载模块:css
[ 2015-07-19T09:20:44+08:00 ] ERR: (ThinkException) 无法加载模块:css
[ 2015-07-19T09:20:44+08:00 ] ERR: (ThinkException) 无法加载模块:images
[ 2015-07-19T09:20:44+08:00 ] ERR: (ThinkException) 无法加载模块:js
[ 2015-07-19T09:20:44+08:00 ] ERR: (ThinkException) 无法加载模块:js
[ 2015-07-19T09:20:45+08:00 ] ERR: (ThinkException) 无法加载模块:js
[ 2015-07-19T09:20:45+08:00 ] ERR: (ThinkException) 无法加载模块:bootstrap
[ 2015-07-19T09:20:45+08:00 ] ERR: (ThinkException) 无法加载模块:js
[ 2015-07-19T09:20:45+08:00 ] ERR: (ThinkException) 无法加载模块:images
[ 2015-07-19T09:20:45+08:00 ] ERR: (ThinkException) 无法加载模块:images
[ 2015-07-19T09:20:45+08:00 ] ERR: (ThinkException) 无法加载模块:images
[ 2015-07-19T09:20:45+08:00 ] ERR: (ThinkException) 无法加载模块:images
[ 2015-07-19T09:20:45+08:00 ] ERR: (ThinkException) 无法加载模块:images
[ 2015-07-19T09:20:45+08:00 ] ERR: (ThinkException) 无法加载模块:images
[ 2015-07-19T09:20:45+08:00 ] ERR: (ThinkException) 无法加载模块:images
[ 2015-07-19T09:20:45+08:00 ] ERR: (ThinkException) 无法加载模块:js
[ 2015-07-19T09:20:45+08:00 ] ERR: (ThinkException) 无法加载模块:images
[ 2015-07-19T09:20:45+08:00 ] ERR: (ThinkException) 无法加载模块:js
[ 2015-07-19T09:20:45+08:00 ] ERR: (ThinkException) 无法加载模块:bootstrap
[ 2015-07-19T09:20:45+08:00 ] ERR: (ThinkException) 无法加载模块:css
[ 2015-07-19T09:20:45+08:00 ] ERR: (ThinkException) 无法加载模块:css
[ 2015-07-19T09:20:45+08:00 ] ERR: (ThinkException) 无法加载模块:js
[ 2015-07-19T09:20:45+08:00 ] ERR: (ThinkException) 无法加载模块:js
[ 2015-07-19T09:20:45+08:00 ] ERR: (ThinkException) 无法加载模块:images
[ 2015-07-19T09:20:45+08:00 ] ERR: (ThinkException) 无法加载模块:images
[ 2015-07-19T09:20:45+08:00 ] ERR: (ThinkException) 无法加载模块:images
[ 2015-07-19T09:20:45+08:00 ] ERR: (ThinkException) 无法加载模块:images
[ 2015-07-19T09:20:45+08:00 ] ERR: (ThinkException) 无法加载模块:images
[ 2015-07-19T09:20:45+08:00 ] ERR: (ThinkException) 无法加载模块:images
[ 2015-07-19T09:20:45+08:00 ] ERR: (ThinkException) 无法加载模块:images
[ 2015-07-19T09:20:53+08:00 ] ERR: (ThinkException) 无法加载模块:js
[ 2015-07-19T09:20:53+08:00 ] ERR: (ThinkException) 无法加载模块:js
[ 2015-07-19T09:20:53+08:00 ] ERR: (ThinkException) 无法加载模块:css
[ 2015-07-19T09:20:53+08:00 ] ERR: (ThinkException) 无法加载模块:css
[ 2015-07-19T09:20:53+08:00 ] ERR: (ThinkException) 无法加载模块:bootstrap
[ 2015-07-19T09:20:53+08:00 ] ERR: (ThinkException) 无法加载模块:images
[ 2015-07-19T09:20:53+08:00 ] ERR: (ThinkException) 无法加载模块:js
[ 2015-07-19T09:20:53+08:00 ] ERR: (ThinkException) 无法加载模块:js
[ 2015-07-19T09:20:53+08:00 ] ERR: (ThinkException) 无法加载模块:images
[ 2015-07-19T09:20:53+08:00 ] ERR: (ThinkException) 无法加载模块:images
[ 2015-07-19T09:20:53+08:00 ] ERR: (ThinkException) 无法加载模块:images
[ 2015-07-19T09:20:53+08:00 ] ERR: (ThinkException) 无法加载模块:images
[ 2015-07-19T09:20:53+08:00 ] ERR: (ThinkException) 无法加载模块:images
[ 2015-07-19T09:20:53+08:00 ] ERR: (ThinkException) 无法加载模块:images
[ 2015-07-19T09:20:54+08:00 ] ERR: (ThinkException) 无法加载模块:css
[ 2015-07-19T09:20:54+08:00 ] ERR: (ThinkException) 无法加载模块:images
[ 2015-07-19T09:20:54+08:00 ] ERR: (ThinkException) 无法加载模块:js
[ 2015-07-19T09:20:54+08:00 ] ERR: (ThinkException) 无法加载模块:bootstrap
[ 2015-07-19T09:20:54+08:00 ] ERR: (ThinkException) 无法加载模块:css
[ 2015-07-19T09:20:54+08:00 ] ERR: (ThinkException) 无法加载模块:js
[ 2015-07-19T09:20:54+08:00 ] ERR: (ThinkException) 无法加载模块:js
[ 2015-07-19T09:20:54+08:00 ] ERR: (ThinkException) 无法加载模块:js
[ 2015-07-19T09:20:54+08:00 ] ERR: (ThinkException) 无法加载模块:images
[ 2015-07-19T09:20:54+08:00 ] ERR: (ThinkException) 无法加载模块:images
[ 2015-07-19T09:20:54+08:00 ] ERR: (ThinkException) 无法加载模块:images
[ 2015-07-19T09:20:54+08:00 ] ERR: (ThinkException) 无法加载模块:images
[ 2015-07-19T09:20:54+08:00 ] ERR: (ThinkException) 无法加载模块:images
[ 2015-07-19T09:20:54+08:00 ] ERR: (ThinkException) 无法加载模块:images
[ 2015-07-19T09:20:54+08:00 ] ERR: (ThinkException) 无法加载模块:images
[ 2015-07-19T09:20:54+08:00 ] ERR: (ThinkException) 无法加载模块:css
[ 2015-07-19T09:20:54+08:00 ] ERR: (ThinkException) 无法加载模块:css
[ 2015-07-19T09:20:54+08:00 ] ERR: (ThinkException) 无法加载模块:images
[ 2015-07-19T09:20:54+08:00 ] ERR: (ThinkException) 无法加载模块:js
[ 2015-07-19T09:20:54+08:00 ] ERR: (ThinkException) 无法加载模块:bootstrap
[ 2015-07-19T09:20:54+08:00 ] ERR: (ThinkException) 无法加载模块:js
[ 2015-07-19T09:20:54+08:00 ] ERR: (ThinkException) 无法加载模块:js
[ 2015-07-19T09:20:54+08:00 ] ERR: (ThinkException) 无法加载模块:js
[ 2015-07-19T09:20:54+08:00 ] ERR: (ThinkException) 无法加载模块:images
[ 2015-07-19T09:20:54+08:00 ] ERR: (ThinkException) 无法加载模块:images
[ 2015-07-19T09:20:54+08:00 ] ERR: (ThinkException) 无法加载模块:images
[ 2015-07-19T09:20:54+08:00 ] ERR: (ThinkException) 无法加载模块:images
[ 2015-07-19T09:20:54+08:00 ] ERR: (ThinkException) 无法加载模块:images
[ 2015-07-19T09:20:54+08:00 ] ERR: (ThinkException) 无法加载模块:images
[ 2015-07-19T09:20:54+08:00 ] ERR: (ThinkException) 无法加载模块:images
[ 2015-07-19T09:20:55+08:00 ] ERR: (ThinkException) 无法加载模块:css
[ 2015-07-19T09:20:55+08:00 ] ERR: (ThinkException) 无法加载模块:css
[ 2015-07-19T09:20:55+08:00 ] ERR: (ThinkException) 无法加载模块:bootstrap
[ 2015-07-19T09:20:55+08:00 ] ERR: (ThinkException) 无法加载模块:images
[ 2015-07-19T09:20:55+08:00 ] ERR: (ThinkException) 无法加载模块:js
[ 2015-07-19T09:20:55+08:00 ] ERR: (ThinkException) 无法加载模块:js
[ 2015-07-19T09:20:55+08:00 ] ERR: (ThinkException) 无法加载模块:js
[ 2015-07-19T09:20:55+08:00 ] ERR: (ThinkException) 无法加载模块:js
[ 2015-07-19T09:20:55+08:00 ] ERR: (ThinkException) 无法加载模块:images
[ 2015-07-19T09:20:55+08:00 ] ERR: (ThinkException) 无法加载模块:images
[ 2015-07-19T09:20:55+08:00 ] ERR: (ThinkException) 无法加载模块:images
[ 2015-07-19T09:20:55+08:00 ] ERR: (ThinkException) 无法加载模块:images
[ 2015-07-19T09:20:55+08:00 ] ERR: (ThinkException) 无法加载模块:images
[ 2015-07-19T09:20:55+08:00 ] ERR: (ThinkException) 无法加载模块:images
[ 2015-07-19T09:20:55+08:00 ] ERR: (ThinkException) 无法加载模块:images
[ 2015-07-19T09:20:56+08:00 ] ERR: (ThinkException) 无法加载模块:css
[ 2015-07-19T09:20:56+08:00 ] ERR: (ThinkException) 无法加载模块:js
[ 2015-07-19T09:20:56+08:00 ] ERR: (ThinkException) 无法加载模块:images
[ 2015-07-19T09:20:56+08:00 ] ERR: (ThinkException) 无法加载模块:bootstrap
[ 2015-07-19T09:20:56+08:00 ] ERR: (ThinkException) 无法加载模块:css
[ 2015-07-19T09:20:56+08:00 ] ERR: (ThinkException) 无法加载模块:js
[ 2015-07-19T09:20:56+08:00 ] ERR: (ThinkException) 无法加载模块:js
[ 2015-07-19T09:20:56+08:00 ] ERR: (ThinkException) 无法加载模块:js
[ 2015-07-19T09:20:56+08:00 ] ERR: (ThinkException) 无法加载模块:images
[ 2015-07-19T09:20:56+08:00 ] ERR: (ThinkException) 无法加载模块:images
[ 2015-07-19T09:20:56+08:00 ] ERR: (ThinkException) 无法加载模块:images
[ 2015-07-19T09:20:56+08:00 ] ERR: (ThinkException) 无法加载模块:images
[ 2015-07-19T09:20:56+08:00 ] ERR: (ThinkException) 无法加载模块:images
[ 2015-07-19T09:20:56+08:00 ] ERR: (ThinkException) 无法加载模块:images
[ 2015-07-19T09:20:56+08:00 ] ERR: (ThinkException) 无法加载模块:images
[ 2015-07-19T09:20:56+08:00 ] ERR: (ThinkException) 无法加载模块:css
[ 2015-07-19T09:20:56+08:00 ] ERR: (ThinkException) 无法加载模块:css
[ 2015-07-19T09:20:56+08:00 ] ERR: (ThinkException) 无法加载模块:images
[ 2015-07-19T09:20:56+08:00 ] ERR: (ThinkException) 无法加载模块:js
[ 2015-07-19T09:20:56+08:00 ] ERR: (ThinkException) 无法加载模块:js
[ 2015-07-19T09:20:56+08:00 ] ERR: (ThinkException) 无法加载模块:bootstrap
[ 2015-07-19T09:20:56+08:00 ] ERR: (ThinkException) 无法加载模块:images
[ 2015-07-19T09:20:56+08:00 ] ERR: (ThinkException) 无法加载模块:js
[ 2015-07-19T09:20:56+08:00 ] ERR: (ThinkException) 无法加载模块:js
[ 2015-07-19T09:20:56+08:00 ] ERR: (ThinkException) 无法加载模块:images
[ 2015-07-19T09:20:56+08:00 ] ERR: (ThinkException) 无法加载模块:images
[ 2015-07-19T09:20:56+08:00 ] ERR: (ThinkException) 无法加载模块:images
[ 2015-07-19T09:20:56+08:00 ] ERR: (ThinkException) 无法加载模块:images
[ 2015-07-19T09:20:56+08:00 ] ERR: (ThinkException) 无法加载模块:images
[ 2015-07-19T09:20:56+08:00 ] ERR: (ThinkException) 无法加载模块:images
[ 2015-07-19T09:20:57+08:00 ] ERR: (ThinkException) 无法加载模块:css
[ 2015-07-19T09:20:57+08:00 ] ERR: (ThinkException) 无法加载模块:css
[ 2015-07-19T09:20:57+08:00 ] ERR: (ThinkException) 无法加载模块:js
[ 2015-07-19T09:20:57+08:00 ] ERR: (ThinkException) 无法加载模块:images
[ 2015-07-19T09:20:57+08:00 ] ERR: (ThinkException) 无法加载模块:js
[ 2015-07-19T09:20:57+08:00 ] ERR: (ThinkException) 无法加载模块:bootstrap
[ 2015-07-19T09:20:57+08:00 ] ERR: (ThinkException) 无法加载模块:js
[ 2015-07-19T09:20:57+08:00 ] ERR: (ThinkException) 无法加载模块:images
[ 2015-07-19T09:20:57+08:00 ] ERR: (ThinkException) 无法加载模块:images
[ 2015-07-19T09:20:57+08:00 ] ERR: (ThinkException) 无法加载模块:js
[ 2015-07-19T09:20:57+08:00 ] ERR: (ThinkException) 无法加载模块:images
[ 2015-07-19T09:20:57+08:00 ] ERR: (ThinkException) 无法加载模块:images
[ 2015-07-19T09:20:57+08:00 ] ERR: (ThinkException) 无法加载模块:images
[ 2015-07-19T09:20:57+08:00 ] ERR: (ThinkException) 无法加载模块:images
[ 2015-07-19T09:20:57+08:00 ] ERR: (ThinkException) 无法加载模块:images
[ 2015-07-19T09:20:57+08:00 ] ERR: (ThinkException) 无法加载模块:css
[ 2015-07-19T09:20:57+08:00 ] ERR: (ThinkException) 无法加载模块:css
[ 2015-07-19T09:20:57+08:00 ] ERR: (ThinkException) 无法加载模块:js
[ 2015-07-19T09:20:57+08:00 ] ERR: (ThinkException) 无法加载模块:bootstrap
[ 2015-07-19T09:20:57+08:00 ] ERR: (ThinkException) 无法加载模块:images
[ 2015-07-19T09:20:57+08:00 ] ERR: (ThinkException) 无法加载模块:js
[ 2015-07-19T09:20:57+08:00 ] ERR: (ThinkException) 无法加载模块:js
[ 2015-07-19T09:20:57+08:00 ] ERR: (ThinkException) 无法加载模块:js
[ 2015-07-19T09:20:57+08:00 ] ERR: (ThinkException) 无法加载模块:images
[ 2015-07-19T09:20:57+08:00 ] ERR: (ThinkException) 无法加载模块:images
[ 2015-07-19T09:20:57+08:00 ] ERR: (ThinkException) 无法加载模块:images
[ 2015-07-19T09:20:57+08:00 ] ERR: (ThinkException) 无法加载模块:images
[ 2015-07-19T09:20:57+08:00 ] ERR: (ThinkException) 无法加载模块:images
[ 2015-07-19T09:20:57+08:00 ] ERR: (ThinkException) 无法加载模块:images
[ 2015-07-19T09:20:57+08:00 ] ERR: (ThinkException) 无法加载模块:images
[ 2015-07-19T09:20:58+08:00 ] ERR: (ThinkException) 无法加载模块:js
[ 2015-07-19T09:20:58+08:00 ] ERR: (ThinkException) 无法加载模块:bootstrap
[ 2015-07-19T09:20:58+08:00 ] ERR: (ThinkException) 无法加载模块:css
[ 2015-07-19T09:20:58+08:00 ] ERR: (ThinkException) 无法加载模块:images
[ 2015-07-19T09:20:58+08:00 ] ERR: (ThinkException) 无法加载模块:css
[ 2015-07-19T09:20:58+08:00 ] ERR: (ThinkException) 无法加载模块:js
[ 2015-07-19T09:20:58+08:00 ] ERR: (ThinkException) 无法加载模块:js
[ 2015-07-19T09:20:58+08:00 ] ERR: (ThinkException) 无法加载模块:js
[ 2015-07-19T09:20:58+08:00 ] ERR: (ThinkException) 无法加载模块:images
[ 2015-07-19T09:20:58+08:00 ] ERR: (ThinkException) 无法加载模块:images
[ 2015-07-19T09:20:58+08:00 ] ERR: (ThinkException) 无法加载模块:images
[ 2015-07-19T09:20:58+08:00 ] ERR: (ThinkException) 无法加载模块:images
[ 2015-07-19T09:20:58+08:00 ] ERR: (ThinkException) 无法加载模块:images
[ 2015-07-19T09:20:58+08:00 ] ERR: (ThinkException) 无法加载模块:images
[ 2015-07-19T09:20:58+08:00 ] ERR: (ThinkException) 无法加载模块:images
[ 2015-07-19T09:20:58+08:00 ] ERR: (ThinkException) 无法加载模块:js
[ 2015-07-19T09:20:58+08:00 ] ERR: (ThinkException) 无法加载模块:css
[ 2015-07-19T09:20:58+08:00 ] ERR: (ThinkException) 无法加载模块:bootstrap
[ 2015-07-19T09:20:58+08:00 ] ERR: (ThinkException) 无法加载模块:js
[ 2015-07-19T09:20:58+08:00 ] ERR: (ThinkException) 无法加载模块:css
[ 2015-07-19T09:20:58+08:00 ] ERR: (ThinkException) 无法加载模块:images
[ 2015-07-19T09:20:58+08:00 ] ERR: (ThinkException) 无法加载模块:js
[ 2015-07-19T09:20:58+08:00 ] ERR: (ThinkException) 无法加载模块:js
[ 2015-07-19T09:20:58+08:00 ] ERR: (ThinkException) 无法加载模块:images
[ 2015-07-19T09:20:58+08:00 ] ERR: (ThinkException) 无法加载模块:images
[ 2015-07-19T09:20:58+08:00 ] ERR: (ThinkException) 无法加载模块:images
[ 2015-07-19T09:20:58+08:00 ] ERR: (ThinkException) 无法加载模块:images
[ 2015-07-19T09:20:58+08:00 ] ERR: (ThinkException) 无法加载模块:images
[ 2015-07-19T09:20:58+08:00 ] ERR: (ThinkException) 无法加载模块:images
[ 2015-07-19T09:20:58+08:00 ] ERR: (ThinkException) 无法加载模块:images
[ 2015-07-19T09:20:58+08:00 ] ERR: (ThinkException) 无法加载模块:css
[ 2015-07-19T09:20:58+08:00 ] ERR: (ThinkException) 无法加载模块:images
[ 2015-07-19T09:20:58+08:00 ] ERR: (ThinkException) 无法加载模块:css
[ 2015-07-19T09:20:58+08:00 ] ERR: (ThinkException) 无法加载模块:bootstrap
[ 2015-07-19T09:20:58+08:00 ] ERR: (ThinkException) 无法加载模块:js
[ 2015-07-19T09:20:58+08:00 ] ERR: (ThinkException) 无法加载模块:js
[ 2015-07-19T09:20:58+08:00 ] ERR: (ThinkException) 无法加载模块:js
[ 2015-07-19T09:20:58+08:00 ] ERR: (ThinkException) 无法加载模块:js
[ 2015-07-19T09:20:58+08:00 ] ERR: (ThinkException) 无法加载模块:images
[ 2015-07-19T09:20:58+08:00 ] ERR: (ThinkException) 无法加载模块:images
[ 2015-07-19T09:20:58+08:00 ] ERR: (ThinkException) 无法加载模块:images
[ 2015-07-19T09:20:58+08:00 ] ERR: (ThinkException) 无法加载模块:images
[ 2015-07-19T09:20:58+08:00 ] ERR: (ThinkException) 无法加载模块:images
[ 2015-07-19T09:20:58+08:00 ] ERR: (ThinkException) 无法加载模块:images
[ 2015-07-19T09:20:58+08:00 ] ERR: (ThinkException) 无法加载模块:images
[ 2015-07-19T09:20:59+08:00 ] ERR: (ThinkException) 无法加载模块:css
[ 2015-07-19T09:20:59+08:00 ] ERR: (ThinkException) 无法加载模块:images
[ 2015-07-19T09:20:59+08:00 ] ERR: (ThinkException) 无法加载模块:js
[ 2015-07-19T09:20:59+08:00 ] ERR: (ThinkException) 无法加载模块:css
[ 2015-07-19T09:20:59+08:00 ] ERR: (ThinkException) 无法加载模块:bootstrap
[ 2015-07-19T09:20:59+08:00 ] ERR: (ThinkException) 无法加载模块:js
[ 2015-07-19T09:20:59+08:00 ] ERR: (ThinkException) 无法加载模块:js
[ 2015-07-19T09:20:59+08:00 ] ERR: (ThinkException) 无法加载模块:js
[ 2015-07-19T09:20:59+08:00 ] ERR: (ThinkException) 无法加载模块:images
[ 2015-07-19T09:20:59+08:00 ] ERR: (ThinkException) 无法加载模块:images
[ 2015-07-19T09:20:59+08:00 ] ERR: (ThinkException) 无法加载模块:images
[ 2015-07-19T09:20:59+08:00 ] ERR: (ThinkException) 无法加载模块:images
[ 2015-07-19T09:20:59+08:00 ] ERR: (ThinkException) 无法加载模块:images
[ 2015-07-19T09:20:59+08:00 ] ERR: (ThinkException) 无法加载模块:images
[ 2015-07-19T09:20:59+08:00 ] ERR: (ThinkException) 无法加载模块:images
[ 2015-07-19T09:21:00+08:00 ] ERR: (ThinkException) 无法加载模块:css
[ 2015-07-19T09:21:00+08:00 ] ERR: (ThinkException) 无法加载模块:js
[ 2015-07-19T09:21:00+08:00 ] ERR: (ThinkException) 无法加载模块:images
[ 2015-07-19T09:21:00+08:00 ] ERR: (ThinkException) 无法加载模块:js
[ 2015-07-19T09:21:00+08:00 ] ERR: (ThinkException) 无法加载模块:css
[ 2015-07-19T09:21:00+08:00 ] ERR: (ThinkException) 无法加载模块:bootstrap
[ 2015-07-19T09:21:00+08:00 ] ERR: (ThinkException) 无法加载模块:js
[ 2015-07-19T09:21:00+08:00 ] ERR: (ThinkException) 无法加载模块:js
[ 2015-07-19T09:21:00+08:00 ] ERR: (ThinkException) 无法加载模块:images
[ 2015-07-19T09:21:00+08:00 ] ERR: (ThinkException) 无法加载模块:images
[ 2015-07-19T09:21:00+08:00 ] ERR: (ThinkException) 无法加载模块:images
[ 2015-07-19T09:21:00+08:00 ] ERR: (ThinkException) 无法加载模块:images
[ 2015-07-19T09:21:00+08:00 ] ERR: (ThinkException) 无法加载模块:images
[ 2015-07-19T09:21:00+08:00 ] ERR: (ThinkException) 无法加载模块:images
[ 2015-07-19T09:21:00+08:00 ] ERR: (ThinkException) 无法加载模块:images
[ 2015-07-19T09:21:00+08:00 ] ERR: (ThinkException) 无法加载模块:bootstrap
[ 2015-07-19T09:21:00+08:00 ] ERR: (ThinkException) 无法加载模块:js
[ 2015-07-19T09:21:00+08:00 ] ERR: (ThinkException) 无法加载模块:js
[ 2015-07-19T09:21:00+08:00 ] ERR: (ThinkException) 无法加载模块:css
[ 2015-07-19T09:21:00+08:00 ] ERR: (ThinkException) 无法加载模块:images
[ 2015-07-19T09:21:00+08:00 ] ERR: (ThinkException) 无法加载模块:css
[ 2015-07-19T09:21:00+08:00 ] ERR: (ThinkException) 无法加载模块:js
[ 2015-07-19T09:21:00+08:00 ] ERR: (ThinkException) 无法加载模块:js
[ 2015-07-19T09:21:00+08:00 ] ERR: (ThinkException) 无法加载模块:images
[ 2015-07-19T09:21:00+08:00 ] ERR: (ThinkException) 无法加载模块:images
[ 2015-07-19T09:21:00+08:00 ] ERR: (ThinkException) 无法加载模块:images
[ 2015-07-19T09:21:00+08:00 ] ERR: (ThinkException) 无法加载模块:images
[ 2015-07-19T09:21:00+08:00 ] ERR: (ThinkException) 无法加载模块:images
[ 2015-07-19T09:21:00+08:00 ] ERR: (ThinkException) 无法加载模块:images
[ 2015-07-19T09:21:00+08:00 ] ERR: (ThinkException) 无法加载模块:images
[ 2015-07-19T09:21:01+08:00 ] ERR: (ThinkException) 无法加载模块:css
[ 2015-07-19T09:21:01+08:00 ] ERR: (ThinkException) 无法加载模块:css
[ 2015-07-19T09:21:01+08:00 ] ERR: (ThinkException) 无法加载模块:js
[ 2015-07-19T09:21:01+08:00 ] ERR: (ThinkException) 无法加载模块:js
[ 2015-07-19T09:21:01+08:00 ] ERR: (ThinkException) 无法加载模块:images
[ 2015-07-19T09:21:01+08:00 ] ERR: (ThinkException) 无法加载模块:bootstrap
[ 2015-07-19T09:21:01+08:00 ] ERR: (ThinkException) 无法加载模块:js
[ 2015-07-19T09:21:01+08:00 ] ERR: (ThinkException) 无法加载模块:js
[ 2015-07-19T09:21:01+08:00 ] ERR: (ThinkException) 无法加载模块:images
[ 2015-07-19T09:21:01+08:00 ] ERR: (ThinkException) 无法加载模块:images
[ 2015-07-19T09:21:01+08:00 ] ERR: (ThinkException) 无法加载模块:images
[ 2015-07-19T09:21:01+08:00 ] ERR: (ThinkException) 无法加载模块:images
[ 2015-07-19T09:21:01+08:00 ] ERR: (ThinkException) 无法加载模块:images
[ 2015-07-19T09:21:01+08:00 ] ERR: (ThinkException) 无法加载模块:images
[ 2015-07-19T09:21:01+08:00 ] ERR: (ThinkException) 无法加载模块:js
[ 2015-07-19T09:21:01+08:00 ] ERR: (ThinkException) 无法加载模块:css
[ 2015-07-19T09:21:01+08:00 ] ERR: (ThinkException) 无法加载模块:images
[ 2015-07-19T09:21:01+08:00 ] ERR: (ThinkException) 无法加载模块:css
[ 2015-07-19T09:21:01+08:00 ] ERR: (ThinkException) 无法加载模块:bootstrap
[ 2015-07-19T09:21:01+08:00 ] ERR: (ThinkException) 无法加载模块:js
[ 2015-07-19T09:21:01+08:00 ] ERR: (ThinkException) 无法加载模块:js
[ 2015-07-19T09:21:01+08:00 ] ERR: (ThinkException) 无法加载模块:js
[ 2015-07-19T09:21:01+08:00 ] ERR: (ThinkException) 无法加载模块:images
[ 2015-07-19T09:21:01+08:00 ] ERR: (ThinkException) 无法加载模块:images
[ 2015-07-19T09:21:01+08:00 ] ERR: (ThinkException) 无法加载模块:images
[ 2015-07-19T09:21:01+08:00 ] ERR: (ThinkException) 无法加载模块:images
[ 2015-07-19T09:21:01+08:00 ] ERR: (ThinkException) 无法加载模块:images
[ 2015-07-19T09:21:01+08:00 ] ERR: (ThinkException) 无法加载模块:images
[ 2015-07-19T09:21:01+08:00 ] ERR: (ThinkException) 无法加载模块:images
[ 2015-07-19T09:21:02+08:00 ] ERR: (ThinkException) 无法加载模块:css
[ 2015-07-19T09:21:02+08:00 ] ERR: (ThinkException) 无法加载模块:css
[ 2015-07-19T09:21:02+08:00 ] ERR: (ThinkException) 无法加载模块:js
[ 2015-07-19T09:21:02+08:00 ] ERR: (ThinkException) 无法加载模块:images
[ 2015-07-19T09:21:02+08:00 ] ERR: (ThinkException) 无法加载模块:bootstrap
[ 2015-07-19T09:21:02+08:00 ] ERR: (ThinkException) 无法加载模块:js
[ 2015-07-19T09:21:02+08:00 ] ERR: (ThinkException) 无法加载模块:images
[ 2015-07-19T09:21:02+08:00 ] ERR: (ThinkException) 无法加载模块:js
[ 2015-07-19T09:21:02+08:00 ] ERR: (ThinkException) 无法加载模块:js
[ 2015-07-19T09:21:02+08:00 ] ERR: (ThinkException) 无法加载模块:images
[ 2015-07-19T09:21:02+08:00 ] ERR: (ThinkException) 无法加载模块:images
[ 2015-07-19T09:21:02+08:00 ] ERR: (ThinkException) 无法加载模块:images
[ 2015-07-19T09:21:02+08:00 ] ERR: (ThinkException) 无法加载模块:images
[ 2015-07-19T09:21:02+08:00 ] ERR: (ThinkException) 无法加载模块:images
[ 2015-07-19T09:21:02+08:00 ] ERR: (ThinkException) 无法加载模块:images
[ 2015-07-19T09:21:04+08:00 ] ERR: (ThinkException) 无法加载模块:css
[ 2015-07-19T09:21:04+08:00 ] ERR: (ThinkException) 无法加载模块:css
[ 2015-07-19T09:21:23+08:00 ] ERR: (ThinkException) 无法加载模块:css
[ 2015-07-19T09:21:23+08:00 ] ERR: (ThinkException) 无法加载模块:js
[ 2015-07-19T09:21:23+08:00 ] ERR: (ThinkException) 无法加载模块:js
[ 2015-07-19T09:21:23+08:00 ] ERR: (ThinkException) 无法加载模块:images
[ 2015-07-19T09:21:23+08:00 ] ERR: (ThinkException) 无法加载模块:bootstrap
[ 2015-07-19T09:21:23+08:00 ] ERR: (ThinkException) 无法加载模块:css
[ 2015-07-19T09:21:23+08:00 ] ERR: (ThinkException) 无法加载模块:bootstrap
[ 2015-07-19T09:21:23+08:00 ] ERR: (ThinkException) 无法加载模块:js
[ 2015-07-19T09:21:23+08:00 ] ERR: (ThinkException) 无法加载模块:js
[ 2015-07-19T09:21:23+08:00 ] ERR: (ThinkException) 无法加载模块:images
[ 2015-07-19T09:21:23+08:00 ] ERR: (ThinkException) 无法加载模块:images
[ 2015-07-19T09:21:23+08:00 ] ERR: (ThinkException) 无法加载模块:images
[ 2015-07-19T09:21:23+08:00 ] ERR: (ThinkException) 无法加载模块:images
[ 2015-07-19T09:21:23+08:00 ] ERR: (ThinkException) 无法加载模块:images
[ 2015-07-19T09:21:23+08:00 ] ERR: (ThinkException) 无法加载模块:images
[ 2015-07-19T09:21:23+08:00 ] ERR: (ThinkException) 无法加载模块:images
[ 2015-07-19T09:21:53+08:00 ] ERR: (ThinkException) 无法加载模块:css
[ 2015-07-19T09:21:53+08:00 ] ERR: (ThinkException) 无法加载模块:bootstrap
[ 2015-07-19T09:21:53+08:00 ] ERR: (ThinkException) 无法加载模块:js
[ 2015-07-19T09:21:53+08:00 ] ERR: (ThinkException) 无法加载模块:js
[ 2015-07-19T09:21:53+08:00 ] ERR: (ThinkException) 无法加载模块:images
[ 2015-07-19T09:21:53+08:00 ] ERR: (ThinkException) 无法加载模块:js
[ 2015-07-19T09:21:53+08:00 ] ERR: (ThinkException) 无法加载模块:css
[ 2015-07-19T09:21:53+08:00 ] ERR: (ThinkException) 无法加载模块:js
[ 2015-07-19T09:21:53+08:00 ] ERR: (ThinkException) 无法加载模块:bootstrap
[ 2015-07-19T09:21:53+08:00 ] ERR: (ThinkException) 无法加载模块:images
[ 2015-07-19T09:21:53+08:00 ] ERR: (ThinkException) 无法加载模块:images
[ 2015-07-19T09:21:53+08:00 ] ERR: (ThinkException) 无法加载模块:images
[ 2015-07-19T09:21:53+08:00 ] ERR: (ThinkException) 无法加载模块:images
[ 2015-07-19T09:21:53+08:00 ] ERR: (ThinkException) 无法加载模块:images
[ 2015-07-19T09:21:53+08:00 ] ERR: (ThinkException) 无法加载模块:images
[ 2015-07-19T09:21:53+08:00 ] ERR: (ThinkException) 无法加载模块:images
[ 2015-07-19T09:33:44+08:00 ] ERR: (ThinkException) 无法加载模块:images
[ 2015-07-19T09:33:45+08:00 ] ERR: (ThinkException) 无法加载模块:images
[ 2015-07-19T09:33:45+08:00 ] ERR: (ThinkException) 无法加载模块:images
[ 2015-07-19T09:33:45+08:00 ] ERR: (ThinkException) 无法加载模块:images
[ 2015-07-19T09:33:45+08:00 ] ERR: (ThinkException) 无法加载模块:images
[ 2015-07-19T09:33:45+08:00 ] ERR: (ThinkException) 无法加载模块:images
[ 2015-07-19T09:33:45+08:00 ] ERR: (ThinkException) 无法加载模块:images
[ 2015-07-19T09:33:50+08:00 ] ERR: (ThinkException) 无法加载模块:images
[ 2015-07-19T09:33:50+08:00 ] ERR: (ThinkException) 无法加载模块:images
[ 2015-07-19T09:33:50+08:00 ] ERR: (ThinkException) 无法加载模块:images
[ 2015-07-19T09:33:50+08:00 ] ERR: (ThinkException) 无法加载模块:resources
[ 2015-07-19T09:33:50+08:00 ] ERR: (ThinkException) 无法加载模块:images
[ 2015-07-19T09:33:50+08:00 ] ERR: (ThinkException) 无法加载模块:images
[ 2015-07-19T09:33:50+08:00 ] ERR: (ThinkException) 无法加载模块:images
[ 2015-07-19T09:33:50+08:00 ] ERR: (ThinkException) 无法加载模块:images
[ 2015-07-19T09:33:50+08:00 ] ERR: (ThinkException) 无法加载模块:resources
[ 2015-07-19T09:33:50+08:00 ] ERR: (ThinkException) 无法加载模块:resources
[ 2015-07-19T09:33:50+08:00 ] ERR: (ThinkException) 无法加载模块:resources
[ 2015-07-19T09:34:36+08:00 ] ERR: (ThinkException) 无法加载模块:resources
[ 2015-07-19T09:34:36+08:00 ] ERR: (ThinkException) 无法加载模块:resources
[ 2015-07-19T09:34:36+08:00 ] ERR: (ThinkException) 无法加载模块:resources
[ 2015-07-19T09:34:36+08:00 ] ERR: (ThinkException) 无法加载模块:resources
[ 2015-07-19T09:35:55+08:00 ] ERR: (ThinkException) 无法加载模块:resources
[ 2015-07-19T09:35:55+08:00 ] ERR: (ThinkException) 无法加载模块:resources
[ 2015-07-19T09:35:55+08:00 ] ERR: (ThinkException) 无法加载模块:resources
[ 2015-07-19T09:35:55+08:00 ] ERR: (ThinkException) 无法加载模块:resources
[ 2015-07-19T09:36:38+08:00 ] ERR: (ThinkException) 无法加载模块:resources
[ 2015-07-19T09:36:38+08:00 ] ERR: (ThinkException) 无法加载模块:resources
[ 2015-07-19T09:36:38+08:00 ] ERR: (ThinkException) 无法加载模块:resources
[ 2015-07-19T09:36:38+08:00 ] ERR: (ThinkException) 无法加载模块:resources
[ 2015-07-19T09:40:29+08:00 ] ERR: (ThinkException) 无法加载模块:resources
[ 2015-07-19T09:40:29+08:00 ] ERR: (ThinkException) 无法加载模块:resources
[ 2015-07-19T09:40:29+08:00 ] ERR: (ThinkException) 无法加载模块:resources
[ 2015-07-19T09:40:29+08:00 ] ERR: (ThinkException) 无法加载模块:resources
[ 2015-07-19T09:40:39+08:00 ] ERR: (ThinkException) 无法加载模块:resources
[ 2015-07-19T09:40:39+08:00 ] ERR: (ThinkException) 无法加载模块:resources
[ 2015-07-19T09:40:39+08:00 ] ERR: (ThinkException) 无法加载模块:resources
[ 2015-07-19T09:40:39+08:00 ] ERR: (ThinkException) 无法加载模块:resources
[ 2015-07-19T09:41:01+08:00 ] ERR: (ThinkException) 无法加载模块:resources
[ 2015-07-19T09:41:01+08:00 ] ERR: (ThinkException) 无法加载模块:resources
[ 2015-07-19T09:41:01+08:00 ] ERR: (ThinkException) 无法加载模块:resources
[ 2015-07-19T09:41:01+08:00 ] ERR: (ThinkException) 无法加载模块:resources
[ 2015-07-19T09:41:04+08:00 ] ERR: (ThinkException) 无法加载模块:resources
[ 2015-07-19T09:41:04+08:00 ] ERR: (ThinkException) 无法加载模块:resources
[ 2015-07-19T09:41:04+08:00 ] ERR: (ThinkException) 无法加载模块:resources
[ 2015-07-19T09:41:04+08:00 ] ERR: (ThinkException) 无法加载模块:resources
[ 2015-07-19T09:41:06+08:00 ] ERR: (ThinkException) 无法加载模块:resources
[ 2015-07-19T09:41:06+08:00 ] ERR: (ThinkException) 无法加载模块:resources
[ 2015-07-19T09:41:06+08:00 ] ERR: (ThinkException) 无法加载模块:resources
[ 2015-07-19T09:41:06+08:00 ] ERR: (ThinkException) 无法加载模块:resources
[ 2015-07-19T09:41:15+08:00 ] ERR: (ThinkException) 无法加载模块:resources
[ 2015-07-19T09:41:15+08:00 ] ERR: (ThinkException) 无法加载模块:resources
[ 2015-07-19T09:41:15+08:00 ] ERR: (ThinkException) 无法加载模块:resources
[ 2015-07-19T09:41:15+08:00 ] ERR: (ThinkException) 无法加载模块:resources
[ 2015-07-19T09:41:34+08:00 ] ERR: (ThinkException) 无法加载模块:resources
[ 2015-07-19T09:41:34+08:00 ] ERR: (ThinkException) 无法加载模块:resources
[ 2015-07-19T09:41:36+08:00 ] ERR: (ThinkException) 无法加载模块:resources
[ 2015-07-19T09:41:36+08:00 ] ERR: (ThinkException) 无法加载模块:resources
[ 2015-07-19T09:41:36+08:00 ] ERR: (ThinkException) 无法加载模块:resources
[ 2015-07-19T09:41:36+08:00 ] ERR: (ThinkException) 无法加载模块:resources
[ 2015-07-19T09:44:05+08:00 ] ERR: (ThinkException) 无法加载模块:resources
[ 2015-07-19T09:44:05+08:00 ] ERR: (ThinkException) 无法加载模块:resources
[ 2015-07-19T09:44:05+08:00 ] ERR: (ThinkException) 无法加载模块:resources
[ 2015-07-19T09:44:05+08:00 ] ERR: (ThinkException) 无法加载模块:resources
[ 2015-07-19T09:44:19+08:00 ] ERR: (ThinkException) 无法加载模块:resources
[ 2015-07-19T09:44:19+08:00 ] ERR: (ThinkException) 无法加载模块:resources
[ 2015-07-19T09:44:19+08:00 ] ERR: (ThinkException) 无法加载模块:resources
[ 2015-07-19T09:44:19+08:00 ] ERR: (ThinkException) 无法加载模块:resources
[ 2015-07-19T09:44:22+08:00 ] ERR: (ThinkException) 无法加载模块:resources
[ 2015-07-19T09:44:22+08:00 ] ERR: (ThinkException) 无法加载模块:resources
[ 2015-07-19T09:44:22+08:00 ] ERR: (ThinkException) 无法加载模块:resources
[ 2015-07-19T09:44:22+08:00 ] ERR: (ThinkException) 无法加载模块:resources
[ 2015-07-19T09:44:25+08:00 ] ERR: (ThinkException) 无法加载模块:resources
[ 2015-07-19T09:44:25+08:00 ] ERR: (ThinkException) 无法加载模块:resources
[ 2015-07-19T09:44:25+08:00 ] ERR: (ThinkException) 无法加载模块:resources
[ 2015-07-19T09:44:25+08:00 ] ERR: (ThinkException) 无法加载模块:resources
[ 2015-07-19T09:44:56+08:00 ] ERR: (ThinkException) 无法加载模块:resources
[ 2015-07-19T09:44:56+08:00 ] ERR: (ThinkException) 无法加载模块:resources
[ 2015-07-19T09:44:56+08:00 ] ERR: (ThinkException) 无法加载模块:resources
[ 2015-07-19T09:44:56+08:00 ] ERR: (ThinkException) 无法加载模块:resources
[ 2015-07-19T09:44:59+08:00 ] ERR: (ThinkException) 无法加载模块:resources
[ 2015-07-19T09:44:59+08:00 ] ERR: (ThinkException) 无法加载模块:resources
[ 2015-07-19T09:44:59+08:00 ] ERR: (ThinkException) 无法加载模块:resources
[ 2015-07-19T09:44:59+08:00 ] ERR: (ThinkException) 无法加载模块:resources
[ 2015-07-19T09:45:42+08:00 ] ERR: (ThinkException) 无法加载模块:resources
[ 2015-07-19T09:45:42+08:00 ] ERR: (ThinkException) 无法加载模块:resources
[ 2015-07-19T09:45:42+08:00 ] ERR: (ThinkException) 无法加载模块:resources
[ 2015-07-19T09:45:42+08:00 ] ERR: (ThinkException) 无法加载模块:resources
[ 2015-07-19T09:54:49+08:00 ] ERR: (ThinkException) 无法加载模块:resources
[ 2015-07-19T09:54:49+08:00 ] ERR: (ThinkException) 无法加载模块:resources
[ 2015-07-19T09:54:49+08:00 ] ERR: (ThinkException) 无法加载模块:resources
[ 2015-07-19T09:54:49+08:00 ] ERR: (ThinkException) 无法加载模块:resources
[ 2015-07-19T09:59:46+08:00 ] ERR: (ThinkException) 无法加载模块:resources
[ 2015-07-19T09:59:46+08:00 ] ERR: (ThinkException) 无法加载模块:resources
[ 2015-07-19T09:59:46+08:00 ] ERR: (ThinkException) 无法加载模块:resources
[ 2015-07-19T09:59:46+08:00 ] ERR: (ThinkException) 无法加载模块:resources
[ 2015-07-19T10:00:55+08:00 ] ERR: (ThinkException) 无法加载模块:resources
[ 2015-07-19T10:00:55+08:00 ] ERR: (ThinkException) 无法加载模块:resources
[ 2015-07-19T10:00:55+08:00 ] ERR: (ThinkException) 无法加载模块:resources
[ 2015-07-19T10:00:55+08:00 ] ERR: (ThinkException) 无法加载模块:resources
[ 2015-07-19T10:02:04+08:00 ] ERR: (ThinkException) 无法加载模块:resources
[ 2015-07-19T10:02:04+08:00 ] ERR: (ThinkException) 无法加载模块:resources
[ 2015-07-19T10:02:04+08:00 ] ERR: (ThinkException) 无法加载模块:resources
[ 2015-07-19T10:02:04+08:00 ] ERR: (ThinkException) 无法加载模块:resources
[ 2015-07-19T10:02:20+08:00 ] ERR: (ThinkException) 无法加载模块:resources
[ 2015-07-19T10:02:20+08:00 ] ERR: (ThinkException) 无法加载模块:resources
[ 2015-07-19T10:02:20+08:00 ] ERR: (ThinkException) 无法加载模块:resources
[ 2015-07-19T10:02:20+08:00 ] ERR: (ThinkException) 无法加载模块:resources
[ 2015-07-19T10:02:34+08:00 ] ERR: (ThinkException) 无法加载模块:resources
[ 2015-07-19T10:02:34+08:00 ] ERR: (ThinkException) 无法加载模块:resources
[ 2015-07-19T10:02:34+08:00 ] ERR: (ThinkException) 无法加载模块:resources
[ 2015-07-19T10:02:34+08:00 ] ERR: (ThinkException) 无法加载模块:resources
[ 2015-07-19T10:02:58+08:00 ] ERR: (ThinkException) 无法加载模块:resources
[ 2015-07-19T10:02:58+08:00 ] ERR: (ThinkException) 无法加载模块:resources
[ 2015-07-19T10:02:58+08:00 ] ERR: (ThinkException) 无法加载模块:resources
[ 2015-07-19T10:02:58+08:00 ] ERR: (ThinkException) 无法加载模块:resources
[ 2015-07-19T10:03:45+08:00 ] ERR: (ThinkException) 无法加载模块:resources
[ 2015-07-19T10:03:45+08:00 ] ERR: (ThinkException) 无法加载模块:resources
[ 2015-07-19T10:03:45+08:00 ] ERR: (ThinkException) 无法加载模块:resources
[ 2015-07-19T10:03:45+08:00 ] ERR: (ThinkException) 无法加载模块:resources
[ 2015-07-19T10:05:35+08:00 ] ERR: (ThinkException) 无法加载模块:resources
[ 2015-07-19T10:05:35+08:00 ] ERR: (ThinkException) 无法加载模块:resources
[ 2015-07-19T10:05:35+08:00 ] ERR: (ThinkException) 无法加载模块:resources
[ 2015-07-19T10:05:35+08:00 ] ERR: (ThinkException) 无法加载模块:resources
[ 2015-07-19T10:07:00+08:00 ] ERR: (ThinkException) 无法加载模块:resources
[ 2015-07-19T10:07:00+08:00 ] ERR: (ThinkException) 无法加载模块:resources
[ 2015-07-19T10:07:00+08:00 ] ERR: (ThinkException) 无法加载模块:resources
[ 2015-07-19T10:07:00+08:00 ] ERR: (ThinkException) 无法加载模块:resources
[ 2015-07-19T10:09:11+08:00 ] ERR: (ThinkException) 无法加载模块:resources
[ 2015-07-19T10:09:11+08:00 ] ERR: (ThinkException) 无法加载模块:resources
[ 2015-07-19T10:09:11+08:00 ] ERR: (ThinkException) 无法加载模块:resources
[ 2015-07-19T10:09:11+08:00 ] ERR: (ThinkException) 无法加载模块:resources
[ 2015-07-19T10:12:43+08:00 ] ERR: (ThinkException) 无法加载模块:resources
[ 2015-07-19T10:12:43+08:00 ] ERR: (ThinkException) 无法加载模块:resources
[ 2015-07-19T10:12:43+08:00 ] ERR: (ThinkException) 无法加载模块:resources
[ 2015-07-19T10:12:43+08:00 ] ERR: (ThinkException) 无法加载模块:resources
[ 2015-07-19T10:14:36+08:00 ] ERR: (ThinkException) 无法加载模块:resources
[ 2015-07-19T10:14:36+08:00 ] ERR: (ThinkException) 无法加载模块:resources
[ 2015-07-19T10:14:36+08:00 ] ERR: (ThinkException) 无法加载模块:resources
[ 2015-07-19T10:14:36+08:00 ] ERR: (ThinkException) 无法加载模块:resources
[ 2015-07-19T10:16:00+08:00 ] ERR: (ThinkException) 无法加载模块:resources
[ 2015-07-19T10:16:00+08:00 ] ERR: (ThinkException) 无法加载模块:resources
[ 2015-07-19T10:16:00+08:00 ] ERR: (ThinkException) 无法加载模块:resources
[ 2015-07-19T10:16:01+08:00 ] ERR: (ThinkException) 无法加载模块:resources
[ 2015-07-19T10:17:03+08:00 ] ERR: (ThinkException) 无法加载模块:resources
[ 2015-07-19T10:17:03+08:00 ] ERR: (ThinkException) 无法加载模块:resources
[ 2015-07-19T10:17:03+08:00 ] ERR: (ThinkException) 无法加载模块:resources
[ 2015-07-19T10:17:03+08:00 ] ERR: (ThinkException) 无法加载模块:resources
[ 2015-07-19T10:18:48+08:00 ] ERR: (ThinkException) 无法加载模块:resources
[ 2015-07-19T10:18:48+08:00 ] ERR: (ThinkException) 无法加载模块:resources
[ 2015-07-19T10:18:48+08:00 ] ERR: (ThinkException) 无法加载模块:resources
[ 2015-07-19T10:18:48+08:00 ] ERR: (ThinkException) 无法加载模块:resources
[ 2015-07-19T10:20:28+08:00 ] ERR: (ThinkException) 无法加载模块:resources
[ 2015-07-19T10:20:28+08:00 ] ERR: (ThinkException) 无法加载模块:resources
[ 2015-07-19T10:20:28+08:00 ] ERR: (ThinkException) 无法加载模块:resources
[ 2015-07-19T10:20:28+08:00 ] ERR: (ThinkException) 无法加载模块:resources
[ 2015-07-19T10:22:13+08:00 ] ERR: (ThinkException) 无法加载模块:resources
[ 2015-07-19T10:22:13+08:00 ] ERR: (ThinkException) 无法加载模块:resources
[ 2015-07-19T10:22:13+08:00 ] ERR: (ThinkException) 无法加载模块:resources
[ 2015-07-19T10:22:14+08:00 ] ERR: (ThinkException) 无法加载模块:resources
[ 2015-07-19T10:32:01+08:00 ] ERR: (ThinkException) 无法加载模块:resources
[ 2015-07-19T10:32:01+08:00 ] ERR: (ThinkException) 无法加载模块:resources
[ 2015-07-19T10:32:28+08:00 ] ERR: (ThinkException) 无法加载模块:resources
[ 2015-07-19T10:33:45+08:00 ] ERR: (ThinkException) 无法加载模块:resources
[ 2015-07-19T10:33:45+08:00 ] ERR: (ThinkException) 无法加载模块:resources
[ 2015-07-19T10:33:49+08:00 ] ERR: (ThinkException) 无法加载模块:resources
[ 2015-07-19T10:33:49+08:00 ] ERR: (ThinkException) 无法加载模块:resources
[ 2015-07-19T10:33:50+08:00 ] ERR: (ThinkException) 无法加载模块:resources
[ 2015-07-19T10:33:50+08:00 ] ERR: (ThinkException) 无法加载模块:resources
[ 2015-07-19T10:34:33+08:00 ] ERR: (ThinkException) 无法加载模块:resources
[ 2015-07-19T10:34:33+08:00 ] ERR: (ThinkException) 无法加载模块:resources
[ 2015-07-19T10:34:36+08:00 ] ERR: (ThinkException) 无法加载模块:resources
[ 2015-07-19T10:34:51+08:00 ] ERR: (ThinkException) 无法加载模块:resources
[ 2015-07-19T10:34:53+08:00 ] ERR: (ThinkException) 无法加载模块:resources
[ 2015-07-19T10:34:54+08:00 ] ERR: (ThinkException) 无法加载模块:resources
[ 2015-07-19T10:34:55+08:00 ] ERR: (ThinkException) 无法加载模块:resources
[ 2015-07-19T10:34:55+08:00 ] ERR: (ThinkException) 无法加载模块:resources
[ 2015-07-19T10:34:58+08:00 ] ERR: (ThinkException) 无法加载模块:resources
[ 2015-07-19T10:34:58+08:00 ] ERR: (ThinkException) 无法加载模块:resources
[ 2015-07-19T11:12:06+08:00 ] ERR: (ThinkException) 无法加载模块:images
[ 2015-07-19T11:12:07+08:00 ] ERR: (ThinkException) 无法加载模块:images
[ 2015-07-19T11:12:44+08:00 ] ERR: (ThinkException) 无法加载模块:images
[ 2015-07-19T11:15:33+08:00 ] ERR: (ThinkException) 无法加载模块:images
[ 2015-07-19T11:15:34+08:00 ] ERR: (ThinkException) 无法加载模块:images
[ 2015-07-19T11:15:35+08:00 ] ERR: (ThinkException) 无法加载模块:images
[ 2015-07-19T11:15:36+08:00 ] ERR: (ThinkException) 无法加载模块:images
[ 2015-07-19T11:15:37+08:00 ] ERR: (ThinkException) 无法加载模块:images
[ 2015-07-19T11:15:37+08:00 ] ERR: (ThinkException) 无法加载模块:images
[ 2015-07-19T11:15:37+08:00 ] ERR: (ThinkException) 无法加载模块:images
[ 2015-07-19T16:39:54+08:00 ] ERR: (ThinkException) 非法操作:sign
[ 2015-07-19T16:40:02+08:00 ] ERR: (ThinkException) 模板不存在[./Home/Tpl/Account/signup.tpl]
[ 2015-07-19T17:23:12+08:00 ] ERR: (ThinkException) 无法加载模块:favicon
[ 2015-07-19T17:23:18+08:00 ] ERR: (ThinkException) 无法加载模块:favicon
[ 2015-07-19T17:23:20+08:00 ] ERR: (ThinkException) 无法加载模块:favicon
[ 2015-07-19T17:23:20+08:00 ] ERR: (ThinkException) 无法加载模块:favicon
[ 2015-07-19T17:23:21+08:00 ] ERR: (ThinkException) 无法加载模块:favicon
[ 2015-07-19T17:23:21+08:00 ] ERR: (ThinkException) 无法加载模块:favicon
[ 2015-07-19T17:23:51+08:00 ] ERR: (ThinkException) 无法加载模块:favicon
[ 2015-07-19T17:23:55+08:00 ] ERR: (ThinkException) 无法加载模块:favicon
[ 2015-07-19T17:23:55+08:00 ] ERR: (ThinkException) 无法加载模块:favicon
[ 2015-07-19T17:23:56+08:00 ] ERR: (ThinkException) 无法加载模块:favicon
[ 2015-07-19T17:23:57+08:00 ] ERR: (ThinkException) 无法加载模块:favicon
[ 2015-07-19T17:24:17+08:00 ] ERR: (ThinkException) 无法加载模块:favicon
[ 2015-07-19T17:24:18+08:00 ] ERR: (ThinkException) 无法加载模块:favicon
[ 2015-07-19T17:24:18+08:00 ] ERR: (ThinkException) 无法加载模块:favicon
[ 2015-07-19T17:24:46+08:00 ] ERR: (ThinkException) 无法加载模块:favicon
[ 2015-07-19T17:24:47+08:00 ] ERR: (ThinkException) 无法加载模块:favicon
[ 2015-07-19T17:24:47+08:00 ] ERR: (ThinkException) 无法加载模块:favicon
[ 2015-07-19T17:24:47+08:00 ] ERR: (ThinkException) 无法加载模块:favicon
[ 2015-07-19T17:25:18+08:00 ] ERR: (ThinkException) 无法加载模块:favicon
[ 2015-07-19T17:25:19+08:00 ] ERR: (ThinkException) 无法加载模块:favicon
[ 2015-07-19T17:25:19+08:00 ] ERR: (ThinkException) 无法加载模块:favicon
[ 2015-07-19T17:25:19+08:00 ] ERR: (ThinkException) 无法加载模块:favicon
[ 2015-07-19T17:25:30+08:00 ] ERR: (ThinkException) 无法加载模块:favicon
[ 2015-07-19T17:25:31+08:00 ] ERR: (ThinkException) 无法加载模块:favicon
[ 2015-07-19T17:25:31+08:00 ] ERR: (ThinkException) 无法加载模块:favicon
[ 2015-07-19T17:25:32+08:00 ] ERR: (ThinkException) 无法加载模块:favicon
[ 2015-07-19T17:25:32+08:00 ] ERR: (ThinkException) 无法加载模块:favicon
[ 2015-07-19T17:25:43+08:00 ] ERR: (ThinkException) 无法加载模块:favicon
[ 2015-07-19T17:25:44+08:00 ] ERR: (ThinkException) 无法加载模块:favicon
[ 2015-07-19T17:26:21+08:00 ] ERR: (ThinkException) 无法加载模块:favicon
[ 2015-07-19T17:26:22+08:00 ] ERR: (ThinkException) 无法加载模块:favicon
[ 2015-07-19T17:26:37+08:00 ] ERR: (ThinkException) 无法加载模块:favicon
[ 2015-07-19T17:27:48+08:00 ] ERR: (ThinkException) 无法加载模块:favicon
[ 2015-07-19T17:27:49+08:00 ] ERR: (ThinkException) 无法加载模块:favicon
[ 2015-07-19T17:28:16+08:00 ] ERR: (ThinkException) 无法加载模块:favicon
[ 2015-07-19T17:28:17+08:00 ] ERR: (ThinkException) 无法加载模块:favicon
[ 2015-07-19T17:28:17+08:00 ] ERR: (ThinkException) 无法加载模块:favicon
[ 2015-07-19T17:28:33+08:00 ] ERR: (ThinkException) 无法加载模块:favicon
[ 2015-07-19T17:28:34+08:00 ] ERR: (ThinkException) 无法加载模块:favicon
[ 2015-07-19T17:28:35+08:00 ] ERR: (ThinkException) 无法加载模块:favicon
[ 2015-07-19T17:29:03+08:00 ] ERR: (ThinkException) 无法加载模块:favicon
[ 2015-07-19T17:29:20+08:00 ] ERR: (ThinkException) 无法加载模块:favicon
[ 2015-07-19T17:31:26+08:00 ] ERR: (ThinkException) 无法加载模块:favicon
[ 2015-07-19T17:32:31+08:00 ] ERR: (ThinkException) 无法加载模块:favicon
[ 2015-07-19T17:32:32+08:00 ] ERR: (ThinkException) 无法加载模块:favicon
[ 2015-07-19T17:33:32+08:00 ] ERR: (ThinkException) 无法加载模块:favicon
[ 2015-07-19T17:33:34+08:00 ] ERR: (ThinkException) 无法加载模块:favicon
[ 2015-07-19T17:34:01+08:00 ] ERR: (ThinkException) 无法加载模块:favicon
[ 2015-07-19T17:34:02+08:00 ] ERR: (ThinkException) 无法加载模块:favicon
[ 2015-07-19T17:34:22+08:00 ] ERR: (ThinkException) 无法加载模块:favicon
[ 2015-07-19T17:34:50+08:00 ] ERR: (ThinkException) 无法加载模块:favicon
[ 2015-07-19T17:35:36+08:00 ] ERR: (ThinkException) 无法加载模块:favicon
[ 2015-07-19T17:36:18+08:00 ] ERR: (ThinkException) 无法加载模块:favicon
[ 2015-07-19T17:41:05+08:00 ] ERR: (ThinkException) 无法加载模块:favicon
[ 2015-07-19T17:41:22+08:00 ] ERR: (ThinkException) 无法加载模块:favicon
[ 2015-07-19T17:42:02+08:00 ] ERR: (ThinkException) 无法加载模块:favicon
[ 2015-07-19T17:42:22+08:00 ] ERR: (ThinkException) 无法加载模块:favicon
[ 2015-07-19T17:43:05+08:00 ] ERR: (ThinkException) 无法加载模块:favicon
[ 2015-07-19T18:12:08+08:00 ] ERR: (ThinkException) 无法加载模块:favicon
[ 2015-07-19T18:14:54+08:00 ] ERR: (ThinkException) 无法加载模块:favicon
[ 2015-07-19T18:17:09+08:00 ] ERR: (ThinkException) 无法加载模块:favicon
[ 2015-07-19T18:17:59+08:00 ] ERR: (ThinkException) 无法加载模块:favicon
[ 2015-07-19T18:19:28+08:00 ] ERR: (ThinkException) 无法加载模块:favicon
[ 2015-07-19T18:19:31+08:00 ] ERR: (ThinkException) 无法加载模块:favicon
[ 2015-07-19T18:20:47+08:00 ] ERR: (ThinkException) 无法加载模块:favicon
[ 2015-07-19T18:21:09+08:00 ] ERR: (ThinkException) 无法加载模块:favicon
[ 2015-07-19T18:21:13+08:00 ] ERR: (ThinkException) 无法加载模块:favicon
[ 2015-07-19T18:22:03+08:00 ] ERR: (ThinkException) 无法加载模块:favicon
[ 2015-07-19T18:22:05+08:00 ] ERR: (ThinkException) 无法加载模块:favicon
[ 2015-07-19T18:23:28+08:00 ] ERR: (ThinkException) 无法加载模块:favicon
[ 2015-07-19T18:23:32+08:00 ] ERR: (ThinkException) 无法加载模块:favicon
[ 2015-07-19T18:23:40+08:00 ] ERR: (ThinkException) 无法加载模块:favicon
[ 2015-07-19T18:38:39+08:00 ] ERR: (ThinkException) 无法加载模块:favicon
[ 2015-07-19T18:38:40+08:00 ] ERR: (ThinkException) 无法加载模块:favicon
[ 2015-07-19T18:38:41+08:00 ] ERR: (ThinkException) 无法加载模块:favicon
[ 2015-07-19T18:38:42+08:00 ] ERR: (ThinkException) 无法加载模块:favicon
[ 2015-07-19T18:38:43+08:00 ] ERR: (ThinkException) 无法加载模块:favicon
[ 2015-07-19T18:38:45+08:00 ] ERR: (ThinkException) 无法加载模块:favicon
[ 2015-07-19T18:38:49+08:00 ] ERR: (ThinkException) 无法加载模块:favicon
[ 2015-07-19T18:38:52+08:00 ] ERR: (ThinkException) 无法加载模块:favicon
[ 2015-07-19T18:38:53+08:00 ] ERR: (ThinkException) 无法加载模块:favicon
[ 2015-07-19T18:38:54+08:00 ] ERR: (ThinkException) 无法加载模块:favicon
[ 2015-07-19T18:39:34+08:00 ] ERR: (ThinkException) 无法加载模块:favicon
[ 2015-07-19T18:45:01+08:00 ] ERR: (ThinkException) 无法加载模块:favicon
[ 2015-07-19T18:45:18+08:00 ] ERR: (ThinkException) 无法加载模块:favicon
[ 2015-07-19T18:45:29+08:00 ] ERR: (ThinkException) 无法加载模块:favicon
[ 2015-07-19T18:48:04+08:00 ] ERR: (ThinkException) 非法操作:login
[ 2015-07-19T18:48:11+08:00 ] ERR: (ThinkException) 非法操作:login
[ 2015-07-19T18:48:55+08:00 ] ERR: (ThinkException) 无法加载模块:favicon
[ 2015-07-19T18:48:58+08:00 ] ERR: (ThinkException) 无法加载模块:favicon
[ 2015-07-19T18:48:58+08:00 ] ERR: (ThinkException) 无法加载模块:favicon
[ 2015-07-19T18:48:59+08:00 ] ERR: (ThinkException) 无法加载模块:favicon
[ 2015-07-19T18:49:00+08:00 ] ERR: (ThinkException) 无法加载模块:favicon
[ 2015-07-19T18:49:00+08:00 ] ERR: (ThinkException) 无法加载模块:favicon
[ 2015-07-19T18:49:01+08:00 ] ERR: (ThinkException) 无法加载模块:favicon
[ 2015-07-19T18:52:06+08:00 ] ERR: (ThinkException) 无法加载模块:favicon
[ 2015-07-19T18:52:08+08:00 ] ERR: (ThinkException) 无法加载模块:favicon
[ 2015-07-19T18:52:44+08:00 ] ERR: (ThinkException) 无法加载模块:favicon
[ 2015-07-19T18:52:46+08:00 ] ERR: (ThinkException) 无法加载模块:favicon
[ 2015-07-19T18:54:18+08:00 ] ERR: (ThinkException) 无法加载模块:favicon
[ 2015-07-19T18:54:20+08:00 ] ERR: (ThinkException) 无法加载模块:favicon
[ 2015-07-19T18:54:22+08:00 ] ERR: (ThinkException) 无法加载模块:favicon
[ 2015-07-19T18:54:23+08:00 ] ERR: (ThinkException) 无法加载模块:favicon
[ 2015-07-19T18:54:35+08:00 ] ERR: (ThinkException) 无法加载模块:favicon
[ 2015-07-19T19:03:26+08:00 ] ERR: (ThinkException) 无法加载模块:favicon
[ 2015-07-19T19:03:41+08:00 ] ERR: (ThinkException) 无法加载模块:favicon
[ 2015-07-19T19:03:55+08:00 ] ERR: (ThinkException) 无法加载模块:favicon
[ 2015-07-19T19:04:09+08:00 ] ERR: (ThinkException) 无法加载模块:favicon
[ 2015-07-19T19:04:23+08:00 ] ERR: (ThinkException) 无法加载模块:favicon
[ 2015-07-19T19:04:34+08:00 ] ERR: (ThinkException) 无法加载模块:favicon
[ 2015-07-19T19:05:23+08:00 ] ERR: (ThinkException) 无法加载模块:favicon
[ 2015-07-19T19:05:24+08:00 ] ERR: (ThinkException) 无法加载模块:favicon
[ 2015-07-19T19:05:29+08:00 ] ERR: (ThinkException) 无法加载模块:favicon
[ 2015-07-19T19:05:30+08:00 ] ERR: (ThinkException) 无法加载模块:favicon
[ 2015-07-19T19:05:30+08:00 ] ERR: (ThinkException) 无法加载模块:favicon
[ 2015-07-19T19:05:30+08:00 ] ERR: (ThinkException) 无法加载模块:favicon
[ 2015-07-19T19:05:31+08:00 ] ERR: (ThinkException) 无法加载模块:favicon
[ 2015-07-19T19:05:31+08:00 ] ERR: (ThinkException) 无法加载模块:favicon
[ 2015-07-19T19:05:31+08:00 ] ERR: (ThinkException) 无法加载模块:favicon
[ 2015-07-19T20:58:57+08:00 ] ERR: (ThinkException) 无法加载模块:favicon
[ 2015-07-19T20:58:59+08:00 ] ERR: (ThinkException) 无法加载模块:favicon
[ 2015-07-19T20:59:04+08:00 ] ERR: (ThinkException) 无法加载模块:favicon
[ 2015-07-19T20:59:07+08:00 ] ERR: (ThinkException) 无法加载模块:favicon
[ 2015-07-19T20:59:18+08:00 ] ERR: (ThinkException) 无法加载模块:favicon
[ 2015-07-19T20:59:19+08:00 ] ERR: (ThinkException) 无法加载模块:favicon
[ 2015-07-19T21:28:24+08:00 ] ERR: (ThinkException) 无法加载模块:classification
[ 2015-07-19T21:31:26+08:00 ] ERR: (ThinkException) 无法加载模块:lassification
[ 2015-07-19T21:31:35+08:00 ] ERR: (ThinkException) 无法加载模块:classification
