[ 2015-09-05T00:49:00+08:00 ] 0.0.0.0 /xxxknight/admin.php/Album/uploadImg
INFO: [ app_begin ] --START--
INFO: Run ReadHtmlCache Behavior [ RunTime:0.000489s ]
INFO: [ app_begin ] --END-- [ RunTime:0.000557s ]

[ 2015-09-05T01:27:39+08:00 ] ERR: (ThinkException) 非法操作:uploadify
[ 2015-09-05T01:27:39+08:00 ] ERR: (ThinkException) 非法操作:uploadify
[ 2015-09-05T01:27:39+08:00 ] ERR: (ThinkException) 非法操作:uploadify
[ 2015-09-05T01:28:53+08:00 ] ERR: (ThinkException) 非法操作:uploadify
[ 2015-09-05T01:28:53+08:00 ] ERR: (ThinkException) 非法操作:uploadify
[ 2015-09-05T01:28:53+08:00 ] ERR: (ThinkException) 非法操作:uploadify
[ 2015-09-05T01:29:06+08:00 ] ERR: (ThinkException) 非法操作:uploadify
[ 2015-09-05T01:29:06+08:00 ] ERR: (ThinkException) 非法操作:uploadify
[ 2015-09-05T01:29:06+08:00 ] ERR: (ThinkException) 非法操作:uploadify
[ 2015-09-05T01:30:00+08:00 ] ERR: (ThinkException) 模板不存在[./Admin/Tpl/Album/index.html]
[ 2015-09-05T01:30:20+08:00 ] ERR: (ThinkException) 模板不存在[./Admin/Tpl/Album/index.html]
[ 2015-09-05T01:30:52+08:00 ] ERR: (ThinkException) 模板不存在[./Admin/Tpl/Album/index.html]
[ 2015-09-05T01:30:54+08:00 ] ERR: (ThinkException) 模板不存在[./Admin/Tpl/Album/index.html]
[ 2015-09-05T01:30:55+08:00 ] ERR: (ThinkException) 模板不存在[./Admin/Tpl/Album/index.html]
[ 2015-09-05T01:31:58+08:00 ] ERR: (ThinkException) 模板不存在[./Admin/Tpl/Album/index.html]
[ 2015-09-05T01:32:18+08:00 ] ERR: (ThinkException) 模板不存在[./Admin/Tpl/Album/index.html]
[ 2015-09-05T01:32:49+08:00 ] ERR: (ThinkException) 模板不存在[./Admin/Tpl/Album/index.html]
[ 2015-09-05T01:33:01+08:00 ] ERR: (ThinkException) 模板不存在[./Admin/Tpl/Album/index.html]
[ 2015-09-05T01:34:22+08:00 ] ERR: (ThinkException) 模板不存在[./Admin/Tpl/Album/index.html]
[ 2015-09-05T01:34:53+08:00 ] ERR: (ThinkException) 模板不存在[./Admin/Tpl/Album/index.html]
[ 2015-09-05T01:35:24+08:00 ] ERR: (ThinkException) 模板不存在[./Admin/Tpl/Album/index.html]
[ 2015-09-05T01:35:43+08:00 ] ERR: (ThinkException) 模板不存在[./Admin/Tpl/Album/index.html]
[ 2015-09-05T01:37:04+08:00 ] ERR: (ThinkException) 模板不存在[./Admin/Tpl/Album/index.html]
[ 2015-09-05T01:37:06+08:00 ] ERR: (ThinkException) 模板不存在[./Admin/Tpl/Album/index.html]
[ 2015-09-05T01:38:05+08:00 ] ERR: (ThinkException) 模板不存在[./Admin/Tpl/Album/index.html]
[ 2015-09-05T01:38:12+08:00 ] ERR: (ThinkException) 模板不存在[./Admin/Tpl/Album/index.html]
[ 2015-09-05T09:27:35+08:00 ] ERR: (ThinkException) 模板不存在[./Admin/Tpl/Album/index.html]
[ 2015-09-05T09:30:07+08:00 ] ERR: (ThinkException) 模板不存在[./Admin/Tpl/Album/index.html]
[ 2015-09-05T09:30:15+08:00 ] ERR: (ThinkException) 非法操作:uploadify
[ 2015-09-05T09:31:56+08:00 ] ERR: (ThinkException) 模板不存在[./Admin/Tpl/Album/index.html]
[ 2015-09-05T09:31:58+08:00 ] ERR: (ThinkException) 模板不存在[./Admin/Tpl/Album/index.html]
[ 2015-09-05T09:53:01+08:00 ] ERR: (ThinkException) 模板不存在[./Admin/Tpl/Album/index.html]
[ 2015-09-05T09:55:31+08:00 ] ERR: (ThinkException) 模板不存在[./Admin/Tpl/Album/index.html]
[ 2015-09-05T09:55:48+08:00 ] ERR: (ThinkException) 模板不存在[./Admin/Tpl/Album/index.html]
[ 2015-09-05T10:11:05+08:00 ] ERR: (ThinkException) 模板不存在[./Admin/Tpl/Album/index.html]
[ 2015-09-05T10:11:29+08:00 ] ERR: (ThinkException) 模板不存在[./Admin/Tpl/Album/index.html]
[ 2015-09-05T10:11:55+08:00 ] ERR: (ThinkException) 模板不存在[./Admin/Tpl/Album/index.html]
[ 2015-09-05T10:12:52+08:00 ] ERR: (ThinkException) 模板不存在[./Admin/Tpl/Album/index.html]
[ 2015-09-05T10:13:39+08:00 ] ERR: (ThinkException) 模板不存在[./Admin/Tpl/Album/index.html]
[ 2015-09-05T10:15:15+08:00 ] ERR: (ThinkException) 模板不存在[./Admin/Tpl/Album/index.html]
[ 2015-09-05T10:16:06+08:00 ] ERR: (ThinkException) 模板不存在[./Admin/Tpl/Album/index.html]
[ 2015-09-05T10:17:29+08:00 ] ERR: (ThinkException) 模板不存在[./Admin/Tpl/Album/index.html]
[ 2015-09-05T10:18:19+08:00 ] ERR: (ThinkException) 模板不存在[./Admin/Tpl/Album/index.html]
[ 2015-09-05T10:19:08+08:00 ] ERR: (ThinkException) 模板不存在[./Admin/Tpl/Album/index.html]
[ 2015-09-05T10:20:31+08:00 ] ERR: (ThinkException) 模板不存在[./Admin/Tpl/Album/index.html]
[ 2015-09-05T10:20:38+08:00 ] ERR: (ThinkException) 模板不存在[./Admin/Tpl/Album/index.html]
[ 2015-09-05T10:22:36+08:00 ] ERR: (ThinkException) 模板不存在[./Admin/Tpl/Album/index.html]
[ 2015-09-05T10:52:13+08:00 ] ERR: (ThinkException) 模板不存在[./Admin/Tpl/Album/index.html]
[ 2015-09-05T10:56:32+08:00 ] ERR: (ThinkException) 模板不存在[./Admin/Tpl/Album/index.html]
[ 2015-09-05T11:02:11+08:00 ] ERR: (ThinkException) 模板不存在[./Admin/Tpl/Album/index.html]
[ 2015-09-05T11:02:52+08:00 ] ERR: (ThinkException) 模板不存在[./Admin/Tpl/Album/index.html]
[ 2015-09-05T11:03:48+08:00 ] ERR: (ThinkException) 模板不存在[./Admin/Tpl/Album/index.html]
[ 2015-09-05T11:05:16+08:00 ] ERR: (ThinkException) 模板不存在[./Admin/Tpl/Album/index.html]
[ 2015-09-05T11:05:32+08:00 ] ERR: (ThinkException) 模板不存在[./Admin/Tpl/Album/index.html]
[ 2015-09-05T11:14:17+08:00 ] ERR: (ThinkException) 模板不存在[./Admin/Tpl/Album/index.html]
[ 2015-09-05T11:14:27+08:00 ] ERR: (ThinkException) 模板不存在[./Admin/Tpl/Album/index.html]
[ 2015-09-05T11:35:48+08:00 ] ERR: (ThinkException) 模板不存在[./Admin/Tpl/Album/index.html]
[ 2015-09-05T11:37:26+08:00 ] ERR: (ThinkException) 模板不存在[./Admin/Tpl/Album/index.html]
[ 2015-09-05T11:37:29+08:00 ] ERR: (ThinkException) 模板不存在[./Admin/Tpl/Album/index.html]
[ 2015-09-05T11:38:06+08:00 ] ERR: (ThinkException) 模板不存在[./Admin/Tpl/Album/index.html]
[ 2015-09-05T11:38:31+08:00 ] ERR: (ThinkException) 模板不存在[./Admin/Tpl/Album/index.html]
[ 2015-09-05T11:38:43+08:00 ] ERR: (ThinkException) 模板不存在[./Admin/Tpl/Album/index.html]
[ 2015-09-05T11:39:18+08:00 ] ERR: (ThinkException) 模板不存在[./Admin/Tpl/Album/index.html]
[ 2015-09-05T11:40:02+08:00 ] ERR: (ThinkException) 模板不存在[./Admin/Tpl/Album/index.html]
[ 2015-09-05T12:38:18+08:00 ] ERR: (ThinkException) 模板不存在[./Admin/Tpl/Album/index.html]
[ 2015-09-05T12:38:24+08:00 ] ERR: (ThinkException) 模板不存在[./Admin/Tpl/Album/index.html]
[ 2015-09-05T12:38:36+08:00 ] ERR: (ThinkException) 非法操作:charts
[ 2015-09-05T14:13:12+08:00 ] ERR: (ThinkException) 模板不存在[./Admin/Tpl/Album/index.html]
[ 2015-09-05T14:23:22+08:00 ] ERR: (ThinkException) 模板不存在[./Admin/Tpl/Album/index.html]
[ 2015-09-05T14:25:22+08:00 ] ERR: (ThinkException) 模板不存在[./Admin/Tpl/Album/index.html]
[ 2015-09-05T14:25:55+08:00 ] ERR: (ThinkException) 模板不存在[./Admin/Tpl/Album/index.html]
[ 2015-09-05T14:26:36+08:00 ] ERR: (ThinkException) 模板不存在[./Admin/Tpl/Album/index.html]
[ 2015-09-05T14:26:45+08:00 ] ERR: (ThinkException) 模板不存在[./Admin/Tpl/Album/index.html]
[ 2015-09-05T14:29:49+08:00 ] ERR: (ThinkException) 模板不存在[./Admin/Tpl/Album/index.html]
[ 2015-09-05T14:30:33+08:00 ] ERR: (ThinkException) 模板不存在[./Admin/Tpl/Album/index.html]
[ 2015-09-05T14:31:38+08:00 ] ERR: (ThinkException) 模板不存在[./Admin/Tpl/Album/index.html]
[ 2015-09-05T14:32:29+08:00 ] ERR: (ThinkException) 模板不存在[./Admin/Tpl/Album/index.html]
[ 2015-09-05T14:49:11+08:00 ] ERR: (ThinkException) 模板不存在[./Admin/Tpl/Album/index.html]
[ 2015-09-05T14:49:26+08:00 ] ERR: (ThinkException) 模板不存在[./Admin/Tpl/Album/index.html]
[ 2015-09-05T14:51:08+08:00 ] ERR: (ThinkException) 模板不存在[./Admin/Tpl/Album/index.html]
[ 2015-09-05T14:52:14+08:00 ] ERR: (ThinkException) 模板不存在[./Admin/Tpl/Album/index.html]
[ 2015-09-05T14:52:22+08:00 ] ERR: (ThinkException) 模板不存在[./Admin/Tpl/Album/index.html]
[ 2015-09-05T14:57:35+08:00 ] ERR: (ThinkException) 模板不存在[./Admin/Tpl/Album/index.html]
[ 2015-09-05T14:58:29+08:00 ] ERR: (ThinkException) 模板不存在[./Admin/Tpl/Album/index.html]
[ 2015-09-05T14:58:33+08:00 ] ERR: (ThinkException) 模板不存在[./Admin/Tpl/Album/index.html]
[ 2015-09-05T15:04:18+08:00 ] ERR: (ThinkException) 模板不存在[./Admin/Tpl/Album/index.html]
[ 2015-09-05T15:08:18+08:00 ] ERR: (ThinkException) 模板不存在[./Admin/Tpl/Album/index.html]
[ 2015-09-05T15:09:11+08:00 ] ERR: (ThinkException) 模板不存在[./Admin/Tpl/Album/index.html]
[ 2015-09-05T15:09:44+08:00 ] ERR: (ThinkException) 模板不存在[./Admin/Tpl/Album/index.html]
[ 2015-09-05T15:09:52+08:00 ] ERR: (ThinkException) 模板不存在[./Admin/Tpl/Album/index.html]
[ 2015-09-05T15:11:41+08:00 ] ERR: (ThinkException) 模板不存在[./Admin/Tpl/Album/index.html]
[ 2015-09-05T15:11:56+08:00 ] ERR: (ThinkException) 模板不存在[./Admin/Tpl/Album/index.html]
[ 2015-09-05T15:21:59+08:00 ] ERR: (ThinkException) 模板不存在[./Admin/Tpl/Album/index.html]
[ 2015-09-05T15:23:22+08:00 ] ERR: (ThinkException) 模板不存在[./Admin/Tpl/Album/index.html]
[ 2015-09-05T15:27:39+08:00 ] ERR: (ThinkException) 模板不存在[./Admin/Tpl/Album/index.html]
[ 2015-09-05T15:52:23+08:00 ] ERR: (ThinkException) 模板不存在[./Admin/Tpl/Album/index.html]
[ 2015-09-05T15:53:24+08:00 ] ERR: (ThinkException) 模板不存在[./Admin/Tpl/Album/index.html]
[ 2015-09-05T15:54:10+08:00 ] ERR: (ThinkException) 模板不存在[./Admin/Tpl/Album/index.html]
[ 2015-09-05T15:54:37+08:00 ] ERR: (ThinkException) 模板不存在[./Admin/Tpl/Album/index.html]
[ 2015-09-05T15:54:51+08:00 ] ERR: (ThinkException) 模板不存在[./Admin/Tpl/Album/index.html]
[ 2015-09-05T15:59:18+08:00 ] ERR: (ThinkException) 模板不存在[./Admin/Tpl/Album/index.html]
[ 2015-09-05T15:59:30+08:00 ] ERR: (ThinkException) 模板不存在[./Admin/Tpl/Album/index.html]
[ 2015-09-05T16:00:26+08:00 ] ERR: (ThinkException) 模板不存在[./Admin/Tpl/Album/index.html]
[ 2015-09-05T16:00:35+08:00 ] ERR: (ThinkException) 模板不存在[./Admin/Tpl/Album/index.html]
[ 2015-09-05T16:00:43+08:00 ] ERR: (ThinkException) 模板不存在[./Admin/Tpl/Album/index.html]
[ 2015-09-05T16:01:03+08:00 ] ERR: (ThinkException) 模板不存在[./Admin/Tpl/Album/index.html]
[ 2015-09-05T16:01:35+08:00 ] ERR: (ThinkException) 模板不存在[./Admin/Tpl/Album/index.html]
[ 2015-09-05T16:02:00+08:00 ] ERR: (ThinkException) 模板不存在[./Admin/Tpl/Album/index.html]
[ 2015-09-05T16:05:22+08:00 ] ERR: (ThinkException) 模板不存在[./Admin/Tpl/Album/index.html]
[ 2015-09-05T16:06:39+08:00 ] ERR: (ThinkException) 模板不存在[./Admin/Tpl/Album/index.html]
[ 2015-09-05T16:08:35+08:00 ] ERR: (ThinkException) 模板不存在[./Admin/Tpl/Album/index.html]
[ 2015-09-05T16:08:38+08:00 ] ERR: (ThinkException) 模板不存在[./Admin/Tpl/Album/index.html]
[ 2015-09-05T16:13:49+08:00 ] ERR: (ThinkException) 模板不存在[./Admin/Tpl/Album/index.html]
[ 2015-09-05T16:15:32+08:00 ] ERR: (ThinkException) 模板不存在[./Admin/Tpl/Album/index.html]
[ 2015-09-05T16:16:02+08:00 ] ERR: (ThinkException) 模板不存在[./Admin/Tpl/Album/index.html]
[ 2015-09-05T16:24:59+08:00 ] ERR: (ThinkException) 模板不存在[./Admin/Tpl/Album/index.html]
[ 2015-09-05T16:25:09+08:00 ] ERR: (ThinkException) 模板不存在[./Admin/Tpl/Album/index.html]
[ 2015-09-05T16:31:04+08:00 ] ERR: (ThinkException) 模板不存在[./Admin/Tpl/Album/index.html]
[ 2015-09-05T16:34:21+08:00 ] ERR: (ThinkException) 模板不存在[./Admin/Tpl/Album/index.html]
[ 2015-09-05T16:35:17+08:00 ] ERR: (ThinkException) 模板不存在[./Admin/Tpl/Album/index.html]
[ 2015-09-05T16:41:13+08:00 ] ERR: (ThinkException) 模板不存在[./Admin/Tpl/Album/index.html]
[ 2015-09-05T16:41:18+08:00 ] ERR: (ThinkException) 模板不存在[./Admin/Tpl/Album/index.html]
[ 2015-09-05T16:41:22+08:00 ] ERR: (ThinkException) 模板不存在[./Admin/Tpl/Album/index.html]
[ 2015-09-05T16:41:38+08:00 ] ERR: (ThinkException) 模板不存在[./Admin/Tpl/Album/index.html]
[ 2015-09-05T16:41:42+08:00 ] ERR: (ThinkException) 模板不存在[./Admin/Tpl/Album/index.html]
[ 2015-09-05T16:41:44+08:00 ] ERR: (ThinkException) 模板不存在[./Admin/Tpl/Album/index.html]
[ 2015-09-05T16:41:48+08:00 ] ERR: (ThinkException) 模板不存在[./Admin/Tpl/Album/index.html]
[ 2015-09-05T17:02:02+08:00 ] ERR: (ThinkException) 模板不存在[./Admin/Tpl/Album/index.html]
[ 2015-09-05T17:10:20+08:00 ] ERR: (ThinkException) 模板不存在[./Admin/Tpl/Album/index.html]
[ 2015-09-05T17:20:50+08:00 ] ERR: (ThinkException) Operation timed out
[ 2015-09-05T17:22:02+08:00 ] ERR: (ThinkException) 模板不存在[./Admin/Tpl/Album/index.html]
[ 2015-09-05T17:22:32+08:00 ] ERR: (ThinkException) 模板不存在[./Admin/Tpl/Album/index.html]
[ 2015-09-05T17:22:49+08:00 ] ERR: (ThinkException) 模板不存在[./Admin/Tpl/Album/index.html]
[ 2015-09-05T17:23:21+08:00 ] ERR: (ThinkException) 模板不存在[./Admin/Tpl/Album/index.html]
[ 2015-09-05T17:24:55+08:00 ] ERR: (ThinkException) 模板不存在[./Admin/Tpl/Album/index.html]
[ 2015-09-05T17:26:20+08:00 ] ERR: (ThinkException) 模板不存在[./Admin/Tpl/Album/index.html]
[ 2015-09-05T17:26:27+08:00 ] ERR: (ThinkException) 模板不存在[./Admin/Tpl/Album/index.html]
[ 2015-09-05T17:35:46+08:00 ] ERR: (ThinkException) 模板不存在[./Admin/Tpl/Album/index.html]
[ 2015-09-05T17:36:45+08:00 ] ERR: (ThinkException) 模板不存在[./Admin/Tpl/Album/index.html]
[ 2015-09-05T17:51:02+08:00 ] ERR: (ThinkException) 模板不存在[./Admin/Tpl/Album/index.html]
[ 2015-09-05T18:43:57+08:00 ] ERR: (ThinkException) 模板不存在[./Admin/Tpl/Album/index.html]
[ 2015-09-05T18:43:59+08:00 ] ERR: (ThinkException) 模板不存在[./Admin/Tpl/Album/index.html]
[ 2015-09-05T18:44:11+08:00 ] ERR: (ThinkException) 模板不存在[./Admin/Tpl/Album/index.html]
[ 2015-09-05T18:44:14+08:00 ] ERR: (ThinkException) 模板不存在[./Admin/Tpl/Album/index.html]
[ 2015-09-05T18:45:06+08:00 ] ERR: (ThinkException) 模板不存在[./Admin/Tpl/Album/index.html]
[ 2015-09-05T18:48:37+08:00 ] ERR: (ThinkException) 模板不存在[./Admin/Tpl/Album/index.html]
[ 2015-09-05T18:48:40+08:00 ] ERR: (ThinkException) 模板不存在[./Admin/Tpl/Album/index.html]
[ 2015-09-05T18:48:52+08:00 ] ERR: (ThinkException) 模板不存在[./Admin/Tpl/Album/index.html]
[ 2015-09-05T18:48:58+08:00 ] ERR: (ThinkException) 模板不存在[./Admin/Tpl/Album/index.html]
[ 2015-09-05T18:49:22+08:00 ] ERR: (ThinkException) 模板不存在[./Admin/Tpl/Album/index.html]
[ 2015-09-05T18:52:35+08:00 ] ERR: (ThinkException) 模板不存在[./Admin/Tpl/Album/index.html]
[ 2015-09-05T18:52:44+08:00 ] ERR: (ThinkException) 模板不存在[./Admin/Tpl/Album/index.html]
[ 2015-09-05T18:52:57+08:00 ] ERR: (ThinkException) 模板不存在[./Admin/Tpl/Album/index.html]
[ 2015-09-05T18:53:03+08:00 ] ERR: (ThinkException) 模板不存在[./Admin/Tpl/Album/index.html]
[ 2015-09-05T18:53:05+08:00 ] ERR: (ThinkException) 模板不存在[./Admin/Tpl/Album/index.html]
[ 2015-09-05T18:53:10+08:00 ] ERR: (ThinkException) 模板不存在[./Admin/Tpl/Album/index.html]
[ 2015-09-05T18:56:37+08:00 ] ERR: (ThinkException) 模板不存在[./Admin/Tpl/Album/index.html]
[ 2015-09-05T18:58:36+08:00 ] ERR: (ThinkException) 模板不存在[./Admin/Tpl/Album/index.html]
[ 2015-09-05T19:01:23+08:00 ] ERR: (ThinkException) 模板不存在[./Admin/Tpl/Album/index.html]
[ 2015-09-05T19:02:21+08:00 ] ERR: (ThinkException) 模板不存在[./Admin/Tpl/Album/index.html]
[ 2015-09-05T19:03:06+08:00 ] ERR: (ThinkException) 模板不存在[./Admin/Tpl/Album/index.html]
[ 2015-09-05T19:06:23+08:00 ] ERR: (ThinkException) 参数错误或者未定义:typeid
[ 2015-09-05T19:07:04+08:00 ] ERR: (ThinkException) 参数错误或者未定义:typeid
[ 2015-09-05T19:07:21+08:00 ] ERR: (ThinkException) 模板不存在[./Admin/Tpl/Album/index.html]
[ 2015-09-05T19:07:41+08:00 ] ERR: (ThinkException) 模板不存在[./Admin/Tpl/Album/index.html]
[ 2015-09-05T19:08:56+08:00 ] ERR: (ThinkException) 模板不存在[./Admin/Tpl/Album/index.html]
[ 2015-09-05T19:09:45+08:00 ] ERR: (ThinkException) 模板不存在[./Admin/Tpl/Album/index.html]
[ 2015-09-05T19:11:01+08:00 ] 0.0.0.0 /xxxknight/admin.php/Album/deleteAlbum?id=3
INFO: [ app_begin ] --START--
INFO: Run ReadHtmlCache Behavior [ RunTime:0.000455s ]
INFO: [ app_begin ] --END-- [ RunTime:0.000515s ]
NOTIC: [8192] mysql_connect(): The mysql extension is deprecated and will be removed in the future: use mysqli or PDO instead /Applications/XAMPP/xamppfiles/htdocs/xxxknight/ThinkPHP/Lib/Driver/Db/DbMysql.class.php 第 55 行.
SQL: SHOW COLUMNS FROM `xk_album` [ RunTime:0.012547s ]
SQL: DELETE FROM `xk_album` WHERE ( `typeid` = 3 ) [ RunTime:0.056547s ]
SQL: SHOW COLUMNS FROM `xk_albumtype` [ RunTime:0.015286s ]
SQL: DELETE FROM `xk_albumtype` WHERE ( `id` = 3 ) [ RunTime:0.045292s ]

[ 2015-09-05T19:11:42+08:00 ] ERR: (ThinkException) 模板不存在[./Admin/Tpl/Album/index.html]
[ 2015-09-05T19:12:04+08:00 ] ERR: (ThinkException) 模板不存在[./Admin/Tpl/Album/index.html]
[ 2015-09-05T19:13:17+08:00 ] ERR: (ThinkException) 模板不存在[./Admin/Tpl/Album/index.html]
[ 2015-09-05T19:14:51+08:00 ] ERR: (ThinkException) 模板不存在[./Admin/Tpl/Album/index.html]
[ 2015-09-05T19:15:08+08:00 ] ERR: (ThinkException) 模板不存在[./Admin/Tpl/Album/index.html]
[ 2015-09-05T19:15:10+08:00 ] ERR: (ThinkException) 模板不存在[./Admin/Tpl/Album/index.html]
[ 2015-09-05T19:15:12+08:00 ] ERR: (ThinkException) 模板不存在[./Admin/Tpl/Album/index.html]
[ 2015-09-05T19:15:14+08:00 ] ERR: (ThinkException) 模板不存在[./Admin/Tpl/Album/index.html]
[ 2015-09-05T19:15:26+08:00 ] ERR: (ThinkException) 模板不存在[./Admin/Tpl/Album/index.html]
[ 2015-09-05T19:15:34+08:00 ] ERR: (ThinkException) 模板不存在[./Admin/Tpl/Album/index.html]
[ 2015-09-05T19:15:36+08:00 ] ERR: (ThinkException) 模板不存在[./Admin/Tpl/Album/index.html]
[ 2015-09-05T19:15:42+08:00 ] ERR: (ThinkException) 模板不存在[./Admin/Tpl/Album/index.html]
[ 2015-09-05T19:16:04+08:00 ] ERR: (ThinkException) 模板不存在[./Admin/Tpl/Album/index.html]
[ 2015-09-05T19:17:26+08:00 ] ERR: (ThinkException) 模板不存在[./Admin/Tpl/Album/index.html]
[ 2015-09-05T19:18:18+08:00 ] ERR: (ThinkException) 模板不存在[./Admin/Tpl/Album/index.html]
[ 2015-09-05T19:21:07+08:00 ] ERR: (ThinkException) 模板不存在[./Admin/Tpl/Album/index.html]
[ 2015-09-05T19:24:28+08:00 ] ERR: (ThinkException) 非法操作:plans
[ 2015-09-05T19:24:31+08:00 ] ERR: (ThinkException) 非法操作:charts
[ 2015-09-05T19:28:11+08:00 ] ERR: (ThinkException) 模板不存在[./Admin/Tpl/Album/index.html]
[ 2015-09-05T19:31:26+08:00 ] ERR: (ThinkException) 模板不存在[./Admin/Tpl/Album/index.html]
[ 2015-09-05T19:36:11+08:00 ] ERR: (ThinkException) 模板不存在[./Admin/Tpl/Album/index.html]
[ 2015-09-05T19:36:29+08:00 ] ERR: (ThinkException) 模板不存在[./Admin/Tpl/Album/index.html]
[ 2015-09-05T19:42:26+08:00 ] ERR: (ThinkException) 模板不存在[./Admin/Tpl/Album/index.html]
[ 2015-09-05T19:42:32+08:00 ] ERR: (ThinkException) 模板不存在[./Admin/Tpl/Album/index.html]
[ 2015-09-05T20:09:15+08:00 ] 0.0.0.0 /xxxknight/admin.php/Album/deletePicture
INFO: [ app_begin ] --START--
INFO: Run ReadHtmlCache Behavior [ RunTime:0.000530s ]
INFO: [ app_begin ] --END-- [ RunTime:0.000842s ]
NOTIC: [8192] mysql_connect(): The mysql extension is deprecated and will be removed in the future: use mysqli or PDO instead /Applications/XAMPP/xamppfiles/htdocs/xxxknight/ThinkPHP/Lib/Driver/Db/DbMysql.class.php 第 55 行.
SQL: SHOW COLUMNS FROM `xk_album` [ RunTime:0.006135s ]
SQL: DELETE FROM `xk_album` WHERE ( `id` = 106 ) [ RunTime:0.049328s ]
SQL: SHOW COLUMNS FROM `xk_albumtype` [ RunTime:0.006692s ]
SQL: UPDATE `xk_albumtype` SET `imgnum`=imgnum-1 WHERE ( `id` = 2 ) [ RunTime:0.067821s ]

[ 2015-09-05T20:18:53+08:00 ] ERR: (ThinkException) 模板不存在[./Admin/Tpl/Album/index.html]
[ 2015-09-05T20:40:01+08:00 ] ERR: (ThinkException) 无法加载模块:type
[ 2015-09-05T20:40:50+08:00 ] ERR: (ThinkException) 非法操作:editAlbum&type=4
[ 2015-09-05T20:41:07+08:00 ] ERR: (ThinkException) 非法操作:editAlbum&type=4
[ 2015-09-05T20:41:34+08:00 ] 0.0.0.0 /xxxknight/admin.php/Album/deletePicture
INFO: [ app_begin ] --START--
INFO: Run ReadHtmlCache Behavior [ RunTime:0.000450s ]
INFO: [ app_begin ] --END-- [ RunTime:0.000505s ]
NOTIC: [8192] mysql_connect(): The mysql extension is deprecated and will be removed in the future: use mysqli or PDO instead /Applications/XAMPP/xamppfiles/htdocs/xxxknight/ThinkPHP/Lib/Driver/Db/DbMysql.class.php 第 55 行.
SQL: SHOW COLUMNS FROM `xk_album` [ RunTime:0.005974s ]
SQL: DELETE FROM `xk_album` WHERE ( `id` = 61 ) [ RunTime:0.043616s ]
SQL: SHOW COLUMNS FROM `xk_albumtype` [ RunTime:0.006464s ]
SQL: UPDATE `xk_albumtype` SET `imgnum`=imgnum-1 WHERE ( `id` = 4 ) [ RunTime:0.066103s ]

[ 2015-09-05T20:41:51+08:00 ] ERR: (ThinkException) 模板不存在[./Admin/Tpl/Album/index.html]
[ 2015-09-05T20:47:07+08:00 ] ERR: (ThinkException) 无法加载模块:xxxknight
[ 2015-09-05T20:48:02+08:00 ] ERR: (ThinkException) 无法加载模块:xxxknight
[ 2015-09-05T20:48:08+08:00 ] ERR: (ThinkException) 无法加载模块:xxxknight
[ 2015-09-05T20:48:14+08:00 ] ERR: (ThinkException) 无法加载模块:xxxknight
[ 2015-09-05T21:14:02+08:00 ] ERR: (ThinkException) 模板不存在[./Admin/Tpl/Album/index.html]
[ 2015-09-05T21:14:06+08:00 ] ERR: (ThinkException) 模板不存在[./Admin/Tpl/Album/index.html]
[ 2015-09-05T21:14:08+08:00 ] ERR: (ThinkException) 模板不存在[./Admin/Tpl/Album/index.html]
[ 2015-09-05T21:14:11+08:00 ] ERR: (ThinkException) 模板不存在[./Admin/Tpl/Album/index.html]
[ 2015-09-05T21:14:14+08:00 ] ERR: (ThinkException) 模板不存在[./Admin/Tpl/Album/index.html]
[ 2015-09-05T21:14:17+08:00 ] ERR: (ThinkException) 模板不存在[./Admin/Tpl/Album/index.html]
[ 2015-09-05T21:14:21+08:00 ] ERR: (ThinkException) 模板不存在[./Admin/Tpl/Album/index.html]
[ 2015-09-05T21:16:05+08:00 ] ERR: (ThinkException) 模板不存在[./Admin/Tpl/Album/index.html]
[ 2015-09-05T21:16:09+08:00 ] ERR: (ThinkException) 模板不存在[./Admin/Tpl/Album/index.html]
[ 2015-09-05T21:16:12+08:00 ] ERR: (ThinkException) 模板不存在[./Admin/Tpl/Album/index.html]
[ 2015-09-05T21:16:15+08:00 ] ERR: (ThinkException) 模板不存在[./Admin/Tpl/Album/index.html]
[ 2015-09-05T21:16:21+08:00 ] ERR: (ThinkException) 模板不存在[./Admin/Tpl/Album/index.html]
[ 2015-09-05T21:16:25+08:00 ] ERR: (ThinkException) 模板不存在[./Admin/Tpl/Album/index.html]
[ 2015-09-05T21:16:29+08:00 ] ERR: (ThinkException) 模板不存在[./Admin/Tpl/Album/index.html]
[ 2015-09-05T21:23:16+08:00 ] ERR: (ThinkException) 模板不存在[./Admin/Tpl/Album/index.html]
[ 2015-09-05T21:23:26+08:00 ] ERR: (ThinkException) 模板不存在[./Admin/Tpl/Album/index.html]
[ 2015-09-05T21:23:29+08:00 ] ERR: (ThinkException) 模板不存在[./Admin/Tpl/Album/index.html]
[ 2015-09-05T21:23:30+08:00 ] ERR: (ThinkException) 模板不存在[./Admin/Tpl/Album/index.html]
[ 2015-09-05T21:25:18+08:00 ] ERR: (ThinkException) 非法操作:charts
[ 2015-09-05T22:25:45+08:00 ] ERR: (ThinkException) 非法操作:charts
[ 2015-09-05T22:26:27+08:00 ] ERR: (ThinkException) 模板不存在[./Admin/Tpl/Album/index.html]
[ 2015-09-05T22:26:33+08:00 ] ERR: (ThinkException) 模板不存在[./Admin/Tpl/Album/index.html]
[ 2015-09-05T22:30:20+08:00 ] ERR: (ThinkException) 模板不存在[./Admin/Tpl/Album/index.html]
[ 2015-09-05T23:16:06+08:00 ] ERR: (ThinkException) 模板不存在[./Admin/Tpl/Album/index.html]
[ 2015-09-05T23:46:29+08:00 ] ERR: (ThinkException) 模板不存在[./Admin/Tpl/Album/index.html]
[ 2015-09-05T23:46:42+08:00 ] ERR: (ThinkException) 非法操作:_upload
[ 2015-09-05T23:47:01+08:00 ] ERR: (ThinkException) 模板不存在[./Admin/Tpl/Album/index.html]
[ 2015-09-05T23:47:21+08:00 ] ERR: (ThinkException) 非法操作:_upload
[ 2015-09-05T23:47:46+08:00 ] ERR: (ThinkException) 模板不存在[./Admin/Tpl/Album/index.html]
[ 2015-09-05T23:48:41+08:00 ] ERR: (ThinkException) 模板不存在[./Admin/Tpl/Album/index.html]
[ 2015-09-05T23:49:48+08:00 ] ERR: (ThinkException) 模板不存在[./Admin/Tpl/Album/index.html]
[ 2015-09-05T23:51:28+08:00 ] ERR: (ThinkException) 模板不存在[./Admin/Tpl/Album/index.html]
[ 2015-09-05T23:53:08+08:00 ] ERR: (ThinkException) 模板不存在[./Admin/Tpl/Album/index.html]
[ 2015-09-05T23:56:47+08:00 ] ERR: (ThinkException) 模板不存在[./Admin/Tpl/Album/index.html]
[ 2015-09-05T23:57:42+08:00 ] ERR: (ThinkException) 模板不存在[./Admin/Tpl/Album/index.html]
[ 2015-09-05T23:59:12+08:00 ] ERR: (ThinkException) 模板不存在[./Admin/Tpl/Album/index.html]
