[ 2015-08-11T10:12:21+08:00 ] ERR: (ThinkException) 无法加载模块:favicon
[ 2015-08-11T10:12:23+08:00 ] ERR: (ThinkException) 无法加载模块:favicon
[ 2015-08-11T10:12:43+08:00 ] ERR: (ThinkException) 无法加载模块:favicon
[ 2015-08-11T10:13:31+08:00 ] ERR: (ThinkException) 无法加载模块:favicon
[ 2015-08-11T10:13:33+08:00 ] ERR: (ThinkException) 无法加载模块:favicon
[ 2015-08-11T10:13:50+08:00 ] ERR: (ThinkException) 无法加载模块:favicon
[ 2015-08-11T10:14:06+08:00 ] ERR: (ThinkException) 无法加载模块:favicon
[ 2015-08-11T10:15:32+08:00 ] ERR: (ThinkException) 无法加载模块:favicon
[ 2015-08-11T10:15:49+08:00 ] ERR: (ThinkException) 无法加载模块:favicon
[ 2015-08-11T10:16:02+08:00 ] ERR: (ThinkException) 无法加载模块:favicon
[ 2015-08-11T10:16:48+08:00 ] ERR: (ThinkException) 无法加载模块:favicon
[ 2015-08-11T10:17:12+08:00 ] ERR: (ThinkException) 无法加载模块:favicon
[ 2015-08-11T10:18:15+08:00 ] ERR: (ThinkException) 无法加载模块:favicon
[ 2015-08-11T10:18:34+08:00 ] ERR: (ThinkException) 非法操作:createAccount1
[ 2015-08-11T10:19:20+08:00 ] ERR: (ThinkException) 无法加载模块:favicon
[ 2015-08-11T10:19:22+08:00 ] ERR: (ThinkException) 无法加载模块:favicon
[ 2015-08-11T10:19:34+08:00 ] ERR: (ThinkException) 非法操作:createAccount1
[ 2015-08-11T10:32:46+08:00 ] ERR: (ThinkException) 无法加载模块:favicon
[ 2015-08-11T10:32:48+08:00 ] ERR: (ThinkException) 无法加载模块:favicon
[ 2015-08-11T10:33:06+08:00 ] ERR: (ThinkException) 非法操作:createAccount1
[ 2015-08-11T10:33:10+08:00 ] ERR: (ThinkException) 无法加载模块:favicon
[ 2015-08-11T10:33:29+08:00 ] ERR: (ThinkException) 非法操作:createAccount1
[ 2015-08-11T10:33:36+08:00 ] ERR: (ThinkException) 无法加载模块:favicon
[ 2015-08-11T10:42:52+08:00 ] ERR: (ThinkException) 非法操作:createAccount1
[ 2015-08-11T10:42:58+08:00 ] ERR: (ThinkException) 无法加载模块:favicon
[ 2015-08-11T10:42:59+08:00 ] ERR: (ThinkException) 无法加载模块:favicon
[ 2015-08-11T10:44:21+08:00 ] ERR: (ThinkException) 无法加载模块:favicon
[ 2015-08-11T11:02:11+08:00 ] ERR: (ThinkException) 无法加载模块:favicon
[ 2015-08-11T11:02:13+08:00 ] ERR: (ThinkException) 无法加载模块:favicon
[ 2015-08-11T11:02:14+08:00 ] ERR: (ThinkException) 无法加载模块:resources
[ 2015-08-11T11:02:14+08:00 ] ERR: (ThinkException) 无法加载模块:favicon
[ 2015-08-11T11:18:36+08:00 ] ERR: (ThinkException) 无法加载模块:favicon
[ 2015-08-11T11:20:34+08:00 ] ERR: (ThinkException) 无法加载模块:favicon
[ 2015-08-11T11:20:47+08:00 ] ERR: (ThinkException) 非法操作:images
[ 2015-08-11T11:20:47+08:00 ] ERR: (ThinkException) 无法加载模块:favicon
[ 2015-08-11T11:21:24+08:00 ] ERR: (ThinkException) 非法操作:images
[ 2015-08-11T11:21:25+08:00 ] ERR: (ThinkException) 无法加载模块:favicon
[ 2015-08-11T11:21:38+08:00 ] ERR: (ThinkException) 非法操作:images
[ 2015-08-11T11:21:39+08:00 ] ERR: (ThinkException) 无法加载模块:favicon
[ 2015-08-11T11:22:36+08:00 ] ERR: (ThinkException) 非法操作:images
[ 2015-08-11T11:22:37+08:00 ] ERR: (ThinkException) 无法加载模块:favicon
[ 2015-08-11T11:23:56+08:00 ] ERR: (ThinkException) 无法加载模块:favicon
[ 2015-08-11T15:45:34+08:00 ] ERR: (ThinkException) 无法加载模块:favicon
[ 2015-08-11T15:46:06+08:00 ] ERR: (ThinkException) 无法加载模块:favicon
[ 2015-08-11T15:46:10+08:00 ] ERR: (ThinkException) 无法加载模块:favicon
[ 2015-08-11T15:47:37+08:00 ] ERR: (ThinkException) 无法加载模块:favicon
[ 2015-08-11T15:47:42+08:00 ] ERR: (ThinkException) 无法加载模块:favicon
[ 2015-08-11T15:48:43+08:00 ] ERR: (ThinkException) 无法加载模块:favicon
[ 2015-08-11T15:48:57+08:00 ] ERR: (ThinkException) 无法加载模块:favicon
[ 2015-08-11T15:49:00+08:00 ] ERR: (ThinkException) 无法加载模块:favicon
[ 2015-08-11T15:49:20+08:00 ] ERR: (ThinkException) 无法加载模块:favicon
[ 2015-08-11T15:50:58+08:00 ] ERR: (ThinkException) 无法加载模块:favicon
[ 2015-08-11T15:51:24+08:00 ] ERR: (ThinkException) 无法加载模块:favicon
[ 2015-08-11T15:51:28+08:00 ] ERR: (ThinkException) 非法操作:__URL__
[ 2015-08-11T15:51:44+08:00 ] ERR: (ThinkException) 无法加载模块:favicon
[ 2015-08-11T15:51:49+08:00 ] ERR: (ThinkException) 非法操作:__URL__
[ 2015-08-11T15:54:04+08:00 ] ERR: (ThinkException) 无法加载模块:favicon
[ 2015-08-11T15:54:10+08:00 ] ERR: (ThinkException) 非法操作:__URL__
[ 2015-08-11T15:54:32+08:00 ] ERR: (ThinkException) 非法操作:__URL__
[ 2015-08-11T15:54:51+08:00 ] ERR: (ThinkException) 无法加载模块:favicon
[ 2015-08-11T15:54:59+08:00 ] ERR: (ThinkException) 非法操作:__URL__
[ 2015-08-11T15:57:34+08:00 ] ERR: (ThinkException) 无法加载模块:favicon
[ 2015-08-11T15:57:42+08:00 ] ERR: (ThinkException) 非法操作:__URL__
[ 2015-08-11T16:17:10+08:00 ] ERR: (ThinkException) 无法加载模块:favicon
[ 2015-08-11T16:59:57+08:00 ] ERR: (ThinkException) 无法加载模块:favicon
[ 2015-08-11T17:03:41+08:00 ] ERR: (ThinkException) 无法加载模块:favicon
[ 2015-08-11T17:03:46+08:00 ] ERR: (ThinkException) 无法加载模块:favicon
[ 2015-08-11T17:04:02+08:00 ] 127.0.0.1 /xxxknight/index.php/Account/checkName?username=xxxknight
INFO: [ app_begin ] --START--
INFO: Run ReadHtmlCache Behavior [ RunTime:0.000663s ]
INFO: [ app_begin ] --END-- [ RunTime:0.000742s ]
SQL: SHOW COLUMNS FROM `xk_account` [ RunTime:0.003243s ]
SQL: SELECT COUNT(*) AS tp_count FROM `xk_account` WHERE ( `username` = 'xxxknight' ) LIMIT 1   [ RunTime:0.025476s ]

[ 2015-08-11T22:19:07+08:00 ] ERR: (ThinkException) 无法加载模块:favicon
[ 2015-08-11T22:19:09+08:00 ] ERR: (ThinkException) 无法加载模块:favicon
[ 2015-08-11T22:19:19+08:00 ] 127.0.0.1 /xxxknight/index.php/Account/checkName?username=xxxknight
INFO: [ app_begin ] --START--
INFO: Run ReadHtmlCache Behavior [ RunTime:0.001070s ]
INFO: [ app_begin ] --END-- [ RunTime:0.001210s ]
SQL: SHOW COLUMNS FROM `xk_account` [ RunTime:0.013900s ]
SQL: SELECT COUNT(*) AS tp_count FROM `xk_account` WHERE ( `username` = 'xxxknight' ) LIMIT 1   [ RunTime:0.000487s ]

[ 2015-08-11T22:23:17+08:00 ] ERR: (ThinkException) 无法加载模块:favicon
[ 2015-08-11T22:23:21+08:00 ] 127.0.0.1 /xxxknight/index.php/Account/checkName?username=xxxknight
INFO: [ app_begin ] --START--
INFO: Run ReadHtmlCache Behavior [ RunTime:0.000977s ]
INFO: [ app_begin ] --END-- [ RunTime:0.001080s ]
SQL: SHOW COLUMNS FROM `xk_account` [ RunTime:0.003853s ]
SQL: SELECT COUNT(*) AS tp_count FROM `xk_account` WHERE ( `username` = 'xxxknight' ) LIMIT 1   [ RunTime:0.000352s ]

[ 2015-08-11T22:23:28+08:00 ] 127.0.0.1 /xxxknight/index.php/Account/checkName?username=xxxknight
INFO: [ app_begin ] --START--
INFO: Run ReadHtmlCache Behavior [ RunTime:0.000715s ]
INFO: [ app_begin ] --END-- [ RunTime:0.000802s ]
SQL: SHOW COLUMNS FROM `xk_account` [ RunTime:0.003630s ]
SQL: SELECT COUNT(*) AS tp_count FROM `xk_account` WHERE ( `username` = 'xxxknight' ) LIMIT 1   [ RunTime:0.000316s ]

[ 2015-08-11T22:23:44+08:00 ] 127.0.0.1 /xxxknight/index.php/Account/checkName?username=xxxknight
INFO: [ app_begin ] --START--
INFO: Run ReadHtmlCache Behavior [ RunTime:0.001207s ]
INFO: [ app_begin ] --END-- [ RunTime:0.001356s ]
SQL: SHOW COLUMNS FROM `xk_account` [ RunTime:0.003169s ]
SQL: SELECT COUNT(*) AS tp_count FROM `xk_account` WHERE ( `username` = 'xxxknight' ) LIMIT 1   [ RunTime:0.000297s ]

[ 2015-08-11T22:23:48+08:00 ] 127.0.0.1 /xxxknight/index.php/Account/checkName?username=xxxknight
INFO: [ app_begin ] --START--
INFO: Run ReadHtmlCache Behavior [ RunTime:0.001260s ]
INFO: [ app_begin ] --END-- [ RunTime:0.001416s ]
SQL: SHOW COLUMNS FROM `xk_account` [ RunTime:0.003414s ]
SQL: SELECT COUNT(*) AS tp_count FROM `xk_account` WHERE ( `username` = 'xxxknight' ) LIMIT 1   [ RunTime:0.000310s ]

[ 2015-08-11T22:24:06+08:00 ] 127.0.0.1 /xxxknight/index.php/Account/checkName?username=xxxknight
INFO: [ app_begin ] --START--
INFO: Run ReadHtmlCache Behavior [ RunTime:0.000681s ]
INFO: [ app_begin ] --END-- [ RunTime:0.000772s ]
SQL: SHOW COLUMNS FROM `xk_account` [ RunTime:0.003452s ]
SQL: SELECT COUNT(*) AS tp_count FROM `xk_account` WHERE ( `username` = 'xxxknight' ) LIMIT 1   [ RunTime:0.000361s ]

[ 2015-08-11T22:24:30+08:00 ] ERR: (ThinkException) 无法加载模块:favicon
[ 2015-08-11T22:24:36+08:00 ] 127.0.0.1 /xxxknight/index.php/Account/checkName?username=xxxknight
INFO: [ app_begin ] --START--
INFO: Run ReadHtmlCache Behavior [ RunTime:0.000668s ]
INFO: [ app_begin ] --END-- [ RunTime:0.000749s ]
SQL: SHOW COLUMNS FROM `xk_account` [ RunTime:0.003876s ]
SQL: SELECT COUNT(*) AS tp_count FROM `xk_account` WHERE ( `username` = 'xxxknight' ) LIMIT 1   [ RunTime:0.000359s ]

[ 2015-08-11T22:25:19+08:00 ] 127.0.0.1 /xxxknight/index.php/Account/checkName?username=xxxknight
INFO: [ app_begin ] --START--
INFO: Run ReadHtmlCache Behavior [ RunTime:0.001228s ]
INFO: [ app_begin ] --END-- [ RunTime:0.001387s ]
SQL: SHOW COLUMNS FROM `xk_account` [ RunTime:0.003434s ]
SQL: SELECT COUNT(*) AS tp_count FROM `xk_account` WHERE ( `username` = 'xxxknight' ) LIMIT 1   [ RunTime:0.000349s ]

[ 2015-08-11T22:25:24+08:00 ] ERR: (ThinkException) 无法加载模块:favicon
[ 2015-08-11T22:25:29+08:00 ] 127.0.0.1 /xxxknight/index.php/Account/checkName?username=xxxknight
INFO: [ app_begin ] --START--
INFO: Run ReadHtmlCache Behavior [ RunTime:0.000802s ]
INFO: [ app_begin ] --END-- [ RunTime:0.000904s ]
SQL: SHOW COLUMNS FROM `xk_account` [ RunTime:0.003718s ]
SQL: SELECT COUNT(*) AS tp_count FROM `xk_account` WHERE ( `username` = 'xxxknight' ) LIMIT 1   [ RunTime:0.000301s ]

[ 2015-08-11T22:26:03+08:00 ] ERR: (ThinkException) 无法加载模块:favicon
[ 2015-08-11T22:26:04+08:00 ] ERR: (ThinkException) 无法加载模块:favicon
[ 2015-08-11T22:26:09+08:00 ] 127.0.0.1 /xxxknight/index.php/Account/checkName?username=xxxknight
INFO: [ app_begin ] --START--
INFO: Run ReadHtmlCache Behavior [ RunTime:0.001187s ]
INFO: [ app_begin ] --END-- [ RunTime:0.001336s ]
SQL: SHOW COLUMNS FROM `xk_account` [ RunTime:0.003156s ]
SQL: SELECT COUNT(*) AS tp_count FROM `xk_account` WHERE ( `username` = 'xxxknight' ) LIMIT 1   [ RunTime:0.000298s ]

[ 2015-08-11T22:28:30+08:00 ] ERR: (ThinkException) 无法加载模块:favicon
[ 2015-08-11T22:28:30+08:00 ] ERR: (ThinkException) 无法加载模块:favicon
[ 2015-08-11T22:28:34+08:00 ] 127.0.0.1 /xxxknight/index.php/Account/checkName?username=xxxknight
INFO: [ app_begin ] --START--
INFO: Run ReadHtmlCache Behavior [ RunTime:0.000696s ]
INFO: [ app_begin ] --END-- [ RunTime:0.000781s ]
SQL: SHOW COLUMNS FROM `xk_account` [ RunTime:0.003290s ]
SQL: SELECT COUNT(*) AS tp_count FROM `xk_account` WHERE ( `username` = 'xxxknight' ) LIMIT 1   [ RunTime:0.000314s ]

[ 2015-08-11T22:29:37+08:00 ] ERR: (ThinkException) 无法加载模块:favicon
[ 2015-08-11T22:29:41+08:00 ] 127.0.0.1 /xxxknight/index.php/Account/checkName?username=xxxknight
INFO: [ app_begin ] --START--
INFO: Run ReadHtmlCache Behavior [ RunTime:0.000693s ]
INFO: [ app_begin ] --END-- [ RunTime:0.000785s ]
SQL: SHOW COLUMNS FROM `xk_account` [ RunTime:0.003497s ]
SQL: SELECT COUNT(*) AS tp_count FROM `xk_account` WHERE ( `username` = 'xxxknight' ) LIMIT 1   [ RunTime:0.000371s ]

[ 2015-08-11T22:31:02+08:00 ] ERR: (ThinkException) 无法加载模块:favicon
[ 2015-08-11T22:31:12+08:00 ] 127.0.0.1 /xxxknight/index.php/Account/checkName?username=
INFO: [ app_begin ] --START--
INFO: Run ReadHtmlCache Behavior [ RunTime:0.000596s ]
INFO: [ app_begin ] --END-- [ RunTime:0.000678s ]
SQL: SHOW COLUMNS FROM `xk_account` [ RunTime:0.003533s ]
SQL: SELECT COUNT(*) AS tp_count FROM `xk_account` WHERE ( `username` = '' ) LIMIT 1   [ RunTime:0.000325s ]

[ 2015-08-11T22:31:16+08:00 ] ERR: (ThinkException) 无法加载模块:favicon
[ 2015-08-11T22:31:17+08:00 ] ERR: (ThinkException) 无法加载模块:favicon
[ 2015-08-11T22:31:19+08:00 ] 127.0.0.1 /xxxknight/index.php/Account/checkName?username=
INFO: [ app_begin ] --START--
INFO: Run ReadHtmlCache Behavior [ RunTime:0.000566s ]
INFO: [ app_begin ] --END-- [ RunTime:0.000645s ]
SQL: SHOW COLUMNS FROM `xk_account` [ RunTime:0.003185s ]
SQL: SELECT COUNT(*) AS tp_count FROM `xk_account` WHERE ( `username` = '' ) LIMIT 1   [ RunTime:0.000270s ]

[ 2015-08-11T22:36:57+08:00 ] 127.0.0.1 /xxxknight/index.php/Account/checkName?username=
INFO: [ app_begin ] --START--
INFO: Run ReadHtmlCache Behavior [ RunTime:0.000736s ]
INFO: [ app_begin ] --END-- [ RunTime:0.000822s ]
SQL: SHOW COLUMNS FROM `xk_account` [ RunTime:0.003712s ]
SQL: SELECT COUNT(*) AS tp_count FROM `xk_account` WHERE ( `username` = '' ) LIMIT 1   [ RunTime:0.000345s ]

[ 2015-08-11T22:38:04+08:00 ] 127.0.0.1 /xxxknight/index.php/Account/checkName?username=
INFO: [ app_begin ] --START--
INFO: Run ReadHtmlCache Behavior [ RunTime:0.000620s ]
INFO: [ app_begin ] --END-- [ RunTime:0.000704s ]
SQL: SHOW COLUMNS FROM `xk_account` [ RunTime:0.003565s ]
SQL: SELECT COUNT(*) AS tp_count FROM `xk_account` WHERE ( `username` = '' ) LIMIT 1   [ RunTime:0.000337s ]

[ 2015-08-11T22:38:10+08:00 ] ERR: (ThinkException) 无法加载模块:favicon
[ 2015-08-11T22:38:29+08:00 ] 127.0.0.1 /xxxknight/index.php/Account/checkName?username=
INFO: [ app_begin ] --START--
INFO: Run ReadHtmlCache Behavior [ RunTime:0.001058s ]
INFO: [ app_begin ] --END-- [ RunTime:0.001207s ]
SQL: SHOW COLUMNS FROM `xk_account` [ RunTime:0.003332s ]
SQL: SELECT COUNT(*) AS tp_count FROM `xk_account` WHERE ( `username` = '' ) LIMIT 1   [ RunTime:0.000310s ]

[ 2015-08-11T22:38:33+08:00 ] ERR: (ThinkException) 无法加载模块:favicon
[ 2015-08-11T22:40:22+08:00 ] 127.0.0.1 /xxxknight/index.php/Account/checkName?username=
INFO: [ app_begin ] --START--
INFO: Run ReadHtmlCache Behavior [ RunTime:0.000608s ]
INFO: [ app_begin ] --END-- [ RunTime:0.000691s ]
SQL: SHOW COLUMNS FROM `xk_account` [ RunTime:0.003688s ]
SQL: SELECT COUNT(*) AS tp_count FROM `xk_account` WHERE ( `username` = '' ) LIMIT 1   [ RunTime:0.000375s ]

[ 2015-08-11T22:40:25+08:00 ] ERR: (ThinkException) 无法加载模块:favicon
[ 2015-08-11T22:40:28+08:00 ] 127.0.0.1 /xxxknight/index.php/Account/checkName?username=
INFO: [ app_begin ] --START--
INFO: Run ReadHtmlCache Behavior [ RunTime:0.000624s ]
INFO: [ app_begin ] --END-- [ RunTime:0.000711s ]
SQL: SHOW COLUMNS FROM `xk_account` [ RunTime:0.003200s ]
SQL: SELECT COUNT(*) AS tp_count FROM `xk_account` WHERE ( `username` = '' ) LIMIT 1   [ RunTime:0.000313s ]

[ 2015-08-11T22:41:08+08:00 ] 127.0.0.1 /xxxknight/index.php/Account/checkName?username=xxxknight
INFO: [ app_begin ] --START--
INFO: Run ReadHtmlCache Behavior [ RunTime:0.000596s ]
INFO: [ app_begin ] --END-- [ RunTime:0.000679s ]
SQL: SHOW COLUMNS FROM `xk_account` [ RunTime:0.003433s ]
SQL: SELECT COUNT(*) AS tp_count FROM `xk_account` WHERE ( `username` = 'xxxknight' ) LIMIT 1   [ RunTime:0.000428s ]

[ 2015-08-11T22:41:41+08:00 ] ERR: (ThinkException) 无法加载模块:favicon
[ 2015-08-11T22:41:46+08:00 ] 127.0.0.1 /xxxknight/index.php/Account/checkName?username=xxxknight
INFO: [ app_begin ] --START--
INFO: Run ReadHtmlCache Behavior [ RunTime:0.001132s ]
INFO: [ app_begin ] --END-- [ RunTime:0.001279s ]
SQL: SHOW COLUMNS FROM `xk_account` [ RunTime:0.003295s ]
SQL: SELECT COUNT(*) AS tp_count FROM `xk_account` WHERE ( `username` = 'xxxknight' ) LIMIT 1   [ RunTime:0.000589s ]

[ 2015-08-11T22:41:58+08:00 ] 127.0.0.1 /xxxknight/index.php/Account/checkName?username=xxxknight
INFO: [ app_begin ] --START--
INFO: Run ReadHtmlCache Behavior [ RunTime:0.001177s ]
INFO: [ app_begin ] --END-- [ RunTime:0.001351s ]
SQL: SHOW COLUMNS FROM `xk_account` [ RunTime:0.003578s ]
SQL: SELECT COUNT(*) AS tp_count FROM `xk_account` WHERE ( `username` = 'xxxknight' ) LIMIT 1   [ RunTime:0.000324s ]

[ 2015-08-11T22:42:10+08:00 ] 127.0.0.1 /xxxknight/index.php/Account/checkName?username=xxxknight
INFO: [ app_begin ] --START--
INFO: Run ReadHtmlCache Behavior [ RunTime:0.000729s ]
INFO: [ app_begin ] --END-- [ RunTime:0.000817s ]
SQL: SHOW COLUMNS FROM `xk_account` [ RunTime:0.003462s ]
SQL: SELECT COUNT(*) AS tp_count FROM `xk_account` WHERE ( `username` = 'xxxknight' ) LIMIT 1   [ RunTime:0.000313s ]

[ 2015-08-11T22:43:11+08:00 ] 127.0.0.1 /xxxknight/index.php/Account/checkName?username=xxxknight
INFO: [ app_begin ] --START--
INFO: Run ReadHtmlCache Behavior [ RunTime:0.000618s ]
INFO: [ app_begin ] --END-- [ RunTime:0.000740s ]
SQL: SHOW COLUMNS FROM `xk_account` [ RunTime:0.003748s ]
SQL: SELECT COUNT(*) AS tp_count FROM `xk_account` WHERE ( `username` = 'xxxknight' ) LIMIT 1   [ RunTime:0.000294s ]

[ 2015-08-11T22:43:19+08:00 ] 127.0.0.1 /xxxknight/index.php/Account/checkName?username=xxxknight1
INFO: [ app_begin ] --START--
INFO: Run ReadHtmlCache Behavior [ RunTime:0.001104s ]
INFO: [ app_begin ] --END-- [ RunTime:0.001268s ]
SQL: SHOW COLUMNS FROM `xk_account` [ RunTime:0.003600s ]
SQL: SELECT COUNT(*) AS tp_count FROM `xk_account` WHERE ( `username` = 'xxxknight1' ) LIMIT 1   [ RunTime:0.000358s ]

[ 2015-08-11T22:43:25+08:00 ] ERR: (ThinkException) 无法加载模块:favicon
[ 2015-08-11T22:43:25+08:00 ] ERR: (ThinkException) 无法加载模块:favicon
[ 2015-08-11T22:43:28+08:00 ] 127.0.0.1 /xxxknight/index.php/Account/checkName?username=xxx
INFO: [ app_begin ] --START--
INFO: Run ReadHtmlCache Behavior [ RunTime:0.001047s ]
INFO: [ app_begin ] --END-- [ RunTime:0.001198s ]
SQL: SHOW COLUMNS FROM `xk_account` [ RunTime:0.003849s ]
SQL: SELECT COUNT(*) AS tp_count FROM `xk_account` WHERE ( `username` = 'xxx' ) LIMIT 1   [ RunTime:0.000304s ]

[ 2015-08-11T22:43:35+08:00 ] 127.0.0.1 /xxxknight/index.php/Account/checkName?username=xxxknight
INFO: [ app_begin ] --START--
INFO: Run ReadHtmlCache Behavior [ RunTime:0.000597s ]
INFO: [ app_begin ] --END-- [ RunTime:0.000681s ]
SQL: SHOW COLUMNS FROM `xk_account` [ RunTime:0.003586s ]
SQL: SELECT COUNT(*) AS tp_count FROM `xk_account` WHERE ( `username` = 'xxxknight' ) LIMIT 1   [ RunTime:0.000331s ]

[ 2015-08-11T22:43:38+08:00 ] 127.0.0.1 /xxxknight/index.php/Account/checkName?username=xxxknight1
INFO: [ app_begin ] --START--
INFO: Run ReadHtmlCache Behavior [ RunTime:0.001068s ]
INFO: [ app_begin ] --END-- [ RunTime:0.001246s ]
SQL: SHOW COLUMNS FROM `xk_account` [ RunTime:0.003379s ]
SQL: SELECT COUNT(*) AS tp_count FROM `xk_account` WHERE ( `username` = 'xxxknight1' ) LIMIT 1   [ RunTime:0.000350s ]

[ 2015-08-11T22:44:06+08:00 ] ERR: (ThinkException) 无法加载模块:favicon
[ 2015-08-11T22:44:09+08:00 ] 127.0.0.1 /xxxknight/index.php/Account/checkName?username=xx
INFO: [ app_begin ] --START--
INFO: Run ReadHtmlCache Behavior [ RunTime:0.000890s ]
INFO: [ app_begin ] --END-- [ RunTime:0.001009s ]
SQL: SHOW COLUMNS FROM `xk_account` [ RunTime:0.003625s ]
SQL: SELECT COUNT(*) AS tp_count FROM `xk_account` WHERE ( `username` = 'xx' ) LIMIT 1   [ RunTime:0.000362s ]

[ 2015-08-11T22:44:13+08:00 ] 127.0.0.1 /xxxknight/index.php/Account/checkName?username=xxxknight
INFO: [ app_begin ] --START--
INFO: Run ReadHtmlCache Behavior [ RunTime:0.001075s ]
INFO: [ app_begin ] --END-- [ RunTime:0.001222s ]
SQL: SHOW COLUMNS FROM `xk_account` [ RunTime:0.003425s ]
SQL: SELECT COUNT(*) AS tp_count FROM `xk_account` WHERE ( `username` = 'xxxknight' ) LIMIT 1   [ RunTime:0.000321s ]

[ 2015-08-11T22:44:15+08:00 ] 127.0.0.1 /xxxknight/index.php/Account/checkName?username=xxxknight1
INFO: [ app_begin ] --START--
INFO: Run ReadHtmlCache Behavior [ RunTime:0.000590s ]
INFO: [ app_begin ] --END-- [ RunTime:0.000678s ]
SQL: SHOW COLUMNS FROM `xk_account` [ RunTime:0.003382s ]
SQL: SELECT COUNT(*) AS tp_count FROM `xk_account` WHERE ( `username` = 'xxxknight1' ) LIMIT 1   [ RunTime:0.000315s ]

[ 2015-08-11T22:44:22+08:00 ] 127.0.0.1 /xxxknight/index.php/Account/checkName?username=xxxknight1
INFO: [ app_begin ] --START--
INFO: Run ReadHtmlCache Behavior [ RunTime:0.000589s ]
INFO: [ app_begin ] --END-- [ RunTime:0.000679s ]
SQL: SHOW COLUMNS FROM `xk_account` [ RunTime:0.003575s ]
SQL: SELECT COUNT(*) AS tp_count FROM `xk_account` WHERE ( `username` = 'xxxknight1' ) LIMIT 1   [ RunTime:0.000331s ]

[ 2015-08-11T22:44:29+08:00 ] 127.0.0.1 /xxxknight/index.php/Account/checkName?username=xxxknight1
INFO: [ app_begin ] --START--
INFO: Run ReadHtmlCache Behavior [ RunTime:0.000569s ]
INFO: [ app_begin ] --END-- [ RunTime:0.000651s ]
SQL: SHOW COLUMNS FROM `xk_account` [ RunTime:0.003546s ]
SQL: SELECT COUNT(*) AS tp_count FROM `xk_account` WHERE ( `username` = 'xxxknight1' ) LIMIT 1   [ RunTime:0.000324s ]

[ 2015-08-11T22:44:32+08:00 ] 127.0.0.1 /xxxknight/index.php/Account/checkName?username=xxxknight1
INFO: [ app_begin ] --START--
INFO: Run ReadHtmlCache Behavior [ RunTime:0.000597s ]
INFO: [ app_begin ] --END-- [ RunTime:0.000681s ]
SQL: SHOW COLUMNS FROM `xk_account` [ RunTime:0.003473s ]
SQL: SELECT COUNT(*) AS tp_count FROM `xk_account` WHERE ( `username` = 'xxxknight1' ) LIMIT 1   [ RunTime:0.000354s ]

[ 2015-08-11T22:44:35+08:00 ] 127.0.0.1 /xxxknight/index.php/Account/checkName?username=xxxknight1
INFO: [ app_begin ] --START--
INFO: Run ReadHtmlCache Behavior [ RunTime:0.001009s ]
INFO: [ app_begin ] --END-- [ RunTime:0.001154s ]
SQL: SHOW COLUMNS FROM `xk_account` [ RunTime:0.003393s ]
SQL: SELECT COUNT(*) AS tp_count FROM `xk_account` WHERE ( `username` = 'xxxknight1' ) LIMIT 1   [ RunTime:0.000321s ]

[ 2015-08-11T22:45:01+08:00 ] ERR: (ThinkException) 无法加载模块:favicon
[ 2015-08-11T22:45:03+08:00 ] 127.0.0.1 /xxxknight/index.php/Account/checkName?username=xingshiyang24
INFO: [ app_begin ] --START--
INFO: Run ReadHtmlCache Behavior [ RunTime:0.001107s ]
INFO: [ app_begin ] --END-- [ RunTime:0.001260s ]
SQL: SHOW COLUMNS FROM `xk_account` [ RunTime:0.003282s ]
SQL: SELECT COUNT(*) AS tp_count FROM `xk_account` WHERE ( `username` = 'xingshiyang24' ) LIMIT 1   [ RunTime:0.000335s ]

[ 2015-08-11T22:45:15+08:00 ] 127.0.0.1 /xxxknight/index.php/Account/checkName?username=xingshiyang24
INFO: [ app_begin ] --START--
INFO: Run ReadHtmlCache Behavior [ RunTime:0.000697s ]
INFO: [ app_begin ] --END-- [ RunTime:0.000800s ]
SQL: SHOW COLUMNS FROM `xk_account` [ RunTime:0.003531s ]
SQL: SELECT COUNT(*) AS tp_count FROM `xk_account` WHERE ( `username` = 'xingshiyang24' ) LIMIT 1   [ RunTime:0.000564s ]

[ 2015-08-11T22:45:16+08:00 ] 127.0.0.1 /xxxknight/index.php/Account/checkName?username=xingshiyang24
INFO: [ app_begin ] --START--
INFO: Run ReadHtmlCache Behavior [ RunTime:0.000823s ]
INFO: [ app_begin ] --END-- [ RunTime:0.000918s ]
SQL: SHOW COLUMNS FROM `xk_account` [ RunTime:0.003438s ]
SQL: SELECT COUNT(*) AS tp_count FROM `xk_account` WHERE ( `username` = 'xingshiyang24' ) LIMIT 1   [ RunTime:0.000354s ]

[ 2015-08-11T22:45:19+08:00 ] 127.0.0.1 /xxxknight/index.php/Account/checkName?username=xingshiyang24
INFO: [ app_begin ] --START--
INFO: Run ReadHtmlCache Behavior [ RunTime:0.001069s ]
INFO: [ app_begin ] --END-- [ RunTime:0.001222s ]
SQL: SHOW COLUMNS FROM `xk_account` [ RunTime:0.003863s ]
SQL: SELECT COUNT(*) AS tp_count FROM `xk_account` WHERE ( `username` = 'xingshiyang24' ) LIMIT 1   [ RunTime:0.000389s ]

