[ 2015-09-06T00:07:05+08:00 ] ERR: (ThinkException) 模板不存在[./Admin/Tpl/Album/index.html]
[ 2015-09-06T00:07:20+08:00 ] ERR: (ThinkException) 模板不存在[./Admin/Tpl/Album/index.html]
[ 2015-09-06T00:09:16+08:00 ] ERR: (ThinkException) 模板不存在[./Admin/Tpl/Album/index.html]
[ 2015-09-06T00:09:33+08:00 ] ERR: (ThinkException) 模板不存在[./Admin/Tpl/Album/index.html]
[ 2015-09-06T00:22:33+08:00 ] ERR: (ThinkException) 模板不存在[./Admin/Tpl/Album/index.html]
[ 2015-09-06T00:23:49+08:00 ] ERR: (ThinkException) 模板不存在[./Admin/Tpl/Album/index.html]
[ 2015-09-06T00:24:36+08:00 ] ERR: (ThinkException) 模板不存在[./Admin/Tpl/Album/index.html]
[ 2015-09-06T00:38:41+08:00 ] ERR: (ThinkException) 模板不存在[./Admin/Tpl/Album/index.html]
[ 2015-09-06T00:39:26+08:00 ] ERR: (ThinkException) 模板不存在[./Admin/Tpl/Album/index.html]
[ 2015-09-06T01:07:43+08:00 ] ERR: (ThinkException) 模板不存在[./Admin/Tpl/Album/index.html]
[ 2015-09-06T09:26:05+08:00 ] ERR: (ThinkException) 模板不存在[./Admin/Tpl/Album/index.html]
[ 2015-09-06T09:48:35+08:00 ] ERR: (ThinkException) 模板不存在[./Admin/Tpl/Album/index.html]
[ 2015-09-06T09:49:32+08:00 ] ERR: (ThinkException) 模板不存在[./Admin/Tpl/Album/index.html]
[ 2015-09-06T09:51:21+08:00 ] ERR: (ThinkException) 模板不存在[./Admin/Tpl/Album/index.html]
[ 2015-09-06T09:52:02+08:00 ] ERR: (ThinkException) 模板不存在[./Admin/Tpl/Album/index.html]
[ 2015-09-06T09:55:35+08:00 ] ERR: (ThinkException) 模板不存在[./Admin/Tpl/Album/index.html]
[ 2015-09-06T10:28:56+08:00 ] ERR: (ThinkException) 模板不存在[./Admin/Tpl/Album/index.html]
[ 2015-09-06T10:28:59+08:00 ] ERR: (ThinkException) 模板不存在[./Admin/Tpl/Album/index.html]
[ 2015-09-06T10:29:08+08:00 ] ERR: (ThinkException) 模板不存在[./Admin/Tpl/Album/index.html]
[ 2015-09-06T11:56:25+08:00 ] 10.103.14.216 /xxxknight/admin.php/Contact/sendFeedback
INFO: [ app_begin ] --START--
INFO: Run ReadHtmlCache Behavior [ RunTime:0.000273s ]
INFO: [ app_begin ] --END-- [ RunTime:0.000307s ]
NOTIC: [8] Undefined index: author /Applications/XAMPP/xamppfiles/htdocs/xxxknight/Admin/Lib/Action/ContactAction.class.php 第 55 行.
NOTIC: [8192] mysql_connect(): The mysql extension is deprecated and will be removed in the future: use mysqli or PDO instead /Applications/XAMPP/xamppfiles/htdocs/xxxknight/ThinkPHP/Lib/Driver/Db/DbMysql.class.php 第 55 行.
SQL: SHOW COLUMNS FROM `xk_contact` [ RunTime:0.006263s ]
SQL: UPDATE `xk_contact` SET `flag`=1,`reply`='jhfglajsdgfsdgbf‘' WHERE ( `id` = 4 ) [ RunTime:0.068643s ]

[ 2015-09-06T14:46:09+08:00 ] ERR: (ThinkException) 无法加载模块:analytics
[ 2015-09-06T14:46:32+08:00 ] ERR: (ThinkException) 无法加载模块:analytics
[ 2015-09-06T14:46:44+08:00 ] ERR: (ThinkException) 无法加载模块:analytics
[ 2015-09-06T16:27:18+08:00 ] ERR: (ThinkException) 参数错误或者未定义:starttime
[ 2015-09-06T16:27:58+08:00 ] ERR: (ThinkException) 参数错误或者未定义:endtime
[ 2015-09-06T16:28:03+08:00 ] ERR: (ThinkException) 参数错误或者未定义:endtime
[ 2015-09-06T16:28:08+08:00 ] ERR: (ThinkException) 参数错误或者未定义:endtime
[ 2015-09-06T18:47:25+08:00 ] ERR: (ThinkException) 无法加载模块:analytics
[ 2015-09-06T18:54:39+08:00 ] ERR: (ThinkException) 无法加载模块:analytics
[ 2015-09-06T18:54:46+08:00 ] ERR: (ThinkException) 模板不存在[./Admin/Tpl/Album/index.html]
[ 2015-09-06T23:30:18+08:00 ] ERR: (ThinkException) 非法操作:showTables
[ 2015-09-06T23:30:30+08:00 ] ERR: (ThinkException) 非法操作:showTables
