[ 2015-09-17T23:57:30+08:00 ] 0.0.0.0 /xxxknight/index.php/Account/checkName?username=haha12345
INFO: [ app_begin ] --START--
INFO: Run ReadHtmlCache Behavior [ RunTime:0.000256s ]
INFO: [ app_begin ] --END-- [ RunTime:0.000287s ]
NOTIC: [8192] mysql_connect(): The mysql extension is deprecated and will be removed in the future: use mysqli or PDO instead /Applications/XAMPP/xamppfiles/htdocs/xxxknight/ThinkPHP/Lib/Driver/Db/DbMysql.class.php 第 55 行.
SQL: SHOW COLUMNS FROM `xk_account` [ RunTime:0.008050s ]
NOTIC: [8192] preg_replace(): The /e modifier is deprecated, use preg_replace_callback instead /Applications/XAMPP/xamppfiles/htdocs/xxxknight/ThinkPHP/Lib/Core/Db.class.php 第 568 行.
SQL: SELECT COUNT(*) AS tp_count FROM `xk_account` WHERE ( `username` = 'haha12345' ) LIMIT 1   [ RunTime:0.001179s ]

[ 2015-09-17T23:57:36+08:00 ] 0.0.0.0 /xxxknight/index.php/Video/showVideos
INFO: [ app_begin ] --START--
INFO: Run ReadHtmlCache Behavior [ RunTime:0.000342s ]
INFO: [ app_begin ] --END-- [ RunTime:0.000376s ]
NOTIC: [8192] mysql_connect(): The mysql extension is deprecated and will be removed in the future: use mysqli or PDO instead /Applications/XAMPP/xamppfiles/htdocs/xxxknight/ThinkPHP/Lib/Driver/Db/DbMysql.class.php 第 55 行.
SQL: SHOW COLUMNS FROM `xk_videos` [ RunTime:0.008282s ]
NOTIC: [8192] preg_replace(): The /e modifier is deprecated, use preg_replace_callback instead /Applications/XAMPP/xamppfiles/htdocs/xxxknight/ThinkPHP/Lib/Core/Db.class.php 第 568 行.
SQL: SELECT COUNT(*) AS tp_count FROM `xk_videos` LIMIT 1   [ RunTime:0.000982s ]
NOTIC: [8192] preg_replace(): The /e modifier is deprecated, use preg_replace_callback instead /Applications/XAMPP/xamppfiles/htdocs/xxxknight/ThinkPHP/Lib/Core/Db.class.php 第 568 行.
SQL: SELECT * FROM `xk_videos` ORDER BY createtime desc LIMIT 0,6   [ RunTime:0.001914s ]
INFO: [ view_template ] --START--
INFO: Run LocationTemplate Behavior [ RunTime:0.000411s ]
INFO: [ view_template ] --END-- [ RunTime:0.000481s ]
INFO: [ view_parse ] --START--
NOTIC: [8192] preg_replace(): The /e modifier is deprecated, use preg_replace_callback instead /Applications/XAMPP/xamppfiles/htdocs/xxxknight/ThinkPHP/Lib/Template/ThinkTemplate.class.php 第 273 行.
NOTIC: [8192] preg_replace(): The /e modifier is deprecated, use preg_replace_callback instead /Applications/XAMPP/xamppfiles/htdocs/xxxknight/ThinkPHP/Lib/Template/ThinkTemplate.class.php 第 273 行.
NOTIC: [8192] preg_replace(): The /e modifier is deprecated, use preg_replace_callback instead /Applications/XAMPP/xamppfiles/htdocs/xxxknight/ThinkPHP/Lib/Template/ThinkTemplate.class.php 第 273 行.
NOTIC: [8192] preg_replace(): The /e modifier is deprecated, use preg_replace_callback instead /Applications/XAMPP/xamppfiles/htdocs/xxxknight/ThinkPHP/Lib/Template/ThinkTemplate.class.php 第 273 行.
NOTIC: [8192] preg_replace(): The /e modifier is deprecated, use preg_replace_callback instead /Applications/XAMPP/xamppfiles/htdocs/xxxknight/ThinkPHP/Lib/Template/ThinkTemplate.class.php 第 273 行.
NOTIC: [8192] preg_replace(): The /e modifier is deprecated, use preg_replace_callback instead /Applications/XAMPP/xamppfiles/htdocs/xxxknight/ThinkPHP/Lib/Template/ThinkTemplate.class.php 第 168 行.
NOTIC: [8192] preg_replace(): The /e modifier is deprecated, use preg_replace_callback instead /Applications/XAMPP/xamppfiles/htdocs/xxxknight/ThinkPHP/Lib/Template/ThinkTemplate.class.php 第 404 行.
NOTIC: [8192] preg_replace(): The /e modifier is deprecated, use preg_replace_callback instead /Applications/XAMPP/xamppfiles/htdocs/xxxknight/ThinkPHP/Lib/Template/ThinkTemplate.class.php 第 404 行.
NOTIC: [8192] preg_replace(): The /e modifier is deprecated, use preg_replace_callback instead /Applications/XAMPP/xamppfiles/htdocs/xxxknight/ThinkPHP/Lib/Template/ThinkTemplate.class.php 第 404 行.
NOTIC: [8192] preg_replace(): The /e modifier is deprecated, use preg_replace_callback instead /Applications/XAMPP/xamppfiles/htdocs/xxxknight/ThinkPHP/Lib/Template/ThinkTemplate.class.php 第 404 行.
NOTIC: [8192] preg_replace(): The /e modifier is deprecated, use preg_replace_callback instead /Applications/XAMPP/xamppfiles/htdocs/xxxknight/ThinkPHP/Lib/Template/ThinkTemplate.class.php 第 404 行.
NOTIC: [8192] preg_replace(): The /e modifier is deprecated, use preg_replace_callback instead /Applications/XAMPP/xamppfiles/htdocs/xxxknight/ThinkPHP/Lib/Template/ThinkTemplate.class.php 第 404 行.
NOTIC: [8192] preg_replace(): The /e modifier is deprecated, use preg_replace_callback instead /Applications/XAMPP/xamppfiles/htdocs/xxxknight/ThinkPHP/Lib/Template/ThinkTemplate.class.php 第 404 行.
NOTIC: [8192] preg_replace(): The /e modifier is deprecated, use preg_replace_callback instead /Applications/XAMPP/xamppfiles/htdocs/xxxknight/ThinkPHP/Lib/Template/ThinkTemplate.class.php 第 404 行.
NOTIC: [8192] preg_replace(): The /e modifier is deprecated, use preg_replace_callback instead /Applications/XAMPP/xamppfiles/htdocs/xxxknight/ThinkPHP/Lib/Template/ThinkTemplate.class.php 第 273 行.
NOTIC: [8192] preg_replace(): The /e modifier is deprecated, use preg_replace_callback instead /Applications/XAMPP/xamppfiles/htdocs/xxxknight/ThinkPHP/Lib/Template/ThinkTemplate.class.php 第 168 行.
NOTIC: [8192] preg_replace(): The /e modifier is deprecated, use preg_replace_callback instead /Applications/XAMPP/xamppfiles/htdocs/xxxknight/ThinkPHP/Lib/Template/ThinkTemplate.class.php 第 404 行.
NOTIC: [8192] preg_replace(): The /e modifier is deprecated, use preg_replace_callback instead /Applications/XAMPP/xamppfiles/htdocs/xxxknight/ThinkPHP/Lib/Template/ThinkTemplate.class.php 第 404 行.
NOTIC: [8192] preg_replace(): The /e modifier is deprecated, use preg_replace_callback instead /Applications/XAMPP/xamppfiles/htdocs/xxxknight/ThinkPHP/Lib/Template/ThinkTemplate.class.php 第 404 行.
NOTIC: [8192] preg_replace(): The /e modifier is deprecated, use preg_replace_callback instead /Applications/XAMPP/xamppfiles/htdocs/xxxknight/ThinkPHP/Lib/Template/ThinkTemplate.class.php 第 404 行.
NOTIC: [8192] preg_replace(): The /e modifier is deprecated, use preg_replace_callback instead /Applications/XAMPP/xamppfiles/htdocs/xxxknight/ThinkPHP/Lib/Template/ThinkTemplate.class.php 第 404 行.
NOTIC: [8192] preg_replace(): The /e modifier is deprecated, use preg_replace_callback instead /Applications/XAMPP/xamppfiles/htdocs/xxxknight/ThinkPHP/Lib/Template/ThinkTemplate.class.php 第 404 行.
NOTIC: [8192] preg_replace(): The /e modifier is deprecated, use preg_replace_callback instead /Applications/XAMPP/xamppfiles/htdocs/xxxknight/ThinkPHP/Lib/Template/ThinkTemplate.class.php 第 404 行.
NOTIC: [8192] preg_replace(): The /e modifier is deprecated, use preg_replace_callback instead /Applications/XAMPP/xamppfiles/htdocs/xxxknight/ThinkPHP/Lib/Template/ThinkTemplate.class.php 第 404 行.
NOTIC: [8192] preg_replace(): The /e modifier is deprecated, use preg_replace_callback instead /Applications/XAMPP/xamppfiles/htdocs/xxxknight/ThinkPHP/Lib/Template/ThinkTemplate.class.php 第 404 行.
NOTIC: [8192] preg_replace(): The /e modifier is deprecated, use preg_replace_callback instead /Applications/XAMPP/xamppfiles/htdocs/xxxknight/ThinkPHP/Lib/Template/ThinkTemplate.class.php 第 404 行.
NOTIC: [8192] preg_replace(): The /e modifier is deprecated, use preg_replace_callback instead /Applications/XAMPP/xamppfiles/htdocs/xxxknight/ThinkPHP/Lib/Template/ThinkTemplate.class.php 第 404 行.
NOTIC: [8192] preg_replace(): The /e modifier is deprecated, use preg_replace_callback instead /Applications/XAMPP/xamppfiles/htdocs/xxxknight/ThinkPHP/Lib/Template/ThinkTemplate.class.php 第 404 行.
NOTIC: [8192] preg_replace(): The /e modifier is deprecated, use preg_replace_callback instead /Applications/XAMPP/xamppfiles/htdocs/xxxknight/ThinkPHP/Lib/Template/ThinkTemplate.class.php 第 399 行.
NOTIC: [8192] preg_replace(): The /e modifier is deprecated, use preg_replace_callback instead /Applications/XAMPP/xamppfiles/htdocs/xxxknight/ThinkPHP/Lib/Template/ThinkTemplate.class.php 第 399 行.
NOTIC: [8192] preg_replace(): The /e modifier is deprecated, use preg_replace_callback instead /Applications/XAMPP/xamppfiles/htdocs/xxxknight/ThinkPHP/Lib/Template/ThinkTemplate.class.php 第 404 行.
NOTIC: [8192] preg_replace(): The /e modifier is deprecated, use preg_replace_callback instead /Applications/XAMPP/xamppfiles/htdocs/xxxknight/ThinkPHP/Lib/Template/ThinkTemplate.class.php 第 404 行.
NOTIC: [8192] preg_replace(): The /e modifier is deprecated, use preg_replace_callback instead /Applications/XAMPP/xamppfiles/htdocs/xxxknight/ThinkPHP/Lib/Template/ThinkTemplate.class.php 第 404 行.
NOTIC: [8192] preg_replace(): The /e modifier is deprecated, use preg_replace_callback instead /Applications/XAMPP/xamppfiles/htdocs/xxxknight/ThinkPHP/Lib/Template/ThinkTemplate.class.php 第 399 行.
NOTIC: [8192] preg_replace(): The /e modifier is deprecated, use preg_replace_callback instead /Applications/XAMPP/xamppfiles/htdocs/xxxknight/ThinkPHP/Lib/Template/ThinkTemplate.class.php 第 404 行.
NOTIC: [8192] preg_replace(): The /e modifier is deprecated, use preg_replace_callback instead /Applications/XAMPP/xamppfiles/htdocs/xxxknight/ThinkPHP/Lib/Template/ThinkTemplate.class.php 第 404 行.
NOTIC: [8192] preg_replace(): The /e modifier is deprecated, use preg_replace_callback instead /Applications/XAMPP/xamppfiles/htdocs/xxxknight/ThinkPHP/Lib/Template/ThinkTemplate.class.php 第 404 行.
NOTIC: [8192] preg_replace(): The /e modifier is deprecated, use preg_replace_callback instead /Applications/XAMPP/xamppfiles/htdocs/xxxknight/ThinkPHP/Lib/Template/ThinkTemplate.class.php 第 404 行.
NOTIC: [8192] preg_replace(): The /e modifier is deprecated, use preg_replace_callback instead /Applications/XAMPP/xamppfiles/htdocs/xxxknight/ThinkPHP/Lib/Template/ThinkTemplate.class.php 第 404 行.
NOTIC: [8192] preg_replace(): The /e modifier is deprecated, use preg_replace_callback instead /Applications/XAMPP/xamppfiles/htdocs/xxxknight/ThinkPHP/Lib/Template/ThinkTemplate.class.php 第 404 行.
NOTIC: [8192] preg_replace(): The /e modifier is deprecated, use preg_replace_callback instead /Applications/XAMPP/xamppfiles/htdocs/xxxknight/ThinkPHP/Lib/Template/ThinkTemplate.class.php 第 404 行.
NOTIC: [8192] preg_replace(): The /e modifier is deprecated, use preg_replace_callback instead /Applications/XAMPP/xamppfiles/htdocs/xxxknight/ThinkPHP/Lib/Template/ThinkTemplate.class.php 第 404 行.
NOTIC: [8192] preg_replace(): The /e modifier is deprecated, use preg_replace_callback instead /Applications/XAMPP/xamppfiles/htdocs/xxxknight/ThinkPHP/Lib/Template/ThinkTemplate.class.php 第 404 行.
NOTIC: [8192] preg_replace(): The /e modifier is deprecated, use preg_replace_callback instead /Applications/XAMPP/xamppfiles/htdocs/xxxknight/ThinkPHP/Lib/Template/ThinkTemplate.class.php 第 404 行.
NOTIC: [8192] preg_replace(): The /e modifier is deprecated, use preg_replace_callback instead /Applications/XAMPP/xamppfiles/htdocs/xxxknight/ThinkPHP/Lib/Template/ThinkTemplate.class.php 第 404 行.
NOTIC: [8192] preg_replace(): The /e modifier is deprecated, use preg_replace_callback instead /Applications/XAMPP/xamppfiles/htdocs/xxxknight/ThinkPHP/Lib/Template/ThinkTemplate.class.php 第 404 行.
NOTIC: [8192] preg_replace(): The /e modifier is deprecated, use preg_replace_callback instead /Applications/XAMPP/xamppfiles/htdocs/xxxknight/ThinkPHP/Lib/Template/ThinkTemplate.class.php 第 404 行.
NOTIC: [8192] preg_replace(): The /e modifier is deprecated, use preg_replace_callback instead /Applications/XAMPP/xamppfiles/htdocs/xxxknight/ThinkPHP/Lib/Template/ThinkTemplate.class.php 第 404 行.
NOTIC: [8192] preg_replace(): The /e modifier is deprecated, use preg_replace_callback instead /Applications/XAMPP/xamppfiles/htdocs/xxxknight/ThinkPHP/Lib/Template/ThinkTemplate.class.php 第 404 行.
NOTIC: [8192] preg_replace(): The /e modifier is deprecated, use preg_replace_callback instead /Applications/XAMPP/xamppfiles/htdocs/xxxknight/ThinkPHP/Lib/Template/ThinkTemplate.class.php 第 404 行.
NOTIC: [8192] preg_replace(): The /e modifier is deprecated, use preg_replace_callback instead /Applications/XAMPP/xamppfiles/htdocs/xxxknight/ThinkPHP/Lib/Template/ThinkTemplate.class.php 第 404 行.
NOTIC: [8192] preg_replace(): The /e modifier is deprecated, use preg_replace_callback instead /Applications/XAMPP/xamppfiles/htdocs/xxxknight/ThinkPHP/Lib/Template/ThinkTemplate.class.php 第 404 行.
NOTIC: [8192] preg_replace(): The /e modifier is deprecated, use preg_replace_callback instead /Applications/XAMPP/xamppfiles/htdocs/xxxknight/ThinkPHP/Lib/Template/ThinkTemplate.class.php 第 404 行.
NOTIC: [8192] preg_replace(): The /e modifier is deprecated, use preg_replace_callback instead /Applications/XAMPP/xamppfiles/htdocs/xxxknight/ThinkPHP/Lib/Template/ThinkTemplate.class.php 第 404 行.
NOTIC: [8192] preg_replace(): The /e modifier is deprecated, use preg_replace_callback instead /Applications/XAMPP/xamppfiles/htdocs/xxxknight/ThinkPHP/Lib/Template/ThinkTemplate.class.php 第 404 行.
NOTIC: [8192] preg_replace(): The /e modifier is deprecated, use preg_replace_callback instead /Applications/XAMPP/xamppfiles/htdocs/xxxknight/ThinkPHP/Lib/Template/ThinkTemplate.class.php 第 404 行.
NOTIC: [8192] preg_replace(): The /e modifier is deprecated, use preg_replace_callback instead /Applications/XAMPP/xamppfiles/htdocs/xxxknight/ThinkPHP/Lib/Template/ThinkTemplate.class.php 第 404 行.
NOTIC: [8192] preg_replace(): The /e modifier is deprecated, use preg_replace_callback instead /Applications/XAMPP/xamppfiles/htdocs/xxxknight/ThinkPHP/Lib/Template/ThinkTemplate.class.php 第 404 行.
NOTIC: [8192] preg_replace(): The /e modifier is deprecated, use preg_replace_callback instead /Applications/XAMPP/xamppfiles/htdocs/xxxknight/ThinkPHP/Lib/Template/ThinkTemplate.class.php 第 404 行.
NOTIC: [8192] preg_replace(): The /e modifier is deprecated, use preg_replace_callback instead /Applications/XAMPP/xamppfiles/htdocs/xxxknight/ThinkPHP/Lib/Template/ThinkTemplate.class.php 第 404 行.
NOTIC: [8192] preg_replace(): The /e modifier is deprecated, use preg_replace_callback instead /Applications/XAMPP/xamppfiles/htdocs/xxxknight/ThinkPHP/Lib/Template/ThinkTemplate.class.php 第 404 行.
NOTIC: [8192] preg_replace(): The /e modifier is deprecated, use preg_replace_callback instead /Applications/XAMPP/xamppfiles/htdocs/xxxknight/ThinkPHP/Lib/Template/ThinkTemplate.class.php 第 404 行.
NOTIC: [8192] preg_replace(): The /e modifier is deprecated, use preg_replace_callback instead /Applications/XAMPP/xamppfiles/htdocs/xxxknight/ThinkPHP/Lib/Template/ThinkTemplate.class.php 第 404 行.
NOTIC: [8192] preg_replace(): The /e modifier is deprecated, use preg_replace_callback instead /Applications/XAMPP/xamppfiles/htdocs/xxxknight/ThinkPHP/Lib/Template/ThinkTemplate.class.php 第 404 行.
NOTIC: [8192] preg_replace(): The /e modifier is deprecated, use preg_replace_callback instead /Applications/XAMPP/xamppfiles/htdocs/xxxknight/ThinkPHP/Lib/Template/ThinkTemplate.class.php 第 404 行.
NOTIC: [8192] preg_replace(): The /e modifier is deprecated, use preg_replace_callback instead /Applications/XAMPP/xamppfiles/htdocs/xxxknight/ThinkPHP/Lib/Template/ThinkTemplate.class.php 第 404 行.
NOTIC: [8192] preg_replace(): The /e modifier is deprecated, use preg_replace_callback instead /Applications/XAMPP/xamppfiles/htdocs/xxxknight/ThinkPHP/Lib/Template/ThinkTemplate.class.php 第 404 行.
NOTIC: [8192] preg_replace(): The /e modifier is deprecated, use preg_replace_callback instead /Applications/XAMPP/xamppfiles/htdocs/xxxknight/ThinkPHP/Lib/Template/ThinkTemplate.class.php 第 404 行.
NOTIC: [8192] preg_replace(): The /e modifier is deprecated, use preg_replace_callback instead /Applications/XAMPP/xamppfiles/htdocs/xxxknight/ThinkPHP/Lib/Template/ThinkTemplate.class.php 第 404 行.
NOTIC: [8192] preg_replace(): The /e modifier is deprecated, use preg_replace_callback instead /Applications/XAMPP/xamppfiles/htdocs/xxxknight/ThinkPHP/Lib/Template/ThinkTemplate.class.php 第 404 行.
NOTIC: [8192] preg_replace(): The /e modifier is deprecated, use preg_replace_callback instead /Applications/XAMPP/xamppfiles/htdocs/xxxknight/ThinkPHP/Lib/Template/ThinkTemplate.class.php 第 404 行.
NOTIC: [8192] preg_replace(): The /e modifier is deprecated, use preg_replace_callback instead /Applications/XAMPP/xamppfiles/htdocs/xxxknight/ThinkPHP/Lib/Template/ThinkTemplate.class.php 第 404 行.
NOTIC: [8192] preg_replace(): The /e modifier is deprecated, use preg_replace_callback instead /Applications/XAMPP/xamppfiles/htdocs/xxxknight/ThinkPHP/Lib/Template/ThinkTemplate.class.php 第 404 行.
NOTIC: [8192] preg_replace(): The /e modifier is deprecated, use preg_replace_callback instead /Applications/XAMPP/xamppfiles/htdocs/xxxknight/ThinkPHP/Lib/Template/ThinkTemplate.class.php 第 404 行.
NOTIC: [8192] preg_replace(): The /e modifier is deprecated, use preg_replace_callback instead /Applications/XAMPP/xamppfiles/htdocs/xxxknight/ThinkPHP/Lib/Template/ThinkTemplate.class.php 第 404 行.
NOTIC: [8192] preg_replace(): The /e modifier is deprecated, use preg_replace_callback instead /Applications/XAMPP/xamppfiles/htdocs/xxxknight/ThinkPHP/Lib/Template/ThinkTemplate.class.php 第 404 行.
NOTIC: [8192] preg_replace(): The /e modifier is deprecated, use preg_replace_callback instead /Applications/XAMPP/xamppfiles/htdocs/xxxknight/ThinkPHP/Lib/Template/ThinkTemplate.class.php 第 404 行.
NOTIC: [8192] preg_replace(): The /e modifier is deprecated, use preg_replace_callback instead /Applications/XAMPP/xamppfiles/htdocs/xxxknight/ThinkPHP/Lib/Template/ThinkTemplate.class.php 第 404 行.
NOTIC: [8192] preg_replace(): The /e modifier is deprecated, use preg_replace_callback instead /Applications/XAMPP/xamppfiles/htdocs/xxxknight/ThinkPHP/Lib/Template/ThinkTemplate.class.php 第 404 行.
NOTIC: [8192] preg_replace(): The /e modifier is deprecated, use preg_replace_callback instead /Applications/XAMPP/xamppfiles/htdocs/xxxknight/ThinkPHP/Lib/Template/ThinkTemplate.class.php 第 404 行.
NOTIC: [8192] preg_replace(): The /e modifier is deprecated, use preg_replace_callback instead /Applications/XAMPP/xamppfiles/htdocs/xxxknight/ThinkPHP/Lib/Template/ThinkTemplate.class.php 第 404 行.
NOTIC: [8192] preg_replace(): The /e modifier is deprecated, use preg_replace_callback instead /Applications/XAMPP/xamppfiles/htdocs/xxxknight/ThinkPHP/Lib/Template/ThinkTemplate.class.php 第 404 行.
NOTIC: [8192] preg_replace(): The /e modifier is deprecated, use preg_replace_callback instead /Applications/XAMPP/xamppfiles/htdocs/xxxknight/ThinkPHP/Lib/Template/ThinkTemplate.class.php 第 404 行.
NOTIC: [8192] preg_replace(): The /e modifier is deprecated, use preg_replace_callback instead /Applications/XAMPP/xamppfiles/htdocs/xxxknight/ThinkPHP/Lib/Template/ThinkTemplate.class.php 第 404 行.
NOTIC: [8192] preg_replace(): The /e modifier is deprecated, use preg_replace_callback instead /Applications/XAMPP/xamppfiles/htdocs/xxxknight/ThinkPHP/Lib/Template/ThinkTemplate.class.php 第 404 行.
NOTIC: [8192] preg_replace(): The /e modifier is deprecated, use preg_replace_callback instead /Applications/XAMPP/xamppfiles/htdocs/xxxknight/ThinkPHP/Lib/Template/ThinkTemplate.class.php 第 404 行.
NOTIC: [8192] preg_replace(): The /e modifier is deprecated, use preg_replace_callback instead /Applications/XAMPP/xamppfiles/htdocs/xxxknight/ThinkPHP/Lib/Template/ThinkTemplate.class.php 第 404 行.
NOTIC: [8192] preg_replace(): The /e modifier is deprecated, use preg_replace_callback instead /Applications/XAMPP/xamppfiles/htdocs/xxxknight/ThinkPHP/Lib/Template/ThinkTemplate.class.php 第 404 行.
NOTIC: [8192] preg_replace(): The /e modifier is deprecated, use preg_replace_callback instead /Applications/XAMPP/xamppfiles/htdocs/xxxknight/ThinkPHP/Lib/Template/ThinkTemplate.class.php 第 404 行.
NOTIC: [8192] preg_replace(): The /e modifier is deprecated, use preg_replace_callback instead /Applications/XAMPP/xamppfiles/htdocs/xxxknight/ThinkPHP/Lib/Template/ThinkTemplate.class.php 第 404 行.
NOTIC: [8192] preg_replace(): The /e modifier is deprecated, use preg_replace_callback instead /Applications/XAMPP/xamppfiles/htdocs/xxxknight/ThinkPHP/Lib/Template/ThinkTemplate.class.php 第 404 行.
NOTIC: [8192] preg_replace(): The /e modifier is deprecated, use preg_replace_callback instead /Applications/XAMPP/xamppfiles/htdocs/xxxknight/ThinkPHP/Lib/Template/ThinkTemplate.class.php 第 404 行.
NOTIC: [8192] preg_replace(): The /e modifier is deprecated, use preg_replace_callback instead /Applications/XAMPP/xamppfiles/htdocs/xxxknight/ThinkPHP/Lib/Template/ThinkTemplate.class.php 第 404 行.
NOTIC: [8192] preg_replace(): The /e modifier is deprecated, use preg_replace_callback instead /Applications/XAMPP/xamppfiles/htdocs/xxxknight/ThinkPHP/Lib/Template/ThinkTemplate.class.php 第 404 行.
NOTIC: [8192] preg_replace(): The /e modifier is deprecated, use preg_replace_callback instead /Applications/XAMPP/xamppfiles/htdocs/xxxknight/ThinkPHP/Lib/Template/ThinkTemplate.class.php 第 404 行.
NOTIC: [8192] preg_replace(): The /e modifier is deprecated, use preg_replace_callback instead /Applications/XAMPP/xamppfiles/htdocs/xxxknight/ThinkPHP/Lib/Template/ThinkTemplate.class.php 第 404 行.
NOTIC: [8192] preg_replace(): The /e modifier is deprecated, use preg_replace_callback instead /Applications/XAMPP/xamppfiles/htdocs/xxxknight/ThinkPHP/Lib/Template/ThinkTemplate.class.php 第 404 行.
NOTIC: [8192] preg_replace(): The /e modifier is deprecated, use preg_replace_callback instead /Applications/XAMPP/xamppfiles/htdocs/xxxknight/ThinkPHP/Lib/Template/ThinkTemplate.class.php 第 404 行.
NOTIC: [8192] preg_replace(): The /e modifier is deprecated, use preg_replace_callback instead /Applications/XAMPP/xamppfiles/htdocs/xxxknight/ThinkPHP/Lib/Template/ThinkTemplate.class.php 第 404 行.
NOTIC: [8192] preg_replace(): The /e modifier is deprecated, use preg_replace_callback instead /Applications/XAMPP/xamppfiles/htdocs/xxxknight/ThinkPHP/Lib/Template/ThinkTemplate.class.php 第 404 行.
NOTIC: [8192] preg_replace(): The /e modifier is deprecated, use preg_replace_callback instead /Applications/XAMPP/xamppfiles/htdocs/xxxknight/ThinkPHP/Lib/Template/ThinkTemplate.class.php 第 399 行.
NOTIC: [8192] preg_replace(): The /e modifier is deprecated, use preg_replace_callback instead /Applications/XAMPP/xamppfiles/htdocs/xxxknight/ThinkPHP/Lib/Template/ThinkTemplate.class.php 第 399 行.
NOTIC: [8192] preg_replace(): The /e modifier is deprecated, use preg_replace_callback instead /Applications/XAMPP/xamppfiles/htdocs/xxxknight/ThinkPHP/Lib/Template/ThinkTemplate.class.php 第 399 行.
NOTIC: [8192] preg_replace(): The /e modifier is deprecated, use preg_replace_callback instead /Applications/XAMPP/xamppfiles/htdocs/xxxknight/ThinkPHP/Lib/Template/ThinkTemplate.class.php 第 399 行.
NOTIC: [8192] preg_replace(): The /e modifier is deprecated, use preg_replace_callback instead /Applications/XAMPP/xamppfiles/htdocs/xxxknight/ThinkPHP/Lib/Template/ThinkTemplate.class.php 第 399 行.
NOTIC: [8192] preg_replace(): The /e modifier is deprecated, use preg_replace_callback instead /Applications/XAMPP/xamppfiles/htdocs/xxxknight/ThinkPHP/Lib/Template/ThinkTemplate.class.php 第 399 行.
NOTIC: [8192] preg_replace(): The /e modifier is deprecated, use preg_replace_callback instead /Applications/XAMPP/xamppfiles/htdocs/xxxknight/ThinkPHP/Lib/Template/ThinkTemplate.class.php 第 404 行.
NOTIC: [8192] preg_replace(): The /e modifier is deprecated, use preg_replace_callback instead /Applications/XAMPP/xamppfiles/htdocs/xxxknight/ThinkPHP/Lib/Template/ThinkTemplate.class.php 第 404 行.
NOTIC: [8192] preg_replace(): The /e modifier is deprecated, use preg_replace_callback instead /Applications/XAMPP/xamppfiles/htdocs/xxxknight/ThinkPHP/Lib/Template/ThinkTemplate.class.php 第 404 行.
NOTIC: [8192] preg_replace(): The /e modifier is deprecated, use preg_replace_callback instead /Applications/XAMPP/xamppfiles/htdocs/xxxknight/ThinkPHP/Lib/Template/ThinkTemplate.class.php 第 197 行.
NOTIC: [8192] preg_replace(): The /e modifier is deprecated, use preg_replace_callback instead /Applications/XAMPP/xamppfiles/htdocs/xxxknight/ThinkPHP/Lib/Template/ThinkTemplate.class.php 第 404 行.
NOTIC: [8192] preg_replace(): The /e modifier is deprecated, use preg_replace_callback instead /Applications/XAMPP/xamppfiles/htdocs/xxxknight/ThinkPHP/Lib/Template/ThinkTemplate.class.php 第 404 行.
NOTIC: [8192] preg_replace(): The /e modifier is deprecated, use preg_replace_callback instead /Applications/XAMPP/xamppfiles/htdocs/xxxknight/ThinkPHP/Lib/Template/ThinkTemplate.class.php 第 404 行.
NOTIC: [8192] preg_replace(): The /e modifier is deprecated, use preg_replace_callback instead /Applications/XAMPP/xamppfiles/htdocs/xxxknight/ThinkPHP/Lib/Template/ThinkTemplate.class.php 第 404 行.
NOTIC: [8192] preg_replace(): The /e modifier is deprecated, use preg_replace_callback instead /Applications/XAMPP/xamppfiles/htdocs/xxxknight/ThinkPHP/Lib/Template/ThinkTemplate.class.php 第 399 行.
NOTIC: [8192] preg_replace(): The /e modifier is deprecated, use preg_replace_callback instead /Applications/XAMPP/xamppfiles/htdocs/xxxknight/ThinkPHP/Lib/Template/ThinkTemplate.class.php 第 399 行.
NOTIC: [8192] preg_replace(): The /e modifier is deprecated, use preg_replace_callback instead /Applications/XAMPP/xamppfiles/htdocs/xxxknight/ThinkPHP/Lib/Template/ThinkTemplate.class.php 第 404 行.
NOTIC: [8192] preg_replace(): The /e modifier is deprecated, use preg_replace_callback instead /Applications/XAMPP/xamppfiles/htdocs/xxxknight/ThinkPHP/Lib/Template/ThinkTemplate.class.php 第 404 行.
NOTIC: [8192] preg_replace(): The /e modifier is deprecated, use preg_replace_callback instead /Applications/XAMPP/xamppfiles/htdocs/xxxknight/ThinkPHP/Lib/Template/ThinkTemplate.class.php 第 404 行.
NOTIC: [8192] preg_replace(): The /e modifier is deprecated, use preg_replace_callback instead /Applications/XAMPP/xamppfiles/htdocs/xxxknight/ThinkPHP/Lib/Template/ThinkTemplate.class.php 第 399 行.
NOTIC: [8192] preg_replace(): The /e modifier is deprecated, use preg_replace_callback instead /Applications/XAMPP/xamppfiles/htdocs/xxxknight/ThinkPHP/Lib/Template/ThinkTemplate.class.php 第 404 行.
NOTIC: [8192] preg_replace(): The /e modifier is deprecated, use preg_replace_callback instead /Applications/XAMPP/xamppfiles/htdocs/xxxknight/ThinkPHP/Lib/Template/ThinkTemplate.class.php 第 404 行.
NOTIC: [8192] preg_replace(): The /e modifier is deprecated, use preg_replace_callback instead /Applications/XAMPP/xamppfiles/htdocs/xxxknight/ThinkPHP/Lib/Template/ThinkTemplate.class.php 第 404 行.
NOTIC: [8192] preg_replace(): The /e modifier is deprecated, use preg_replace_callback instead /Applications/XAMPP/xamppfiles/htdocs/xxxknight/ThinkPHP/Lib/Template/ThinkTemplate.class.php 第 404 行.
NOTIC: [8192] preg_replace(): The /e modifier is deprecated, use preg_replace_callback instead /Applications/XAMPP/xamppfiles/htdocs/xxxknight/ThinkPHP/Lib/Template/ThinkTemplate.class.php 第 404 行.
NOTIC: [8192] preg_replace(): The /e modifier is deprecated, use preg_replace_callback instead /Applications/XAMPP/xamppfiles/htdocs/xxxknight/ThinkPHP/Lib/Template/ThinkTemplate.class.php 第 404 行.
NOTIC: [8192] preg_replace(): The /e modifier is deprecated, use preg_replace_callback instead /Applications/XAMPP/xamppfiles/htdocs/xxxknight/ThinkPHP/Lib/Template/ThinkTemplate.class.php 第 404 行.
NOTIC: [8192] preg_replace(): The /e modifier is deprecated, use preg_replace_callback instead /Applications/XAMPP/xamppfiles/htdocs/xxxknight/ThinkPHP/Lib/Template/ThinkTemplate.class.php 第 404 行.
NOTIC: [8192] preg_replace(): The /e modifier is deprecated, use preg_replace_callback instead /Applications/XAMPP/xamppfiles/htdocs/xxxknight/ThinkPHP/Lib/Template/ThinkTemplate.class.php 第 404 行.
NOTIC: [8192] preg_replace(): The /e modifier is deprecated, use preg_replace_callback instead /Applications/XAMPP/xamppfiles/htdocs/xxxknight/ThinkPHP/Lib/Template/ThinkTemplate.class.php 第 404 行.
NOTIC: [8192] preg_replace(): The /e modifier is deprecated, use preg_replace_callback instead /Applications/XAMPP/xamppfiles/htdocs/xxxknight/ThinkPHP/Lib/Template/ThinkTemplate.class.php 第 404 行.
NOTIC: [8192] preg_replace(): The /e modifier is deprecated, use preg_replace_callback instead /Applications/XAMPP/xamppfiles/htdocs/xxxknight/ThinkPHP/Lib/Template/ThinkTemplate.class.php 第 404 行.
NOTIC: [8192] preg_replace(): The /e modifier is deprecated, use preg_replace_callback instead /Applications/XAMPP/xamppfiles/htdocs/xxxknight/ThinkPHP/Lib/Template/ThinkTemplate.class.php 第 404 行.
NOTIC: [8192] preg_replace(): The /e modifier is deprecated, use preg_replace_callback instead /Applications/XAMPP/xamppfiles/htdocs/xxxknight/ThinkPHP/Lib/Template/ThinkTemplate.class.php 第 404 行.
NOTIC: [8192] preg_replace(): The /e modifier is deprecated, use preg_replace_callback instead /Applications/XAMPP/xamppfiles/htdocs/xxxknight/ThinkPHP/Lib/Template/ThinkTemplate.class.php 第 404 行.
NOTIC: [8192] preg_replace(): The /e modifier is deprecated, use preg_replace_callback instead /Applications/XAMPP/xamppfiles/htdocs/xxxknight/ThinkPHP/Lib/Template/ThinkTemplate.class.php 第 404 行.
NOTIC: [8192] preg_replace(): The /e modifier is deprecated, use preg_replace_callback instead /Applications/XAMPP/xamppfiles/htdocs/xxxknight/ThinkPHP/Lib/Template/ThinkTemplate.class.php 第 404 行.
NOTIC: [8192] preg_replace(): The /e modifier is deprecated, use preg_replace_callback instead /Applications/XAMPP/xamppfiles/htdocs/xxxknight/ThinkPHP/Lib/Template/ThinkTemplate.class.php 第 404 行.
NOTIC: [8192] preg_replace(): The /e modifier is deprecated, use preg_replace_callback instead /Applications/XAMPP/xamppfiles/htdocs/xxxknight/ThinkPHP/Lib/Template/ThinkTemplate.class.php 第 404 行.
NOTIC: [8192] preg_replace(): The /e modifier is deprecated, use preg_replace_callback instead /Applications/XAMPP/xamppfiles/htdocs/xxxknight/ThinkPHP/Lib/Template/ThinkTemplate.class.php 第 404 行.
NOTIC: [8192] preg_replace(): The /e modifier is deprecated, use preg_replace_callback instead /Applications/XAMPP/xamppfiles/htdocs/xxxknight/ThinkPHP/Lib/Template/ThinkTemplate.class.php 第 404 行.
NOTIC: [8192] preg_replace(): The /e modifier is deprecated, use preg_replace_callback instead /Applications/XAMPP/xamppfiles/htdocs/xxxknight/ThinkPHP/Lib/Template/ThinkTemplate.class.php 第 404 行.
NOTIC: [8192] preg_replace(): The /e modifier is deprecated, use preg_replace_callback instead /Applications/XAMPP/xamppfiles/htdocs/xxxknight/ThinkPHP/Lib/Template/ThinkTemplate.class.php 第 404 行.
NOTIC: [8192] preg_replace(): The /e modifier is deprecated, use preg_replace_callback instead /Applications/XAMPP/xamppfiles/htdocs/xxxknight/ThinkPHP/Lib/Template/ThinkTemplate.class.php 第 404 行.
NOTIC: [8192] preg_replace(): The /e modifier is deprecated, use preg_replace_callback instead /Applications/XAMPP/xamppfiles/htdocs/xxxknight/ThinkPHP/Lib/Template/ThinkTemplate.class.php 第 404 行.
NOTIC: [8192] preg_replace(): The /e modifier is deprecated, use preg_replace_callback instead /Applications/XAMPP/xamppfiles/htdocs/xxxknight/ThinkPHP/Lib/Template/ThinkTemplate.class.php 第 404 行.
NOTIC: [8192] preg_replace(): The /e modifier is deprecated, use preg_replace_callback instead /Applications/XAMPP/xamppfiles/htdocs/xxxknight/ThinkPHP/Lib/Template/ThinkTemplate.class.php 第 404 行.
NOTIC: [8192] preg_replace(): The /e modifier is deprecated, use preg_replace_callback instead /Applications/XAMPP/xamppfiles/htdocs/xxxknight/ThinkPHP/Lib/Template/ThinkTemplate.class.php 第 404 行.
NOTIC: [8192] preg_replace(): The /e modifier is deprecated, use preg_replace_callback instead /Applications/XAMPP/xamppfiles/htdocs/xxxknight/ThinkPHP/Lib/Template/ThinkTemplate.class.php 第 404 行.
NOTIC: [8192] preg_replace(): The /e modifier is deprecated, use preg_replace_callback instead /Applications/XAMPP/xamppfiles/htdocs/xxxknight/ThinkPHP/Lib/Template/ThinkTemplate.class.php 第 404 行.
NOTIC: [8192] preg_replace(): The /e modifier is deprecated, use preg_replace_callback instead /Applications/XAMPP/xamppfiles/htdocs/xxxknight/ThinkPHP/Lib/Template/ThinkTemplate.class.php 第 404 行.
NOTIC: [8192] preg_replace(): The /e modifier is deprecated, use preg_replace_callback instead /Applications/XAMPP/xamppfiles/htdocs/xxxknight/ThinkPHP/Lib/Template/ThinkTemplate.class.php 第 404 行.
NOTIC: [8192] preg_replace(): The /e modifier is deprecated, use preg_replace_callback instead /Applications/XAMPP/xamppfiles/htdocs/xxxknight/ThinkPHP/Lib/Template/ThinkTemplate.class.php 第 404 行.
NOTIC: [8192] preg_replace(): The /e modifier is deprecated, use preg_replace_callback instead /Applications/XAMPP/xamppfiles/htdocs/xxxknight/ThinkPHP/Lib/Template/ThinkTemplate.class.php 第 404 行.
NOTIC: [8192] preg_replace(): The /e modifier is deprecated, use preg_replace_callback instead /Applications/XAMPP/xamppfiles/htdocs/xxxknight/ThinkPHP/Lib/Template/ThinkTemplate.class.php 第 404 行.
NOTIC: [8192] preg_replace(): The /e modifier is deprecated, use preg_replace_callback instead /Applications/XAMPP/xamppfiles/htdocs/xxxknight/ThinkPHP/Lib/Template/ThinkTemplate.class.php 第 404 行.
NOTIC: [8192] preg_replace(): The /e modifier is deprecated, use preg_replace_callback instead /Applications/XAMPP/xamppfiles/htdocs/xxxknight/ThinkPHP/Lib/Template/ThinkTemplate.class.php 第 404 行.
NOTIC: [8192] preg_replace(): The /e modifier is deprecated, use preg_replace_callback instead /Applications/XAMPP/xamppfiles/htdocs/xxxknight/ThinkPHP/Lib/Template/ThinkTemplate.class.php 第 404 行.
NOTIC: [8192] preg_replace(): The /e modifier is deprecated, use preg_replace_callback instead /Applications/XAMPP/xamppfiles/htdocs/xxxknight/ThinkPHP/Lib/Template/ThinkTemplate.class.php 第 404 行.
NOTIC: [8192] preg_replace(): The /e modifier is deprecated, use preg_replace_callback instead /Applications/XAMPP/xamppfiles/htdocs/xxxknight/ThinkPHP/Lib/Template/ThinkTemplate.class.php 第 404 行.
NOTIC: [8192] preg_replace(): The /e modifier is deprecated, use preg_replace_callback instead /Applications/XAMPP/xamppfiles/htdocs/xxxknight/ThinkPHP/Lib/Template/ThinkTemplate.class.php 第 404 行.
NOTIC: [8192] preg_replace(): The /e modifier is deprecated, use preg_replace_callback instead /Applications/XAMPP/xamppfiles/htdocs/xxxknight/ThinkPHP/Lib/Template/ThinkTemplate.class.php 第 404 行.
NOTIC: [8192] preg_replace(): The /e modifier is deprecated, use preg_replace_callback instead /Applications/XAMPP/xamppfiles/htdocs/xxxknight/ThinkPHP/Lib/Template/ThinkTemplate.class.php 第 404 行.
NOTIC: [8192] preg_replace(): The /e modifier is deprecated, use preg_replace_callback instead /Applications/XAMPP/xamppfiles/htdocs/xxxknight/ThinkPHP/Lib/Template/ThinkTemplate.class.php 第 404 行.
NOTIC: [8192] preg_replace(): The /e modifier is deprecated, use preg_replace_callback instead /Applications/XAMPP/xamppfiles/htdocs/xxxknight/ThinkPHP/Lib/Template/ThinkTemplate.class.php 第 404 行.
NOTIC: [8192] preg_replace(): The /e modifier is deprecated, use preg_replace_callback instead /Applications/XAMPP/xamppfiles/htdocs/xxxknight/ThinkPHP/Lib/Template/ThinkTemplate.class.php 第 404 行.
NOTIC: [8192] preg_replace(): The /e modifier is deprecated, use preg_replace_callback instead /Applications/XAMPP/xamppfiles/htdocs/xxxknight/ThinkPHP/Lib/Template/ThinkTemplate.class.php 第 404 行.
NOTIC: [8192] preg_replace(): The /e modifier is deprecated, use preg_replace_callback instead /Applications/XAMPP/xamppfiles/htdocs/xxxknight/ThinkPHP/Lib/Template/ThinkTemplate.class.php 第 404 行.
NOTIC: [8192] preg_replace(): The /e modifier is deprecated, use preg_replace_callback instead /Applications/XAMPP/xamppfiles/htdocs/xxxknight/ThinkPHP/Lib/Template/ThinkTemplate.class.php 第 404 行.
NOTIC: [8192] preg_replace(): The /e modifier is deprecated, use preg_replace_callback instead /Applications/XAMPP/xamppfiles/htdocs/xxxknight/ThinkPHP/Lib/Template/ThinkTemplate.class.php 第 404 行.
NOTIC: [8192] preg_replace(): The /e modifier is deprecated, use preg_replace_callback instead /Applications/XAMPP/xamppfiles/htdocs/xxxknight/ThinkPHP/Lib/Template/ThinkTemplate.class.php 第 404 行.
NOTIC: [8192] preg_replace(): The /e modifier is deprecated, use preg_replace_callback instead /Applications/XAMPP/xamppfiles/htdocs/xxxknight/ThinkPHP/Lib/Template/ThinkTemplate.class.php 第 404 行.
NOTIC: [8192] preg_replace(): The /e modifier is deprecated, use preg_replace_callback instead /Applications/XAMPP/xamppfiles/htdocs/xxxknight/ThinkPHP/Lib/Template/ThinkTemplate.class.php 第 404 行.
NOTIC: [8192] preg_replace(): The /e modifier is deprecated, use preg_replace_callback instead /Applications/XAMPP/xamppfiles/htdocs/xxxknight/ThinkPHP/Lib/Template/ThinkTemplate.class.php 第 404 行.
NOTIC: [8192] preg_replace(): The /e modifier is deprecated, use preg_replace_callback instead /Applications/XAMPP/xamppfiles/htdocs/xxxknight/ThinkPHP/Lib/Template/ThinkTemplate.class.php 第 404 行.
NOTIC: [8192] preg_replace(): The /e modifier is deprecated, use preg_replace_callback instead /Applications/XAMPP/xamppfiles/htdocs/xxxknight/ThinkPHP/Lib/Template/ThinkTemplate.class.php 第 404 行.
NOTIC: [8192] preg_replace(): The /e modifier is deprecated, use preg_replace_callback instead /Applications/XAMPP/xamppfiles/htdocs/xxxknight/ThinkPHP/Lib/Template/ThinkTemplate.class.php 第 404 行.
NOTIC: [8192] preg_replace(): The /e modifier is deprecated, use preg_replace_callback instead /Applications/XAMPP/xamppfiles/htdocs/xxxknight/ThinkPHP/Lib/Template/ThinkTemplate.class.php 第 404 行.
NOTIC: [8192] preg_replace(): The /e modifier is deprecated, use preg_replace_callback instead /Applications/XAMPP/xamppfiles/htdocs/xxxknight/ThinkPHP/Lib/Template/ThinkTemplate.class.php 第 404 行.
NOTIC: [8192] preg_replace(): The /e modifier is deprecated, use preg_replace_callback instead /Applications/XAMPP/xamppfiles/htdocs/xxxknight/ThinkPHP/Lib/Template/ThinkTemplate.class.php 第 404 行.
NOTIC: [8192] preg_replace(): The /e modifier is deprecated, use preg_replace_callback instead /Applications/XAMPP/xamppfiles/htdocs/xxxknight/ThinkPHP/Lib/Template/ThinkTemplate.class.php 第 404 行.
NOTIC: [8192] preg_replace(): The /e modifier is deprecated, use preg_replace_callback instead /Applications/XAMPP/xamppfiles/htdocs/xxxknight/ThinkPHP/Lib/Template/ThinkTemplate.class.php 第 404 行.
NOTIC: [8192] preg_replace(): The /e modifier is deprecated, use preg_replace_callback instead /Applications/XAMPP/xamppfiles/htdocs/xxxknight/ThinkPHP/Lib/Template/ThinkTemplate.class.php 第 404 行.
NOTIC: [8192] preg_replace(): The /e modifier is deprecated, use preg_replace_callback instead /Applications/XAMPP/xamppfiles/htdocs/xxxknight/ThinkPHP/Lib/Template/ThinkTemplate.class.php 第 404 行.
NOTIC: [8192] preg_replace(): The /e modifier is deprecated, use preg_replace_callback instead /Applications/XAMPP/xamppfiles/htdocs/xxxknight/ThinkPHP/Lib/Template/ThinkTemplate.class.php 第 404 行.
NOTIC: [8192] preg_replace(): The /e modifier is deprecated, use preg_replace_callback instead /Applications/XAMPP/xamppfiles/htdocs/xxxknight/ThinkPHP/Lib/Template/ThinkTemplate.class.php 第 404 行.
NOTIC: [8192] preg_replace(): The /e modifier is deprecated, use preg_replace_callback instead /Applications/XAMPP/xamppfiles/htdocs/xxxknight/ThinkPHP/Lib/Template/ThinkTemplate.class.php 第 399 行.
NOTIC: [8192] preg_replace(): The /e modifier is deprecated, use preg_replace_callback instead /Applications/XAMPP/xamppfiles/htdocs/xxxknight/ThinkPHP/Lib/Template/ThinkTemplate.class.php 第 399 行.
NOTIC: [8192] preg_replace(): The /e modifier is deprecated, use preg_replace_callback instead /Applications/XAMPP/xamppfiles/htdocs/xxxknight/ThinkPHP/Lib/Template/ThinkTemplate.class.php 第 399 行.
NOTIC: [8192] preg_replace(): The /e modifier is deprecated, use preg_replace_callback instead /Applications/XAMPP/xamppfiles/htdocs/xxxknight/ThinkPHP/Lib/Template/ThinkTemplate.class.php 第 399 行.
NOTIC: [8192] preg_replace(): The /e modifier is deprecated, use preg_replace_callback instead /Applications/XAMPP/xamppfiles/htdocs/xxxknight/ThinkPHP/Lib/Template/ThinkTemplate.class.php 第 399 行.
NOTIC: [8192] preg_replace(): The /e modifier is deprecated, use preg_replace_callback instead /Applications/XAMPP/xamppfiles/htdocs/xxxknight/ThinkPHP/Lib/Template/ThinkTemplate.class.php 第 399 行.
NOTIC: [8192] preg_replace(): The /e modifier is deprecated, use preg_replace_callback instead /Applications/XAMPP/xamppfiles/htdocs/xxxknight/ThinkPHP/Lib/Template/ThinkTemplate.class.php 第 404 行.
NOTIC: [8192] preg_replace(): The /e modifier is deprecated, use preg_replace_callback instead /Applications/XAMPP/xamppfiles/htdocs/xxxknight/ThinkPHP/Lib/Template/ThinkTemplate.class.php 第 404 行.
NOTIC: [8192] preg_replace(): The /e modifier is deprecated, use preg_replace_callback instead /Applications/XAMPP/xamppfiles/htdocs/xxxknight/ThinkPHP/Lib/Template/ThinkTemplate.class.php 第 404 行.
NOTIC: [8192] preg_replace(): The /e modifier is deprecated, use preg_replace_callback instead /Applications/XAMPP/xamppfiles/htdocs/xxxknight/ThinkPHP/Lib/Template/ThinkTemplate.class.php 第 197 行.
NOTIC: [8192] preg_replace(): The /e modifier is deprecated, use preg_replace_callback instead /Applications/XAMPP/xamppfiles/htdocs/xxxknight/ThinkPHP/Lib/Template/ThinkTemplate.class.php 第 137 行.
NOTIC: [8] Undefined index: username /Applications/XAMPP/xamppfiles/htdocs/xxxknight/Home/Runtime/Cache/0919fbbd7b315229f01f344c3817a835.php 第 123 行.
NOTIC: [8] Undefined index: password /Applications/XAMPP/xamppfiles/htdocs/xxxknight/Home/Runtime/Cache/0919fbbd7b315229f01f344c3817a835.php 第 126 行.
NOTIC: [8] Undefined index: remember /Applications/XAMPP/xamppfiles/htdocs/xxxknight/Home/Runtime/Cache/0919fbbd7b315229f01f344c3817a835.php 第 133 行.
NOTIC: [8] Undefined index: remember /Applications/XAMPP/xamppfiles/htdocs/xxxknight/Home/Runtime/Cache/0919fbbd7b315229f01f344c3817a835.php 第 134 行.
INFO: Run ParseTemplate Behavior [ RunTime:0.015917s ]
INFO: [ view_parse ] --END-- [ RunTime:0.015982s ]
INFO: [ view_filter ] --START--
INFO: Run ContentReplace Behavior [ RunTime:0.000370s ]
INFO: Run TokenBuild Behavior [ RunTime:0.000291s ]
INFO: Run WriteHtmlCache Behavior [ RunTime:0.000167s ]
INFO: Run ShowRuntime Behavior [ RunTime:0.000342s ]
INFO: [ view_filter ] --END-- [ RunTime:0.001305s ]
INFO: [ view_end ] --START--
INFO: Run ShowPageTrace Behavior [ RunTime:0.000496s ]
INFO: [ view_end ] --END-- [ RunTime:0.000542s ]

