[ 2015-08-15T11:35:57+08:00 ] ERR: (ThinkException) 无法加载模块:favicon
[ 2015-08-15T11:36:04+08:00 ] ERR: (ThinkException) 无法加载模块:favicon
[ 2015-08-15T11:37:08+08:00 ] ERR: (ThinkException) 无法加载模块:favicon
[ 2015-08-15T11:51:25+08:00 ] ERR: (ThinkException) 无法加载模块:favicon
[ 2015-08-15T11:51:31+08:00 ] ERR: (ThinkException) 无法加载模块:favicon
[ 2015-08-15T11:58:58+08:00 ] ERR: (ThinkException) 无法加载模块:favicon
[ 2015-08-15T11:58:59+08:00 ] ERR: (ThinkException) 无法加载模块:favicon
[ 2015-08-15T11:59:00+08:00 ] ERR: (ThinkException) 无法加载模块:favicon
[ 2015-08-15T11:59:13+08:00 ] ERR: (ThinkException) 无法加载模块:favicon
[ 2015-08-15T11:59:14+08:00 ] ERR: (ThinkException) 无法加载模块:favicon
[ 2015-08-15T11:59:16+08:00 ] ERR: (ThinkException) 无法加载模块:favicon
[ 2015-08-15T11:59:17+08:00 ] ERR: (ThinkException) 无法加载模块:favicon
[ 2015-08-15T11:59:18+08:00 ] ERR: (ThinkException) 无法加载模块:favicon
[ 2015-08-15T11:59:35+08:00 ] ERR: (ThinkException) 无法加载模块:favicon
[ 2015-08-15T11:59:36+08:00 ] ERR: (ThinkException) 无法加载模块:favicon
[ 2015-08-15T11:59:37+08:00 ] ERR: (ThinkException) 无法加载模块:favicon
[ 2015-08-15T11:59:38+08:00 ] ERR: (ThinkException) 无法加载模块:favicon
[ 2015-08-15T11:59:39+08:00 ] ERR: (ThinkException) 无法加载模块:favicon
[ 2015-08-15T11:59:39+08:00 ] ERR: (ThinkException) 无法加载模块:favicon
[ 2015-08-15T11:59:40+08:00 ] ERR: (ThinkException) 无法加载模块:favicon
[ 2015-08-15T11:59:40+08:00 ] ERR: (ThinkException) 无法加载模块:favicon
[ 2015-08-15T11:59:40+08:00 ] ERR: (ThinkException) 无法加载模块:favicon
[ 2015-08-15T11:59:41+08:00 ] ERR: (ThinkException) 无法加载模块:favicon
[ 2015-08-15T11:59:41+08:00 ] ERR: (ThinkException) 无法加载模块:favicon
[ 2015-08-15T11:59:41+08:00 ] ERR: (ThinkException) 无法加载模块:favicon
[ 2015-08-15T11:59:42+08:00 ] ERR: (ThinkException) 无法加载模块:favicon
[ 2015-08-15T11:59:42+08:00 ] ERR: (ThinkException) 无法加载模块:favicon
[ 2015-08-15T11:59:44+08:00 ] ERR: (ThinkException) 无法加载模块:favicon
[ 2015-08-15T11:59:45+08:00 ] ERR: (ThinkException) 无法加载模块:favicon
[ 2015-08-15T11:59:45+08:00 ] ERR: (ThinkException) 无法加载模块:favicon
[ 2015-08-15T11:59:46+08:00 ] ERR: (ThinkException) 无法加载模块:favicon
[ 2015-08-15T11:59:59+08:00 ] ERR: (ThinkException) 无法加载模块:favicon
[ 2015-08-15T12:00:03+08:00 ] ERR: (ThinkException) 无法加载模块:favicon
[ 2015-08-15T12:00:16+08:00 ] ERR: (ThinkException) 无法加载模块:favicon
[ 2015-08-15T12:00:22+08:00 ] ERR: (ThinkException) 无法加载模块:favicon
[ 2015-08-15T12:00:22+08:00 ] ERR: (ThinkException) 无法加载模块:favicon
[ 2015-08-15T12:00:23+08:00 ] ERR: (ThinkException) 无法加载模块:favicon
[ 2015-08-15T12:00:23+08:00 ] ERR: (ThinkException) 无法加载模块:favicon
[ 2015-08-15T12:00:23+08:00 ] ERR: (ThinkException) 无法加载模块:favicon
[ 2015-08-15T12:00:24+08:00 ] ERR: (ThinkException) 无法加载模块:favicon
[ 2015-08-15T12:00:24+08:00 ] ERR: (ThinkException) 无法加载模块:favicon
[ 2015-08-15T12:00:24+08:00 ] ERR: (ThinkException) 无法加载模块:favicon
[ 2015-08-15T12:00:25+08:00 ] ERR: (ThinkException) 无法加载模块:favicon
[ 2015-08-15T12:00:25+08:00 ] ERR: (ThinkException) 无法加载模块:favicon
[ 2015-08-15T12:00:26+08:00 ] ERR: (ThinkException) 无法加载模块:favicon
[ 2015-08-15T12:00:26+08:00 ] ERR: (ThinkException) 无法加载模块:favicon
[ 2015-08-15T12:00:26+08:00 ] ERR: (ThinkException) 无法加载模块:favicon
[ 2015-08-15T12:00:27+08:00 ] ERR: (ThinkException) 无法加载模块:favicon
[ 2015-08-15T12:00:27+08:00 ] ERR: (ThinkException) 无法加载模块:favicon
[ 2015-08-15T12:00:27+08:00 ] ERR: (ThinkException) 无法加载模块:favicon
[ 2015-08-15T12:00:28+08:00 ] ERR: (ThinkException) 无法加载模块:favicon
[ 2015-08-15T12:02:17+08:00 ] ERR: (ThinkException) 无法加载模块:favicon
[ 2015-08-15T12:02:23+08:00 ] ERR: (ThinkException) 无法加载模块:favicon
[ 2015-08-15T12:02:47+08:00 ] ERR: (ThinkException) 无法加载模块:favicon
[ 2015-08-15T12:02:48+08:00 ] ERR: (ThinkException) 无法加载模块:favicon
[ 2015-08-15T12:02:49+08:00 ] ERR: (ThinkException) 无法加载模块:favicon
[ 2015-08-15T12:02:50+08:00 ] ERR: (ThinkException) 无法加载模块:favicon
[ 2015-08-15T12:02:50+08:00 ] ERR: (ThinkException) 无法加载模块:favicon
[ 2015-08-15T12:02:51+08:00 ] ERR: (ThinkException) 无法加载模块:favicon
[ 2015-08-15T12:02:52+08:00 ] ERR: (ThinkException) 无法加载模块:favicon
[ 2015-08-15T12:02:53+08:00 ] ERR: (ThinkException) 无法加载模块:favicon
[ 2015-08-15T12:02:54+08:00 ] ERR: (ThinkException) 无法加载模块:favicon
[ 2015-08-15T12:02:54+08:00 ] ERR: (ThinkException) 无法加载模块:favicon
[ 2015-08-15T12:02:55+08:00 ] ERR: (ThinkException) 无法加载模块:favicon
[ 2015-08-15T12:02:55+08:00 ] ERR: (ThinkException) 无法加载模块:favicon
[ 2015-08-15T12:02:56+08:00 ] ERR: (ThinkException) 无法加载模块:favicon
[ 2015-08-15T12:02:56+08:00 ] ERR: (ThinkException) 无法加载模块:favicon
[ 2015-08-15T12:02:56+08:00 ] ERR: (ThinkException) 无法加载模块:favicon
[ 2015-08-15T12:02:56+08:00 ] ERR: (ThinkException) 无法加载模块:favicon
[ 2015-08-15T12:02:57+08:00 ] ERR: (ThinkException) 无法加载模块:favicon
[ 2015-08-15T12:02:57+08:00 ] ERR: (ThinkException) 无法加载模块:favicon
[ 2015-08-15T12:02:57+08:00 ] ERR: (ThinkException) 无法加载模块:favicon
[ 2015-08-15T12:02:58+08:00 ] ERR: (ThinkException) 无法加载模块:favicon
[ 2015-08-15T12:02:58+08:00 ] ERR: (ThinkException) 无法加载模块:favicon
[ 2015-08-15T12:02:58+08:00 ] ERR: (ThinkException) 无法加载模块:favicon
[ 2015-08-15T12:02:59+08:00 ] ERR: (ThinkException) 无法加载模块:favicon
[ 2015-08-15T12:02:59+08:00 ] ERR: (ThinkException) 无法加载模块:favicon
[ 2015-08-15T12:02:59+08:00 ] ERR: (ThinkException) 无法加载模块:favicon
[ 2015-08-15T12:03:00+08:00 ] ERR: (ThinkException) 无法加载模块:favicon
[ 2015-08-15T12:03:00+08:00 ] ERR: (ThinkException) 无法加载模块:favicon
[ 2015-08-15T12:03:37+08:00 ] ERR: (ThinkException) 无法加载模块:assets
[ 2015-08-15T12:04:04+08:00 ] ERR: (ThinkException) 无法加载模块:assets
[ 2015-08-15T12:04:06+08:00 ] ERR: (ThinkException) 无法加载模块:assets
[ 2015-08-15T12:04:07+08:00 ] ERR: (ThinkException) 无法加载模块:assets
[ 2015-08-15T12:04:08+08:00 ] ERR: (ThinkException) 无法加载模块:assets
[ 2015-08-15T12:04:09+08:00 ] ERR: (ThinkException) 无法加载模块:assets
[ 2015-08-15T12:04:09+08:00 ] ERR: (ThinkException) 无法加载模块:assets
[ 2015-08-15T12:04:10+08:00 ] ERR: (ThinkException) 无法加载模块:assets
[ 2015-08-15T12:04:10+08:00 ] ERR: (ThinkException) 无法加载模块:assets
[ 2015-08-15T12:04:10+08:00 ] ERR: (ThinkException) 无法加载模块:assets
[ 2015-08-15T12:04:49+08:00 ] ERR: (ThinkException) 无法加载模块:favicon
[ 2015-08-15T12:04:50+08:00 ] ERR: (ThinkException) 无法加载模块:favicon
[ 2015-08-15T12:04:50+08:00 ] ERR: (ThinkException) 无法加载模块:favicon
[ 2015-08-15T12:04:51+08:00 ] ERR: (ThinkException) 无法加载模块:favicon
[ 2015-08-15T12:04:51+08:00 ] ERR: (ThinkException) 无法加载模块:favicon
[ 2015-08-15T12:04:52+08:00 ] ERR: (ThinkException) 无法加载模块:favicon
[ 2015-08-15T12:04:52+08:00 ] ERR: (ThinkException) 无法加载模块:favicon
[ 2015-08-15T12:04:52+08:00 ] ERR: (ThinkException) 无法加载模块:favicon
[ 2015-08-15T12:04:53+08:00 ] ERR: (ThinkException) 无法加载模块:favicon
[ 2015-08-15T12:05:05+08:00 ] ERR: (ThinkException) 无法加载模块:favicon
[ 2015-08-15T12:05:06+08:00 ] ERR: (ThinkException) 无法加载模块:favicon
[ 2015-08-15T12:05:12+08:00 ] ERR: (ThinkException) 无法加载模块:favicon
[ 2015-08-15T12:05:13+08:00 ] ERR: (ThinkException) 无法加载模块:favicon
[ 2015-08-15T12:05:13+08:00 ] ERR: (ThinkException) 无法加载模块:favicon
[ 2015-08-15T12:05:13+08:00 ] ERR: (ThinkException) 无法加载模块:favicon
[ 2015-08-15T12:05:40+08:00 ] ERR: (ThinkException) 无法加载模块:favicon
[ 2015-08-15T12:05:52+08:00 ] ERR: (ThinkException) 无法加载模块:favicon
[ 2015-08-15T12:05:54+08:00 ] ERR: (ThinkException) 无法加载模块:favicon
[ 2015-08-15T12:06:09+08:00 ] ERR: (ThinkException) 无法加载模块:favicon
[ 2015-08-15T12:06:11+08:00 ] ERR: (ThinkException) 无法加载模块:favicon
[ 2015-08-15T12:06:13+08:00 ] ERR: (ThinkException) 无法加载模块:favicon
[ 2015-08-15T12:06:20+08:00 ] ERR: (ThinkException) 无法加载模块:favicon
[ 2015-08-15T12:06:21+08:00 ] ERR: (ThinkException) 无法加载模块:favicon
[ 2015-08-15T12:06:30+08:00 ] ERR: (ThinkException) 无法加载模块:favicon
[ 2015-08-15T12:06:31+08:00 ] ERR: (ThinkException) 无法加载模块:favicon
[ 2015-08-15T12:06:46+08:00 ] ERR: (ThinkException) 无法加载模块:favicon
[ 2015-08-15T12:06:46+08:00 ] ERR: (ThinkException) 无法加载模块:favicon
[ 2015-08-15T12:06:48+08:00 ] ERR: (ThinkException) 无法加载模块:favicon
[ 2015-08-15T12:06:49+08:00 ] ERR: (ThinkException) 无法加载模块:favicon
[ 2015-08-15T12:07:08+08:00 ] ERR: (ThinkException) 非法操作:images
[ 2015-08-15T12:07:08+08:00 ] ERR: (ThinkException) 无法加载模块:favicon
[ 2015-08-15T12:07:13+08:00 ] ERR: (ThinkException) 非法操作:images
[ 2015-08-15T12:07:14+08:00 ] ERR: (ThinkException) 无法加载模块:favicon
[ 2015-08-15T12:10:28+08:00 ] ERR: (ThinkException) 非法操作:images
[ 2015-08-15T12:10:29+08:00 ] ERR: (ThinkException) 无法加载模块:favicon
[ 2015-08-15T12:11:02+08:00 ] ERR: (ThinkException) 非法操作:images
[ 2015-08-15T12:11:02+08:00 ] ERR: (ThinkException) 无法加载模块:favicon
[ 2015-08-15T12:11:31+08:00 ] ERR: (ThinkException) 非法操作:images
[ 2015-08-15T12:11:31+08:00 ] ERR: (ThinkException) 无法加载模块:favicon
[ 2015-08-15T12:11:34+08:00 ] ERR: (ThinkException) 无法加载模块:favicon
[ 2015-08-15T12:11:35+08:00 ] ERR: (ThinkException) 无法加载模块:favicon
[ 2015-08-15T12:11:37+08:00 ] ERR: (ThinkException) 无法加载模块:favicon
[ 2015-08-15T12:11:40+08:00 ] ERR: (ThinkException) 无法加载模块:favicon
[ 2015-08-15T12:12:45+08:00 ] ERR: (ThinkException) 非法操作:images
[ 2015-08-15T12:12:45+08:00 ] ERR: (ThinkException) 无法加载模块:favicon
[ 2015-08-15T13:19:01+08:00 ] ERR: (ThinkException) 非法操作:images
[ 2015-08-15T13:19:01+08:00 ] ERR: (ThinkException) 无法加载模块:favicon
[ 2015-08-15T13:40:42+08:00 ] ERR: (ThinkException) 无法加载模块:favicon
[ 2015-08-15T13:40:53+08:00 ] ERR: (ThinkException) 无法加载模块:favicon
[ 2015-08-15T13:40:56+08:00 ] ERR: (ThinkException) 无法加载模块:favicon
[ 2015-08-15T13:41:07+08:00 ] ERR: (ThinkException) 无法加载模块:favicon
[ 2015-08-15T13:41:47+08:00 ] ERR: (ThinkException) 非法操作:images
[ 2015-08-15T13:41:47+08:00 ] ERR: (ThinkException) 无法加载模块:favicon
[ 2015-08-15T14:06:33+08:00 ] ERR: (ThinkException) 无法加载模块:favicon
[ 2015-08-15T14:06:40+08:00 ] ERR: (ThinkException) 无法加载模块:favicon
[ 2015-08-15T14:06:46+08:00 ] ERR: (ThinkException) 非法操作:images
[ 2015-08-15T14:06:46+08:00 ] ERR: (ThinkException) 无法加载模块:favicon
[ 2015-08-15T14:06:47+08:00 ] ERR: (ThinkException) 无法加载模块:favicon
[ 2015-08-15T14:06:48+08:00 ] ERR: (ThinkException) 非法操作:images
[ 2015-08-15T14:06:48+08:00 ] ERR: (ThinkException) 无法加载模块:favicon
[ 2015-08-15T14:06:51+08:00 ] ERR: (ThinkException) 非法操作:images
[ 2015-08-15T14:06:51+08:00 ] ERR: (ThinkException) 无法加载模块:favicon
[ 2015-08-15T14:07:12+08:00 ] ERR: (ThinkException) 无法加载模块:favicon
[ 2015-08-15T14:07:14+08:00 ] ERR: (ThinkException) 无法加载模块:favicon
[ 2015-08-15T14:07:21+08:00 ] ERR: (ThinkException) 无法加载模块:favicon
[ 2015-08-15T14:07:24+08:00 ] ERR: (ThinkException) 无法加载模块:favicon
[ 2015-08-15T14:07:30+08:00 ] ERR: (ThinkException) 无法加载模块:favicon
[ 2015-08-15T14:07:31+08:00 ] ERR: (ThinkException) 无法加载模块:favicon
[ 2015-08-15T14:07:32+08:00 ] ERR: (ThinkException) 无法加载模块:favicon
[ 2015-08-15T14:07:33+08:00 ] ERR: (ThinkException) 无法加载模块:favicon
[ 2015-08-15T14:07:34+08:00 ] ERR: (ThinkException) 无法加载模块:favicon
[ 2015-08-15T14:07:35+08:00 ] ERR: (ThinkException) 无法加载模块:favicon
[ 2015-08-15T14:07:35+08:00 ] ERR: (ThinkException) 无法加载模块:favicon
[ 2015-08-15T14:28:48+08:00 ] ERR: (ThinkException) 无法加载模块:favicon
[ 2015-08-15T14:28:49+08:00 ] ERR: (ThinkException) 无法加载模块:favicon
[ 2015-08-15T14:28:54+08:00 ] ERR: (ThinkException) 无法加载模块:favicon
[ 2015-08-15T14:29:00+08:00 ] ERR: (ThinkException) 无法加载模块:favicon
[ 2015-08-15T14:29:20+08:00 ] ERR: (ThinkException) 无法加载模块:favicon
[ 2015-08-15T14:29:23+08:00 ] 127.0.0.1 /xxxknight/index.php/Account/checkName?username=shadow
INFO: [ app_begin ] --START--
INFO: Run ReadHtmlCache Behavior [ RunTime:0.000651s ]
INFO: [ app_begin ] --END-- [ RunTime:0.000744s ]
SQL: SHOW COLUMNS FROM `xk_account` [ RunTime:0.004511s ]
SQL: SELECT COUNT(*) AS tp_count FROM `xk_account` WHERE ( `username` = 'shadow' ) LIMIT 1   [ RunTime:0.000365s ]

[ 2015-08-15T14:29:35+08:00 ] ERR: (ThinkException) 无法加载模块:favicon
[ 2015-08-15T14:30:11+08:00 ] ERR: (ThinkException) 无法加载模块:favicon
[ 2015-08-15T14:30:18+08:00 ] ERR: (ThinkException) 无法加载模块:favicon
[ 2015-08-15T14:30:20+08:00 ] ERR: (ThinkException) 无法加载模块:favicon
[ 2015-08-15T14:34:53+08:00 ] ERR: (ThinkException) 非法操作:images
[ 2015-08-15T14:34:53+08:00 ] ERR: (ThinkException) 无法加载模块:favicon
[ 2015-08-15T14:35:17+08:00 ] ERR: (ThinkException) 非法操作:images
[ 2015-08-15T14:35:17+08:00 ] ERR: (ThinkException) 无法加载模块:favicon
[ 2015-08-15T14:48:09+08:00 ] ERR: (ThinkException) 非法操作:offcanvas
[ 2015-08-15T14:48:09+08:00 ] ERR: (ThinkException) 非法操作:offcanvas
[ 2015-08-15T14:48:09+08:00 ] ERR: (ThinkException) 无法加载模块:favicon
[ 2015-08-15T14:48:22+08:00 ] ERR: (ThinkException) 非法操作:offcanvas
[ 2015-08-15T14:48:39+08:00 ] ERR: (ThinkException) 非法操作:offcanvas
[ 2015-08-15T14:48:39+08:00 ] ERR: (ThinkException) 非法操作:offcanvas
[ 2015-08-15T14:48:40+08:00 ] ERR: (ThinkException) 无法加载模块:favicon
[ 2015-08-15T14:49:27+08:00 ] ERR: (ThinkException) 非法操作:offcanvas
[ 2015-08-15T14:49:27+08:00 ] ERR: (ThinkException) 非法操作:offcanvas
[ 2015-08-15T14:49:27+08:00 ] ERR: (ThinkException) 无法加载模块:favicon
[ 2015-08-15T14:51:09+08:00 ] ERR: (ThinkException) 非法操作:offcanvas
[ 2015-08-15T14:51:09+08:00 ] ERR: (ThinkException) 非法操作:offcanvas
[ 2015-08-15T14:51:10+08:00 ] ERR: (ThinkException) 无法加载模块:favicon
[ 2015-08-15T14:51:14+08:00 ] ERR: (ThinkException) 无法加载模块:favicon
[ 2015-08-15T14:51:17+08:00 ] ERR: (ThinkException) 无法加载模块:favicon
[ 2015-08-15T14:51:23+08:00 ] ERR: (ThinkException) 非法操作:offcanvas
[ 2015-08-15T14:51:23+08:00 ] ERR: (ThinkException) 非法操作:offcanvas
[ 2015-08-15T14:51:23+08:00 ] ERR: (ThinkException) 无法加载模块:favicon
[ 2015-08-15T14:52:55+08:00 ] ERR: (ThinkException) 非法操作:offcanvas
[ 2015-08-15T14:52:55+08:00 ] ERR: (ThinkException) 无法加载模块:resources
[ 2015-08-15T14:52:55+08:00 ] ERR: (ThinkException) 非法操作:offcanvas
[ 2015-08-15T14:52:56+08:00 ] ERR: (ThinkException) 无法加载模块:favicon
[ 2015-08-15T14:52:57+08:00 ] ERR: (ThinkException) 无法加载模块:resources
[ 2015-08-15T14:52:57+08:00 ] ERR: (ThinkException) 非法操作:offcanvas
[ 2015-08-15T14:52:57+08:00 ] ERR: (ThinkException) 非法操作:offcanvas
[ 2015-08-15T14:52:57+08:00 ] ERR: (ThinkException) 无法加载模块:favicon
[ 2015-08-15T14:52:57+08:00 ] ERR: (ThinkException) 非法操作:offcanvas
[ 2015-08-15T14:52:57+08:00 ] ERR: (ThinkException) 无法加载模块:resources
[ 2015-08-15T14:52:57+08:00 ] ERR: (ThinkException) 非法操作:offcanvas
[ 2015-08-15T14:52:58+08:00 ] ERR: (ThinkException) 无法加载模块:favicon
[ 2015-08-15T14:53:13+08:00 ] ERR: (ThinkException) 无法加载模块:resources
[ 2015-08-15T14:53:13+08:00 ] ERR: (ThinkException) 非法操作:offcanvas
[ 2015-08-15T14:53:14+08:00 ] ERR: (ThinkException) 无法加载模块:favicon
[ 2015-08-15T14:57:01+08:00 ] ERR: (ThinkException) 无法加载模块:resources
[ 2015-08-15T14:57:01+08:00 ] ERR: (ThinkException) 非法操作:offcanvas
[ 2015-08-15T14:57:01+08:00 ] ERR: (ThinkException) 无法加载模块:favicon
[ 2015-08-15T14:57:02+08:00 ] ERR: (ThinkException) 非法操作:offcanvas
[ 2015-08-15T14:57:02+08:00 ] ERR: (ThinkException) 无法加载模块:resources
[ 2015-08-15T14:57:02+08:00 ] ERR: (ThinkException) 无法加载模块:favicon
[ 2015-08-15T14:57:45+08:00 ] ERR: (ThinkException) 无法加载模块:resources
[ 2015-08-15T14:57:45+08:00 ] ERR: (ThinkException) 非法操作:offcanvas
[ 2015-08-15T14:57:45+08:00 ] ERR: (ThinkException) 无法加载模块:favicon
[ 2015-08-15T14:57:46+08:00 ] ERR: (ThinkException) 无法加载模块:resources
[ 2015-08-15T14:57:46+08:00 ] ERR: (ThinkException) 非法操作:offcanvas
[ 2015-08-15T14:57:46+08:00 ] ERR: (ThinkException) 无法加载模块:favicon
[ 2015-08-15T14:57:46+08:00 ] ERR: (ThinkException) 无法加载模块:resources
[ 2015-08-15T14:57:46+08:00 ] ERR: (ThinkException) 非法操作:offcanvas
[ 2015-08-15T14:57:46+08:00 ] ERR: (ThinkException) 无法加载模块:favicon
[ 2015-08-15T14:57:46+08:00 ] ERR: (ThinkException) 无法加载模块:resources
[ 2015-08-15T14:57:46+08:00 ] ERR: (ThinkException) 非法操作:offcanvas
[ 2015-08-15T14:57:46+08:00 ] ERR: (ThinkException) 无法加载模块:favicon
[ 2015-08-15T14:57:47+08:00 ] ERR: (ThinkException) 无法加载模块:resources
[ 2015-08-15T14:57:47+08:00 ] ERR: (ThinkException) 非法操作:offcanvas
[ 2015-08-15T14:57:47+08:00 ] ERR: (ThinkException) 无法加载模块:favicon
[ 2015-08-15T14:57:50+08:00 ] ERR: (ThinkException) 无法加载模块:resources
[ 2015-08-15T14:57:50+08:00 ] ERR: (ThinkException) 非法操作:offcanvas
[ 2015-08-15T14:57:50+08:00 ] ERR: (ThinkException) 无法加载模块:favicon
[ 2015-08-15T14:57:50+08:00 ] ERR: (ThinkException) 无法加载模块:resources
[ 2015-08-15T14:57:50+08:00 ] ERR: (ThinkException) 非法操作:offcanvas
[ 2015-08-15T14:57:51+08:00 ] ERR: (ThinkException) 无法加载模块:favicon
[ 2015-08-15T14:57:51+08:00 ] ERR: (ThinkException) 无法加载模块:resources
[ 2015-08-15T14:57:51+08:00 ] ERR: (ThinkException) 非法操作:offcanvas
[ 2015-08-15T14:57:51+08:00 ] ERR: (ThinkException) 无法加载模块:favicon
[ 2015-08-15T14:58:09+08:00 ] ERR: (ThinkException) 非法操作:offcanvas
[ 2015-08-15T14:58:09+08:00 ] ERR: (ThinkException) 无法加载模块:favicon
[ 2015-08-15T14:58:10+08:00 ] ERR: (ThinkException) 非法操作:offcanvas
[ 2015-08-15T14:58:10+08:00 ] ERR: (ThinkException) 无法加载模块:favicon
[ 2015-08-15T14:58:10+08:00 ] ERR: (ThinkException) 非法操作:offcanvas
[ 2015-08-15T14:58:11+08:00 ] ERR: (ThinkException) 无法加载模块:favicon
[ 2015-08-15T14:59:21+08:00 ] ERR: (ThinkException) 无法加载模块:favicon
[ 2015-08-15T15:02:07+08:00 ] ERR: (ThinkException) 无法加载模块:favicon
[ 2015-08-15T15:02:07+08:00 ] ERR: (ThinkException) 无法加载模块:favicon
[ 2015-08-15T15:02:08+08:00 ] ERR: (ThinkException) 无法加载模块:favicon
[ 2015-08-15T15:02:08+08:00 ] ERR: (ThinkException) 无法加载模块:favicon
[ 2015-08-15T15:02:08+08:00 ] ERR: (ThinkException) 无法加载模块:favicon
[ 2015-08-15T15:02:09+08:00 ] ERR: (ThinkException) 无法加载模块:favicon
[ 2015-08-15T15:02:09+08:00 ] ERR: (ThinkException) 无法加载模块:favicon
[ 2015-08-15T15:02:09+08:00 ] ERR: (ThinkException) 无法加载模块:favicon
[ 2015-08-15T15:02:10+08:00 ] ERR: (ThinkException) 无法加载模块:favicon
[ 2015-08-15T15:02:10+08:00 ] ERR: (ThinkException) 无法加载模块:favicon
[ 2015-08-15T15:02:10+08:00 ] ERR: (ThinkException) 无法加载模块:favicon
[ 2015-08-15T15:02:11+08:00 ] ERR: (ThinkException) 无法加载模块:favicon
[ 2015-08-15T15:02:11+08:00 ] ERR: (ThinkException) 无法加载模块:favicon
[ 2015-08-15T15:02:11+08:00 ] ERR: (ThinkException) 无法加载模块:favicon
[ 2015-08-15T15:02:12+08:00 ] ERR: (ThinkException) 无法加载模块:favicon
[ 2015-08-15T15:02:12+08:00 ] ERR: (ThinkException) 无法加载模块:favicon
[ 2015-08-15T15:02:12+08:00 ] ERR: (ThinkException) 无法加载模块:favicon
[ 2015-08-15T15:02:13+08:00 ] ERR: (ThinkException) 无法加载模块:favicon
[ 2015-08-15T15:02:13+08:00 ] ERR: (ThinkException) 无法加载模块:favicon
[ 2015-08-15T15:02:13+08:00 ] ERR: (ThinkException) 无法加载模块:favicon
[ 2015-08-15T15:02:13+08:00 ] ERR: (ThinkException) 无法加载模块:favicon
[ 2015-08-15T15:02:14+08:00 ] ERR: (ThinkException) 无法加载模块:favicon
[ 2015-08-15T15:02:14+08:00 ] ERR: (ThinkException) 无法加载模块:favicon
[ 2015-08-15T15:02:14+08:00 ] ERR: (ThinkException) 无法加载模块:favicon
[ 2015-08-15T15:02:15+08:00 ] ERR: (ThinkException) 无法加载模块:favicon
[ 2015-08-15T15:02:15+08:00 ] ERR: (ThinkException) 无法加载模块:favicon
[ 2015-08-15T15:02:15+08:00 ] ERR: (ThinkException) 无法加载模块:favicon
[ 2015-08-15T15:02:16+08:00 ] ERR: (ThinkException) 无法加载模块:favicon
[ 2015-08-15T15:02:16+08:00 ] ERR: (ThinkException) 无法加载模块:favicon
[ 2015-08-15T15:02:16+08:00 ] ERR: (ThinkException) 无法加载模块:favicon
[ 2015-08-15T15:02:17+08:00 ] ERR: (ThinkException) 无法加载模块:favicon
[ 2015-08-15T15:02:17+08:00 ] ERR: (ThinkException) 无法加载模块:favicon
[ 2015-08-15T15:02:17+08:00 ] ERR: (ThinkException) 无法加载模块:favicon
[ 2015-08-15T15:02:18+08:00 ] ERR: (ThinkException) 无法加载模块:favicon
[ 2015-08-15T15:02:19+08:00 ] ERR: (ThinkException) 无法加载模块:favicon
[ 2015-08-15T15:02:19+08:00 ] ERR: (ThinkException) 无法加载模块:favicon
[ 2015-08-15T15:02:20+08:00 ] ERR: (ThinkException) 无法加载模块:favicon
[ 2015-08-15T15:02:21+08:00 ] ERR: (ThinkException) 无法加载模块:favicon
[ 2015-08-15T15:02:21+08:00 ] ERR: (ThinkException) 无法加载模块:favicon
[ 2015-08-15T15:02:21+08:00 ] ERR: (ThinkException) 无法加载模块:favicon
[ 2015-08-15T15:02:22+08:00 ] ERR: (ThinkException) 无法加载模块:favicon
[ 2015-08-15T15:02:22+08:00 ] ERR: (ThinkException) 无法加载模块:favicon
[ 2015-08-15T15:02:22+08:00 ] ERR: (ThinkException) 无法加载模块:favicon
[ 2015-08-15T15:02:23+08:00 ] ERR: (ThinkException) 无法加载模块:favicon
[ 2015-08-15T15:02:23+08:00 ] ERR: (ThinkException) 无法加载模块:favicon
[ 2015-08-15T15:02:23+08:00 ] ERR: (ThinkException) 无法加载模块:favicon
[ 2015-08-15T15:02:24+08:00 ] ERR: (ThinkException) 无法加载模块:favicon
[ 2015-08-15T15:02:24+08:00 ] ERR: (ThinkException) 无法加载模块:favicon
[ 2015-08-15T15:02:25+08:00 ] ERR: (ThinkException) 无法加载模块:favicon
[ 2015-08-15T15:02:27+08:00 ] ERR: (ThinkException) 无法加载模块:favicon
[ 2015-08-15T15:02:28+08:00 ] ERR: (ThinkException) 无法加载模块:favicon
[ 2015-08-15T15:02:29+08:00 ] ERR: (ThinkException) 无法加载模块:favicon
[ 2015-08-15T15:02:30+08:00 ] ERR: (ThinkException) 无法加载模块:favicon
[ 2015-08-15T15:02:31+08:00 ] ERR: (ThinkException) 无法加载模块:favicon
[ 2015-08-15T15:02:33+08:00 ] ERR: (ThinkException) 无法加载模块:favicon
[ 2015-08-15T15:02:34+08:00 ] ERR: (ThinkException) 无法加载模块:favicon
[ 2015-08-15T15:05:25+08:00 ] ERR: (ThinkException) 无法加载模块:favicon
[ 2015-08-15T15:06:14+08:00 ] ERR: (ThinkException) 无法加载模块:favicon
[ 2015-08-15T15:09:53+08:00 ] ERR: (ThinkException) 无法加载模块:favicon
[ 2015-08-15T15:09:54+08:00 ] ERR: (ThinkException) 无法加载模块:favicon
[ 2015-08-15T15:09:57+08:00 ] ERR: (ThinkException) 无法加载模块:favicon
[ 2015-08-15T15:09:59+08:00 ] ERR: (ThinkException) 无法加载模块:favicon
[ 2015-08-15T15:10:00+08:00 ] ERR: (ThinkException) 无法加载模块:favicon
[ 2015-08-15T15:10:01+08:00 ] ERR: (ThinkException) 无法加载模块:favicon
[ 2015-08-15T15:12:51+08:00 ] ERR: (ThinkException) 无法加载模块:favicon
[ 2015-08-15T15:12:52+08:00 ] ERR: (ThinkException) 无法加载模块:favicon
[ 2015-08-15T15:12:53+08:00 ] ERR: (ThinkException) 无法加载模块:favicon
[ 2015-08-15T15:12:53+08:00 ] ERR: (ThinkException) 无法加载模块:favicon
[ 2015-08-15T15:23:07+08:00 ] ERR: (ThinkException) 无法加载模块:favicon
[ 2015-08-15T15:23:08+08:00 ] ERR: (ThinkException) 无法加载模块:favicon
[ 2015-08-15T15:23:08+08:00 ] ERR: (ThinkException) 无法加载模块:favicon
[ 2015-08-15T15:23:11+08:00 ] ERR: (ThinkException) 无法加载模块:favicon
[ 2015-08-15T15:25:25+08:00 ] ERR: (ThinkException) 非法操作:images
[ 2015-08-15T15:25:28+08:00 ] ERR: (ThinkException) 非法操作:images
[ 2015-08-15T15:25:32+08:00 ] ERR: (ThinkException) 非法操作:offcanvas
[ 2015-08-15T15:25:32+08:00 ] ERR: (ThinkException) 非法操作:offcanvas
[ 2015-08-15T15:26:14+08:00 ] ERR: (ThinkException) 非法操作:offcanvas
[ 2015-08-15T15:28:35+08:00 ] ERR: (ThinkException) 非法操作:images
[ 2015-08-15T15:28:40+08:00 ] ERR: (ThinkException) 无法加载模块:favicon
[ 2015-08-15T15:28:45+08:00 ] ERR: (ThinkException) 无法加载模块:favicon
[ 2015-08-15T15:31:11+08:00 ] ERR: (ThinkException) 无法加载模块:favicon
[ 2015-08-15T15:31:12+08:00 ] ERR: (ThinkException) 无法加载模块:favicon
[ 2015-08-15T15:34:22+08:00 ] ERR: (ThinkException) 无法加载模块:f
[ 2015-08-15T15:34:34+08:00 ] ERR: (ThinkException) 无法加载模块:favicon
[ 2015-08-15T15:54:41+08:00 ] ERR: (ThinkException) 无法加载模块:favicon
[ 2015-08-15T15:55:41+08:00 ] ERR: (ThinkException) 无法加载模块:favicon
[ 2015-08-15T16:08:54+08:00 ] ERR: (ThinkException) 无法加载模块:favicon
[ 2015-08-15T16:15:47+08:00 ] ERR: (ThinkException) 无法加载模块:favicon
[ 2015-08-15T16:17:03+08:00 ] ERR: (ThinkException) 无法加载模块:favicon
[ 2015-08-15T16:17:04+08:00 ] ERR: (ThinkException) 非法操作:images
[ 2015-08-15T16:17:05+08:00 ] ERR: (ThinkException) 无法加载模块:favicon
[ 2015-08-15T16:17:08+08:00 ] ERR: (ThinkException) 无法加载模块:favicon
[ 2015-08-15T16:17:17+08:00 ] ERR: (ThinkException) 无法加载模块:favicon
[ 2015-08-15T16:17:22+08:00 ] ERR: (ThinkException) 无法加载模块:favicon
[ 2015-08-15T16:19:00+08:00 ] ERR: (ThinkException) 无法加载模块:favicon
[ 2015-08-15T16:19:01+08:00 ] ERR: (ThinkException) 无法加载模块:favicon
[ 2015-08-15T16:19:01+08:00 ] ERR: (ThinkException) 无法加载模块:favicon
[ 2015-08-15T16:19:34+08:00 ] ERR: (ThinkException) 无法加载模块:favicon
[ 2015-08-15T16:20:05+08:00 ] ERR: (ThinkException) 无法加载模块:favicon
[ 2015-08-15T16:20:08+08:00 ] ERR: (ThinkException) 无法加载模块:favicon
[ 2015-08-15T16:20:10+08:00 ] ERR: (ThinkException) 无法加载模块:favicon
[ 2015-08-15T16:20:12+08:00 ] ERR: (ThinkException) 无法加载模块:favicon
[ 2015-08-15T16:20:13+08:00 ] ERR: (ThinkException) 无法加载模块:favicon
[ 2015-08-15T16:20:16+08:00 ] ERR: (ThinkException) 无法加载模块:favicon
[ 2015-08-15T16:21:04+08:00 ] ERR: (ThinkException) 无法加载模块:favicon
[ 2015-08-15T16:33:00+08:00 ] ERR: (ThinkException) 无法加载模块:favicon
[ 2015-08-15T16:33:00+08:00 ] ERR: (ThinkException) 无法加载模块:favicon
[ 2015-08-15T16:33:01+08:00 ] ERR: (ThinkException) 无法加载模块:favicon
[ 2015-08-15T16:33:01+08:00 ] ERR: (ThinkException) 无法加载模块:favicon
[ 2015-08-15T16:33:01+08:00 ] ERR: (ThinkException) 无法加载模块:favicon
[ 2015-08-15T16:33:02+08:00 ] ERR: (ThinkException) 无法加载模块:favicon
[ 2015-08-15T16:33:02+08:00 ] ERR: (ThinkException) 无法加载模块:favicon
[ 2015-08-15T16:33:02+08:00 ] ERR: (ThinkException) 无法加载模块:favicon
[ 2015-08-15T16:33:03+08:00 ] ERR: (ThinkException) 无法加载模块:favicon
[ 2015-08-15T16:33:03+08:00 ] ERR: (ThinkException) 无法加载模块:favicon
[ 2015-08-15T16:33:03+08:00 ] ERR: (ThinkException) 无法加载模块:favicon
[ 2015-08-15T16:33:04+08:00 ] ERR: (ThinkException) 无法加载模块:favicon
[ 2015-08-15T16:33:04+08:00 ] ERR: (ThinkException) 无法加载模块:favicon
[ 2015-08-15T16:33:04+08:00 ] ERR: (ThinkException) 无法加载模块:favicon
[ 2015-08-15T16:33:15+08:00 ] ERR: (ThinkException) 无法加载模块:favicon
[ 2015-08-15T16:33:15+08:00 ] ERR: (ThinkException) 无法加载模块:favicon
[ 2015-08-15T16:33:16+08:00 ] ERR: (ThinkException) 无法加载模块:favicon
[ 2015-08-15T16:33:16+08:00 ] ERR: (ThinkException) 无法加载模块:favicon
[ 2015-08-15T16:33:20+08:00 ] ERR: (ThinkException) 无法加载模块:favicon
[ 2015-08-15T16:33:21+08:00 ] ERR: (ThinkException) 无法加载模块:favicon
[ 2015-08-15T16:33:25+08:00 ] ERR: (ThinkException) 无法加载模块:favicon
[ 2015-08-15T16:33:29+08:00 ] ERR: (ThinkException) 无法加载模块:favicon
[ 2015-08-15T16:34:20+08:00 ] ERR: (ThinkException) 无法加载模块:favicon
[ 2015-08-15T16:34:21+08:00 ] ERR: (ThinkException) 无法加载模块:favicon
[ 2015-08-15T16:34:22+08:00 ] ERR: (ThinkException) 无法加载模块:favicon
[ 2015-08-15T16:34:22+08:00 ] ERR: (ThinkException) 无法加载模块:favicon
[ 2015-08-15T16:36:58+08:00 ] ERR: (ThinkException) 无法加载模块:favicon
[ 2015-08-15T16:36:59+08:00 ] ERR: (ThinkException) 无法加载模块:favicon
[ 2015-08-15T16:36:59+08:00 ] ERR: (ThinkException) 无法加载模块:favicon
[ 2015-08-15T16:37:00+08:00 ] ERR: (ThinkException) 无法加载模块:favicon
[ 2015-08-15T16:37:00+08:00 ] ERR: (ThinkException) 无法加载模块:favicon
[ 2015-08-15T16:37:00+08:00 ] ERR: (ThinkException) 无法加载模块:favicon
[ 2015-08-15T16:37:11+08:00 ] ERR: (ThinkException) 无法加载模块:favicon
[ 2015-08-15T16:37:12+08:00 ] ERR: (ThinkException) 无法加载模块:favicon
[ 2015-08-15T16:37:13+08:00 ] ERR: (ThinkException) 无法加载模块:favicon
[ 2015-08-15T16:37:47+08:00 ] ERR: (ThinkException) 无法加载模块:favicon
[ 2015-08-15T16:37:48+08:00 ] ERR: (ThinkException) 无法加载模块:favicon
[ 2015-08-15T16:37:48+08:00 ] ERR: (ThinkException) 无法加载模块:favicon
[ 2015-08-15T16:37:49+08:00 ] ERR: (ThinkException) 无法加载模块:favicon
[ 2015-08-15T16:37:49+08:00 ] ERR: (ThinkException) 无法加载模块:favicon
[ 2015-08-15T16:37:49+08:00 ] ERR: (ThinkException) 无法加载模块:favicon
[ 2015-08-15T16:37:50+08:00 ] ERR: (ThinkException) 无法加载模块:favicon
[ 2015-08-15T16:39:50+08:00 ] ERR: (ThinkException) 无法加载模块:favicon
[ 2015-08-15T16:40:40+08:00 ] ERR: (ThinkException) 无法加载模块:favicon
[ 2015-08-15T16:41:14+08:00 ] ERR: (ThinkException) 无法加载模块:favicon
[ 2015-08-15T16:42:33+08:00 ] ERR: (ThinkException) 无法加载模块:favicon
[ 2015-08-15T16:43:49+08:00 ] ERR: (ThinkException) 无法加载模块:favicon
[ 2015-08-15T16:45:42+08:00 ] ERR: (ThinkException) 无法加载模块:favicon
[ 2015-08-15T16:45:52+08:00 ] ERR: (ThinkException) 无法加载模块:favicon
[ 2015-08-15T16:45:54+08:00 ] ERR: (ThinkException) 无法加载模块:favicon
[ 2015-08-15T16:47:09+08:00 ] ERR: (ThinkException) 无法加载模块:favicon
[ 2015-08-15T16:47:11+08:00 ] ERR: (ThinkException) 无法加载模块:favicon
[ 2015-08-15T16:47:13+08:00 ] ERR: (ThinkException) 无法加载模块:favicon
[ 2015-08-15T16:47:28+08:00 ] ERR: (ThinkException) 无法加载模块:favicon
[ 2015-08-15T16:49:08+08:00 ] ERR: (ThinkException) 无法加载模块:favicon
[ 2015-08-15T20:43:52+08:00 ] ERR: (ThinkException) 无法加载模块:favicon
[ 2015-08-15T20:50:07+08:00 ] ERR: (ThinkException) 无法加载模块:favicon
[ 2015-08-15T20:50:43+08:00 ] ERR: (ThinkException) 非法操作:images
[ 2015-08-15T20:50:43+08:00 ] ERR: (ThinkException) 无法加载模块:favicon
[ 2015-08-15T20:50:45+08:00 ] ERR: (ThinkException) 无法加载模块:favicon
[ 2015-08-15T20:50:52+08:00 ] ERR: (ThinkException) 无法加载模块:favicon
[ 2015-08-15T20:51:01+08:00 ] ERR: (ThinkException) 无法加载模块:favicon
[ 2015-08-15T20:51:03+08:00 ] ERR: (ThinkException) 无法加载模块:favicon
[ 2015-08-15T20:51:15+08:00 ] ERR: (ThinkException) 无法加载模块:favicon
[ 2015-08-15T20:51:26+08:00 ] ERR: (ThinkException) 无法加载模块:favicon
[ 2015-08-15T20:51:30+08:00 ] ERR: (ThinkException) 无法加载模块:favicon
[ 2015-08-15T20:51:42+08:00 ] ERR: (ThinkException) 无法加载模块:favicon
[ 2015-08-15T20:51:49+08:00 ] ERR: (ThinkException) 无法加载模块:favicon
[ 2015-08-15T20:51:54+08:00 ] ERR: (ThinkException) 无法加载模块:favicon
[ 2015-08-15T20:54:32+08:00 ] ERR: (ThinkException) 无法加载模块:favicon
[ 2015-08-15T21:06:47+08:00 ] ERR: (ThinkException) Model:relation您所请求的方法不存在！
[ 2015-08-15T21:06:49+08:00 ] ERR: (ThinkException) Model:relation您所请求的方法不存在！
