[ 2015-07-21T13:21:22+08:00 ] ERR: (ThinkException) 非法操作:js
[ 2015-07-21T13:21:22+08:00 ] ERR: (ThinkException) 非法操作:images
[ 2015-07-21T13:21:23+08:00 ] ERR: (ThinkException) 无法加载模块:resources
[ 2015-07-21T13:21:34+08:00 ] ERR: (ThinkException) 非法操作:js
[ 2015-07-21T13:21:34+08:00 ] ERR: (ThinkException) 非法操作:images
[ 2015-07-21T13:21:34+08:00 ] ERR: (ThinkException) 无法加载模块:resources
[ 2015-07-21T13:21:36+08:00 ] ERR: (ThinkException) 非法操作:js
[ 2015-07-21T13:21:36+08:00 ] ERR: (ThinkException) 非法操作:images
[ 2015-07-21T13:21:36+08:00 ] ERR: (ThinkException) 无法加载模块:resources
[ 2015-07-21T13:21:37+08:00 ] ERR: (ThinkException) 非法操作:js
[ 2015-07-21T13:21:37+08:00 ] ERR: (ThinkException) 非法操作:images
[ 2015-07-21T13:21:37+08:00 ] ERR: (ThinkException) 无法加载模块:resources
[ 2015-07-21T13:28:01+08:00 ] ERR: (ThinkException) 无法加载模块:resources
[ 2015-07-21T13:28:09+08:00 ] ERR: (ThinkException) 无法加载模块:resources
[ 2015-07-21T13:28:18+08:00 ] ERR: (ThinkException) 无法加载模块:resources
[ 2015-07-21T13:28:20+08:00 ] ERR: (ThinkException) 无法加载模块:resources
[ 2015-07-21T13:28:32+08:00 ] ERR: (ThinkException) 无法加载模块:resources
[ 2015-07-21T13:28:34+08:00 ] ERR: (ThinkException) 无法加载模块:resources
[ 2015-07-21T17:20:09+08:00 ] ERR: (ThinkException) 非法操作:images
[ 2015-07-21T17:20:09+08:00 ] ERR: (ThinkException) 非法操作:img
[ 2015-07-21T17:20:09+08:00 ] ERR: (ThinkException) 非法操作:img
[ 2015-07-21T17:20:09+08:00 ] ERR: (ThinkException) 非法操作:img
[ 2015-07-21T17:20:09+08:00 ] ERR: (ThinkException) 非法操作:img
[ 2015-07-21T17:20:09+08:00 ] ERR: (ThinkException) 非法操作:img
[ 2015-07-21T17:20:09+08:00 ] ERR: (ThinkException) 非法操作:img
[ 2015-07-21T17:20:09+08:00 ] ERR: (ThinkException) 非法操作:img
[ 2015-07-21T17:20:09+08:00 ] ERR: (ThinkException) 非法操作:img
[ 2015-07-21T17:20:09+08:00 ] ERR: (ThinkException) 非法操作:img
[ 2015-07-21T17:20:09+08:00 ] ERR: (ThinkException) 非法操作:img
[ 2015-07-21T17:20:09+08:00 ] ERR: (ThinkException) 非法操作:img
[ 2015-07-21T17:20:09+08:00 ] ERR: (ThinkException) 非法操作:img
[ 2015-07-21T17:20:09+08:00 ] ERR: (ThinkException) 非法操作:img
[ 2015-07-21T17:20:09+08:00 ] ERR: (ThinkException) 非法操作:img
[ 2015-07-21T17:20:09+08:00 ] ERR: (ThinkException) 非法操作:img
[ 2015-07-21T17:20:09+08:00 ] ERR: (ThinkException) 非法操作:img
[ 2015-07-21T17:20:09+08:00 ] ERR: (ThinkException) 非法操作:img
[ 2015-07-21T17:20:09+08:00 ] ERR: (ThinkException) 非法操作:img
[ 2015-07-21T17:20:09+08:00 ] ERR: (ThinkException) 非法操作:img
[ 2015-07-21T17:20:09+08:00 ] ERR: (ThinkException) 非法操作:img
[ 2015-07-21T17:20:09+08:00 ] ERR: (ThinkException) 非法操作:img
[ 2015-07-21T17:20:09+08:00 ] ERR: (ThinkException) 非法操作:img
[ 2015-07-21T17:20:09+08:00 ] ERR: (ThinkException) 非法操作:img
[ 2015-07-21T17:20:09+08:00 ] ERR: (ThinkException) 非法操作:img
[ 2015-07-21T17:20:09+08:00 ] ERR: (ThinkException) 非法操作:img
[ 2015-07-21T17:20:09+08:00 ] ERR: (ThinkException) 无法加载模块:resources
[ 2015-07-21T17:20:09+08:00 ] ERR: (ThinkException) 无法加载模块:resources
[ 2015-07-21T17:20:09+08:00 ] ERR: (ThinkException) 无法加载模块:resources
[ 2015-07-21T17:20:09+08:00 ] ERR: (ThinkException) 无法加载模块:resources
[ 2015-07-21T17:20:09+08:00 ] ERR: (ThinkException) 无法加载模块:resources
[ 2015-07-21T17:20:09+08:00 ] ERR: (ThinkException) 非法操作:img
[ 2015-07-21T17:20:09+08:00 ] ERR: (ThinkException) 非法操作:img
[ 2015-07-21T17:20:09+08:00 ] ERR: (ThinkException) 非法操作:img
[ 2015-07-21T17:20:09+08:00 ] ERR: (ThinkException) 非法操作:img
[ 2015-07-21T17:20:09+08:00 ] ERR: (ThinkException) 无法加载模块:resources
[ 2015-07-21T17:20:09+08:00 ] ERR: (ThinkException) 非法操作:img
[ 2015-07-21T17:20:09+08:00 ] ERR: (ThinkException) 非法操作:img
[ 2015-07-21T17:20:09+08:00 ] ERR: (ThinkException) 非法操作:img
[ 2015-07-21T17:20:09+08:00 ] ERR: (ThinkException) 非法操作:img
[ 2015-07-21T17:20:09+08:00 ] ERR: (ThinkException) 非法操作:img
[ 2015-07-21T17:20:09+08:00 ] ERR: (ThinkException) 非法操作:img
[ 2015-07-21T17:20:09+08:00 ] ERR: (ThinkException) 非法操作:img
[ 2015-07-21T17:20:09+08:00 ] ERR: (ThinkException) 无法加载模块:resources
[ 2015-07-21T17:20:09+08:00 ] ERR: (ThinkException) 非法操作:images
[ 2015-07-21T17:20:09+08:00 ] ERR: (ThinkException) 无法加载模块:resources
[ 2015-07-21T17:20:10+08:00 ] ERR: (ThinkException) 无法加载模块:resources
[ 2015-07-21T17:20:11+08:00 ] ERR: (ThinkException) 无法加载模块:resources
[ 2015-07-21T17:24:05+08:00 ] ERR: (ThinkException) 非法操作:page
[ 2015-07-21T19:51:18+08:00 ] ERR: (ThinkException) 非法操作:js
[ 2015-07-21T19:51:18+08:00 ] ERR: (ThinkException) 非法操作:images
[ 2015-07-21T19:51:18+08:00 ] ERR: (ThinkException) 非法操作:shadow
[ 2015-07-21T19:51:18+08:00 ] ERR: (ThinkException) 非法操作:shadow
[ 2015-07-21T19:51:18+08:00 ] ERR: (ThinkException) 非法操作:shadow
[ 2015-07-21T19:51:18+08:00 ] ERR: (ThinkException) 非法操作:shadow
[ 2015-07-21T19:51:18+08:00 ] ERR: (ThinkException) 非法操作:shadow
[ 2015-07-21T19:51:18+08:00 ] ERR: (ThinkException) 非法操作:shadow
[ 2015-07-21T19:51:18+08:00 ] ERR: (ThinkException) 非法操作:shadow
[ 2015-07-21T19:51:18+08:00 ] ERR: (ThinkException) 非法操作:shadow
[ 2015-07-21T19:51:18+08:00 ] ERR: (ThinkException) 非法操作:shadow
[ 2015-07-21T19:51:18+08:00 ] ERR: (ThinkException) 非法操作:shadow
[ 2015-07-21T19:53:20+08:00 ] ERR: (ThinkException) 非法操作:js
[ 2015-07-21T19:53:20+08:00 ] ERR: (ThinkException) 非法操作:images
[ 2015-07-21T19:53:32+08:00 ] ERR: (ThinkException) 非法操作:js
[ 2015-07-21T19:53:32+08:00 ] ERR: (ThinkException) 非法操作:images
[ 2015-07-21T19:54:33+08:00 ] ERR: (ThinkException) 非法操作:images
[ 2015-07-21T19:54:38+08:00 ] ERR: (ThinkException) 非法操作:images
[ 2015-07-21T19:54:56+08:00 ] ERR: (ThinkException) 非法操作:images
[ 2015-07-21T19:54:56+08:00 ] ERR: (ThinkException) 非法操作:images
[ 2015-07-21T19:55:44+08:00 ] ERR: (ThinkException) 非法操作:images
[ 2015-07-21T20:11:21+08:00 ] ERR: (ThinkException) 非法操作:images
[ 2015-07-21T20:11:21+08:00 ] ERR: (ThinkException) 非法操作:images
[ 2015-07-21T20:11:21+08:00 ] ERR: (ThinkException) 非法操作:images
[ 2015-07-21T20:11:21+08:00 ] ERR: (ThinkException) 非法操作:images
[ 2015-07-21T20:11:21+08:00 ] ERR: (ThinkException) 非法操作:images
[ 2015-07-21T20:11:21+08:00 ] ERR: (ThinkException) 非法操作:images
[ 2015-07-21T20:11:21+08:00 ] ERR: (ThinkException) 非法操作:images
[ 2015-07-21T20:11:21+08:00 ] ERR: (ThinkException) 非法操作:images
[ 2015-07-21T20:11:21+08:00 ] ERR: (ThinkException) 非法操作:images
[ 2015-07-21T20:11:21+08:00 ] ERR: (ThinkException) 非法操作:images
[ 2015-07-21T20:11:21+08:00 ] ERR: (ThinkException) 非法操作:images
[ 2015-07-21T20:13:00+08:00 ] ERR: (ThinkException) 非法操作:images
[ 2015-07-21T20:13:00+08:00 ] ERR: (ThinkException) 非法操作:images
[ 2015-07-21T20:13:00+08:00 ] ERR: (ThinkException) 非法操作:images
[ 2015-07-21T20:13:00+08:00 ] ERR: (ThinkException) 非法操作:images
[ 2015-07-21T20:13:00+08:00 ] ERR: (ThinkException) 非法操作:images
[ 2015-07-21T20:13:00+08:00 ] ERR: (ThinkException) 非法操作:images
[ 2015-07-21T20:13:00+08:00 ] ERR: (ThinkException) 非法操作:images
[ 2015-07-21T20:13:00+08:00 ] ERR: (ThinkException) 非法操作:images
[ 2015-07-21T20:14:08+08:00 ] ERR: (ThinkException) 非法操作:images
[ 2015-07-21T20:15:37+08:00 ] ERR: (ThinkException) 非法操作:images
[ 2015-07-21T20:15:55+08:00 ] ERR: (ThinkException) 非法操作:images
[ 2015-07-21T20:15:59+08:00 ] ERR: (ThinkException) 非法操作:images
[ 2015-07-21T20:16:25+08:00 ] ERR: (ThinkException) 非法操作:images
[ 2015-07-21T20:31:17+08:00 ] ERR: (ThinkException) 非法操作:images
[ 2015-07-21T20:33:45+08:00 ] ERR: (ThinkException) 非法操作:images
[ 2015-07-21T23:22:57+08:00 ] ERR: (ThinkException) 非法操作:images
[ 2015-07-21T23:22:57+08:00 ] ERR: (ThinkException) 非法操作:img
[ 2015-07-21T23:22:57+08:00 ] ERR: (ThinkException) 非法操作:img
[ 2015-07-21T23:22:57+08:00 ] ERR: (ThinkException) 非法操作:img
[ 2015-07-21T23:22:57+08:00 ] ERR: (ThinkException) 非法操作:img
[ 2015-07-21T23:22:57+08:00 ] ERR: (ThinkException) 非法操作:img
[ 2015-07-21T23:22:57+08:00 ] ERR: (ThinkException) 非法操作:img
[ 2015-07-21T23:22:57+08:00 ] ERR: (ThinkException) 非法操作:img
[ 2015-07-21T23:22:57+08:00 ] ERR: (ThinkException) 非法操作:img
[ 2015-07-21T23:22:57+08:00 ] ERR: (ThinkException) 非法操作:img
[ 2015-07-21T23:22:57+08:00 ] ERR: (ThinkException) 非法操作:img
[ 2015-07-21T23:22:57+08:00 ] ERR: (ThinkException) 非法操作:img
[ 2015-07-21T23:22:57+08:00 ] ERR: (ThinkException) 非法操作:img
[ 2015-07-21T23:22:57+08:00 ] ERR: (ThinkException) 非法操作:img
[ 2015-07-21T23:22:57+08:00 ] ERR: (ThinkException) 非法操作:img
[ 2015-07-21T23:22:57+08:00 ] ERR: (ThinkException) 非法操作:img
[ 2015-07-21T23:22:57+08:00 ] ERR: (ThinkException) 非法操作:img
[ 2015-07-21T23:22:57+08:00 ] ERR: (ThinkException) 非法操作:img
[ 2015-07-21T23:22:57+08:00 ] ERR: (ThinkException) 非法操作:img
[ 2015-07-21T23:22:57+08:00 ] ERR: (ThinkException) 非法操作:img
[ 2015-07-21T23:22:57+08:00 ] ERR: (ThinkException) 非法操作:img
[ 2015-07-21T23:22:57+08:00 ] ERR: (ThinkException) 无法加载模块:resources
[ 2015-07-21T23:22:57+08:00 ] ERR: (ThinkException) 非法操作:img
[ 2015-07-21T23:22:57+08:00 ] ERR: (ThinkException) 无法加载模块:resources
[ 2015-07-21T23:22:57+08:00 ] ERR: (ThinkException) 无法加载模块:resources
[ 2015-07-21T23:22:57+08:00 ] ERR: (ThinkException) 无法加载模块:resources
[ 2015-07-21T23:22:57+08:00 ] ERR: (ThinkException) 无法加载模块:resources
[ 2015-07-21T23:22:57+08:00 ] ERR: (ThinkException) 无法加载模块:resources
[ 2015-07-21T23:22:57+08:00 ] ERR: (ThinkException) 非法操作:img
[ 2015-07-21T23:22:57+08:00 ] ERR: (ThinkException) 非法操作:img
[ 2015-07-21T23:22:57+08:00 ] ERR: (ThinkException) 非法操作:img
[ 2015-07-21T23:22:57+08:00 ] ERR: (ThinkException) 非法操作:img
[ 2015-07-21T23:22:57+08:00 ] ERR: (ThinkException) 非法操作:img
[ 2015-07-21T23:22:57+08:00 ] ERR: (ThinkException) 非法操作:img
[ 2015-07-21T23:22:57+08:00 ] ERR: (ThinkException) 非法操作:img
[ 2015-07-21T23:22:57+08:00 ] ERR: (ThinkException) 非法操作:img
[ 2015-07-21T23:22:57+08:00 ] ERR: (ThinkException) 非法操作:img
[ 2015-07-21T23:22:57+08:00 ] ERR: (ThinkException) 非法操作:img
[ 2015-07-21T23:22:57+08:00 ] ERR: (ThinkException) 非法操作:img
[ 2015-07-21T23:22:57+08:00 ] ERR: (ThinkException) 非法操作:img
[ 2015-07-21T23:22:57+08:00 ] ERR: (ThinkException) 非法操作:img
[ 2015-07-21T23:22:57+08:00 ] ERR: (ThinkException) 非法操作:img
[ 2015-07-21T23:22:57+08:00 ] ERR: (ThinkException) 非法操作:images
[ 2015-07-21T23:22:57+08:00 ] ERR: (ThinkException) 非法操作:img
[ 2015-07-21T23:22:57+08:00 ] ERR: (ThinkException) 无法加载模块:resources
[ 2015-07-21T23:22:57+08:00 ] ERR: (ThinkException) 无法加载模块:resources
[ 2015-07-21T23:22:57+08:00 ] ERR: (ThinkException) 无法加载模块:resources
[ 2015-07-21T23:23:01+08:00 ] ERR: (ThinkException) 无法加载模块:resources
[ 2015-07-21T23:24:29+08:00 ] ERR: (ThinkException) 非法操作:images
