[ 2015-08-16T11:03:02+08:00 ] ERR: (ThinkException) 无法加载模块:favicon
[ 2015-08-16T11:04:42+08:00 ] ERR: (ThinkException) 无法加载模块:favicon
[ 2015-08-16T11:04:43+08:00 ] ERR: (ThinkException) 无法加载模块:favicon
[ 2015-08-16T11:05:20+08:00 ] ERR: (ThinkException) 非法操作:favicon
[ 2015-08-16T11:05:24+08:00 ] ERR: (ThinkException) 非法操作:favicon
[ 2015-08-16T11:05:27+08:00 ] ERR: (ThinkException) 非法操作:favicon
[ 2015-08-16T11:05:29+08:00 ] ERR: (ThinkException) 非法操作:favicon
[ 2015-08-16T11:05:35+08:00 ] ERR: (ThinkException) 非法操作:favicon
[ 2015-08-16T11:06:23+08:00 ] ERR: (ThinkException) 非法操作:favicon
[ 2015-08-16T11:06:28+08:00 ] ERR: (ThinkException) 非法操作:favicon
[ 2015-08-16T11:06:36+08:00 ] ERR: (ThinkException) 非法操作:favicon
[ 2015-08-16T11:06:39+08:00 ] ERR: (ThinkException) 非法操作:favicon
[ 2015-08-16T11:06:40+08:00 ] ERR: (ThinkException) 非法操作:favicon
[ 2015-08-16T11:06:48+08:00 ] ERR: (ThinkException) 非法操作:favicon
[ 2015-08-16T11:07:15+08:00 ] ERR: (ThinkException) 非法操作:favicon
[ 2015-08-16T11:07:32+08:00 ] ERR: (ThinkException) 非法操作:favicon
[ 2015-08-16T11:07:33+08:00 ] ERR: (ThinkException) 非法操作:favicon
[ 2015-08-16T11:07:33+08:00 ] ERR: (ThinkException) 非法操作:favicon
[ 2015-08-16T11:07:33+08:00 ] ERR: (ThinkException) 非法操作:favicon
[ 2015-08-16T11:07:33+08:00 ] ERR: (ThinkException) 非法操作:favicon
[ 2015-08-16T11:07:33+08:00 ] ERR: (ThinkException) 非法操作:favicon
[ 2015-08-16T11:07:34+08:00 ] ERR: (ThinkException) 非法操作:favicon
[ 2015-08-16T11:07:34+08:00 ] ERR: (ThinkException) 非法操作:favicon
[ 2015-08-16T11:07:34+08:00 ] ERR: (ThinkException) 非法操作:favicon
[ 2015-08-16T11:07:34+08:00 ] ERR: (ThinkException) 非法操作:favicon
[ 2015-08-16T11:07:34+08:00 ] ERR: (ThinkException) 非法操作:favicon
[ 2015-08-16T11:07:35+08:00 ] ERR: (ThinkException) 非法操作:favicon
[ 2015-08-16T11:07:35+08:00 ] ERR: (ThinkException) 非法操作:favicon
[ 2015-08-16T11:07:35+08:00 ] ERR: (ThinkException) 非法操作:favicon
[ 2015-08-16T11:07:35+08:00 ] ERR: (ThinkException) 非法操作:favicon
[ 2015-08-16T11:07:36+08:00 ] ERR: (ThinkException) 非法操作:favicon
[ 2015-08-16T11:07:36+08:00 ] ERR: (ThinkException) 非法操作:favicon
[ 2015-08-16T11:07:36+08:00 ] ERR: (ThinkException) 非法操作:favicon
[ 2015-08-16T11:07:36+08:00 ] ERR: (ThinkException) 非法操作:favicon
[ 2015-08-16T11:07:36+08:00 ] ERR: (ThinkException) 非法操作:favicon
[ 2015-08-16T11:07:37+08:00 ] ERR: (ThinkException) 非法操作:favicon
[ 2015-08-16T11:07:37+08:00 ] ERR: (ThinkException) 非法操作:favicon
[ 2015-08-16T11:07:37+08:00 ] ERR: (ThinkException) 非法操作:favicon
[ 2015-08-16T11:07:38+08:00 ] ERR: (ThinkException) 非法操作:favicon
[ 2015-08-16T11:07:38+08:00 ] ERR: (ThinkException) 非法操作:favicon
[ 2015-08-16T11:07:38+08:00 ] ERR: (ThinkException) 非法操作:favicon
[ 2015-08-16T11:07:39+08:00 ] ERR: (ThinkException) 非法操作:favicon
[ 2015-08-16T11:07:39+08:00 ] ERR: (ThinkException) 非法操作:favicon
[ 2015-08-16T11:07:39+08:00 ] ERR: (ThinkException) 非法操作:favicon
[ 2015-08-16T11:07:39+08:00 ] ERR: (ThinkException) 非法操作:favicon
[ 2015-08-16T11:07:40+08:00 ] ERR: (ThinkException) 非法操作:favicon
[ 2015-08-16T11:07:40+08:00 ] ERR: (ThinkException) 非法操作:favicon
[ 2015-08-16T11:07:40+08:00 ] ERR: (ThinkException) 非法操作:favicon
[ 2015-08-16T11:07:40+08:00 ] ERR: (ThinkException) 非法操作:favicon
[ 2015-08-16T11:07:41+08:00 ] ERR: (ThinkException) 非法操作:favicon
[ 2015-08-16T11:07:41+08:00 ] ERR: (ThinkException) 非法操作:favicon
[ 2015-08-16T11:07:41+08:00 ] ERR: (ThinkException) 非法操作:favicon
[ 2015-08-16T11:07:41+08:00 ] ERR: (ThinkException) 非法操作:favicon
[ 2015-08-16T11:07:42+08:00 ] ERR: (ThinkException) 非法操作:favicon
[ 2015-08-16T11:07:42+08:00 ] ERR: (ThinkException) 非法操作:favicon
[ 2015-08-16T11:07:42+08:00 ] ERR: (ThinkException) 非法操作:favicon
[ 2015-08-16T11:07:42+08:00 ] ERR: (ThinkException) 非法操作:favicon
[ 2015-08-16T11:07:42+08:00 ] ERR: (ThinkException) 非法操作:favicon
[ 2015-08-16T11:07:49+08:00 ] ERR: (ThinkException) 非法操作:favicon
[ 2015-08-16T11:07:52+08:00 ] ERR: (ThinkException) 非法操作:favicon
[ 2015-08-16T11:07:56+08:00 ] ERR: (ThinkException) 非法操作:favicon
[ 2015-08-16T11:08:07+08:00 ] ERR: (ThinkException) 非法操作:favicon
[ 2015-08-16T11:08:09+08:00 ] ERR: (ThinkException) 非法操作:favicon
[ 2015-08-16T11:08:10+08:00 ] ERR: (ThinkException) 非法操作:favicon
[ 2015-08-16T11:08:31+08:00 ] ERR: (ThinkException) 非法操作:images
[ 2015-08-16T11:08:31+08:00 ] ERR: (ThinkException) 无法加载模块:favicon
[ 2015-08-16T11:08:38+08:00 ] ERR: (ThinkException) 非法操作:images
[ 2015-08-16T11:08:38+08:00 ] ERR: (ThinkException) 无法加载模块:favicon
[ 2015-08-16T11:08:44+08:00 ] ERR: (ThinkException) 无法加载模块:favicon
[ 2015-08-16T11:21:59+08:00 ] ERR: (ThinkException) 非法操作:images
[ 2015-08-16T11:21:59+08:00 ] ERR: (ThinkException) 无法加载模块:favicon
[ 2015-08-16T11:22:17+08:00 ] ERR: (ThinkException) 无法加载模块:favicon
[ 2015-08-16T11:22:47+08:00 ] ERR: (ThinkException) 无法加载模块:favicon
[ 2015-08-16T11:23:08+08:00 ] ERR: (ThinkException) 无法加载模块:favicon
[ 2015-08-16T11:23:52+08:00 ] ERR: (ThinkException) 无法加载模块:favicon
[ 2015-08-16T11:25:16+08:00 ] ERR: (ThinkException) 无法加载模块:favicon
[ 2015-08-16T11:25:25+08:00 ] ERR: (ThinkException) 非法操作:images
[ 2015-08-16T11:25:25+08:00 ] ERR: (ThinkException) 无法加载模块:favicon
[ 2015-08-16T11:25:31+08:00 ] ERR: (ThinkException) 非法操作:images
[ 2015-08-16T11:25:31+08:00 ] ERR: (ThinkException) 无法加载模块:favicon
[ 2015-08-16T11:25:35+08:00 ] ERR: (ThinkException) 无法加载模块:favicon
[ 2015-08-16T11:25:37+08:00 ] ERR: (ThinkException) 无法加载模块:favicon
[ 2015-08-16T11:25:40+08:00 ] ERR: (ThinkException) 无法加载模块:favicon
[ 2015-08-16T11:26:26+08:00 ] ERR: (ThinkException) 无法加载模块:favicon
[ 2015-08-16T11:26:28+08:00 ] ERR: (ThinkException) 无法加载模块:favicon
[ 2015-08-16T11:26:31+08:00 ] ERR: (ThinkException) 无法加载模块:favicon
[ 2015-08-16T11:26:33+08:00 ] ERR: (ThinkException) 非法操作:images
[ 2015-08-16T11:26:33+08:00 ] ERR: (ThinkException) 无法加载模块:favicon
[ 2015-08-16T11:26:35+08:00 ] ERR: (ThinkException) 无法加载模块:favicon
[ 2015-08-16T11:33:56+08:00 ] ERR: (ThinkException) 非法操作:favicon
[ 2015-08-16T11:33:58+08:00 ] ERR: (ThinkException) 非法操作:favicon
[ 2015-08-16T11:34:00+08:00 ] ERR: (ThinkException) 非法操作:favicon
[ 2015-08-16T11:34:07+08:00 ] ERR: (ThinkException) 非法操作:favicon
[ 2015-08-16T11:34:09+08:00 ] ERR: (ThinkException) 非法操作:favicon
[ 2015-08-16T11:34:10+08:00 ] ERR: (ThinkException) 非法操作:favicon
[ 2015-08-16T11:34:18+08:00 ] ERR: (ThinkException) 非法操作:favicon
[ 2015-08-16T11:47:08+08:00 ] ERR: (ThinkException) 非法操作:images
[ 2015-08-16T11:47:08+08:00 ] ERR: (ThinkException) 无法加载模块:favicon
[ 2015-08-16T11:47:15+08:00 ] ERR: (ThinkException) 非法操作:images
[ 2015-08-16T11:47:15+08:00 ] ERR: (ThinkException) 无法加载模块:favicon
[ 2015-08-16T11:47:27+08:00 ] ERR: (ThinkException) 无法加载模块:favicon
[ 2015-08-16T11:47:34+08:00 ] ERR: (ThinkException) 无法加载模块:favicon
[ 2015-08-16T11:47:38+08:00 ] ERR: (ThinkException) 非法操作:images
[ 2015-08-16T11:47:38+08:00 ] ERR: (ThinkException) 无法加载模块:favicon
[ 2015-08-16T11:47:39+08:00 ] ERR: (ThinkException) 无法加载模块:favicon
[ 2015-08-16T11:50:20+08:00 ] ERR: (ThinkException) 模板不存在[./Home/Tpl/Classification/showVideos.html]
[ 2015-08-16T11:50:26+08:00 ] ERR: (ThinkException) 无法加载模块:Video
[ 2015-08-16T11:50:47+08:00 ] ERR: (ThinkException) 无法加载模块:favicon
[ 2015-08-16T11:51:53+08:00 ] ERR: (ThinkException) 无法加载模块:favicon
[ 2015-08-16T11:53:27+08:00 ] ERR: (ThinkException) 无法加载模块:favicon
[ 2015-08-16T11:53:40+08:00 ] ERR: (ThinkException) 无法加载模块:favicon
[ 2015-08-16T11:53:41+08:00 ] ERR: (ThinkException) 无法加载模块:favicon
[ 2015-08-16T11:53:42+08:00 ] ERR: (ThinkException) 无法加载模块:favicon
[ 2015-08-16T11:53:43+08:00 ] ERR: (ThinkException) 无法加载模块:favicon
[ 2015-08-16T11:55:38+08:00 ] ERR: (ThinkException) 无法加载模块:favicon
[ 2015-08-16T11:55:59+08:00 ] ERR: (ThinkException) 无法加载模块:favicon
[ 2015-08-16T11:56:28+08:00 ] ERR: (ThinkException) 无法加载模块:favicon
[ 2015-08-16T11:57:07+08:00 ] ERR: (ThinkException) 无法加载模块:favicon
[ 2015-08-16T11:57:46+08:00 ] ERR: (ThinkException) 无法加载模块:favicon
[ 2015-08-16T11:58:02+08:00 ] ERR: (ThinkException) 无法加载模块:favicon
[ 2015-08-16T11:58:17+08:00 ] ERR: (ThinkException) 无法加载模块:favicon
[ 2015-08-16T12:00:44+08:00 ] ERR: (ThinkException) 无法加载模块:favicon
[ 2015-08-16T12:00:58+08:00 ] ERR: (ThinkException) 非法操作:favicon
[ 2015-08-16T12:01:00+08:00 ] ERR: (ThinkException) 非法操作:favicon
[ 2015-08-16T12:01:03+08:00 ] ERR: (ThinkException) 非法操作:favicon
[ 2015-08-16T12:02:04+08:00 ] ERR: (ThinkException) 非法操作:favicon
[ 2015-08-16T12:02:07+08:00 ] ERR: (ThinkException) 非法操作:favicon
[ 2015-08-16T12:02:08+08:00 ] ERR: (ThinkException) 非法操作:favicon
[ 2015-08-16T12:02:27+08:00 ] ERR: (ThinkException) 非法操作:favicon
[ 2015-08-16T12:03:39+08:00 ] ERR: (ThinkException) 模板不存在[./Home/Tpl/Classification/showVideos.html]
[ 2015-08-16T12:04:11+08:00 ] ERR: (ThinkException) 无法加载模块:favicon
[ 2015-08-16T12:04:30+08:00 ] ERR: (ThinkException) 无法加载模块:favicon
[ 2015-08-16T12:05:16+08:00 ] ERR: (ThinkException) 无法加载模块:favicon
[ 2015-08-16T12:05:29+08:00 ] ERR: (ThinkException) 无法加载模块:favicon
[ 2015-08-16T12:05:52+08:00 ] ERR: (ThinkException) 无法加载模块:favicon
[ 2015-08-16T12:05:54+08:00 ] ERR: (ThinkException) 无法加载模块:favicon
[ 2015-08-16T12:06:19+08:00 ] ERR: (ThinkException) 无法加载模块:favicon
[ 2015-08-16T12:06:54+08:00 ] ERR: (ThinkException) 无法加载模块:favicon
[ 2015-08-16T12:07:07+08:00 ] ERR: (ThinkException) 无法加载模块:favicon
[ 2015-08-16T12:07:15+08:00 ] ERR: (ThinkException) 无法加载模块:favicon
[ 2015-08-16T12:07:16+08:00 ] ERR: (ThinkException) 无法加载模块:favicon
[ 2015-08-16T12:07:29+08:00 ] ERR: (ThinkException) 无法加载模块:favicon
[ 2015-08-16T12:08:03+08:00 ] ERR: (ThinkException) 无法加载模块:favicon
[ 2015-08-16T12:08:04+08:00 ] ERR: (ThinkException) 无法加载模块:favicon
[ 2015-08-16T12:08:06+08:00 ] ERR: (ThinkException) 无法加载模块:favicon
[ 2015-08-16T12:08:07+08:00 ] ERR: (ThinkException) 无法加载模块:favicon
[ 2015-08-16T12:08:27+08:00 ] ERR: (ThinkException) 无法加载模块:favicon
[ 2015-08-16T12:08:27+08:00 ] ERR: (ThinkException) 无法加载模块:favicon
[ 2015-08-16T12:08:29+08:00 ] ERR: (ThinkException) 无法加载模块:favicon
[ 2015-08-16T13:34:55+08:00 ] ERR: (ThinkException) 非法操作:favicon
[ 2015-08-16T13:37:28+08:00 ] ERR: (ThinkException) 非法操作:favicon
[ 2015-08-16T13:38:18+08:00 ] ERR: (ThinkException) 非法操作:favicon
[ 2015-08-16T13:39:02+08:00 ] ERR: (ThinkException) 非法操作:favicon
[ 2015-08-16T13:39:04+08:00 ] ERR: (ThinkException) 非法操作:favicon
[ 2015-08-16T13:39:04+08:00 ] ERR: (ThinkException) 非法操作:favicon
[ 2015-08-16T13:39:04+08:00 ] ERR: (ThinkException) 非法操作:favicon
[ 2015-08-16T13:39:05+08:00 ] ERR: (ThinkException) 非法操作:favicon
[ 2015-08-16T13:39:18+08:00 ] ERR: (ThinkException) 非法操作:favicon
[ 2015-08-16T13:41:11+08:00 ] ERR: (ThinkException) 非法操作:favicon
[ 2015-08-16T13:41:43+08:00 ] ERR: (ThinkException) 非法操作:favicon
[ 2015-08-16T13:43:36+08:00 ] ERR: (ThinkException) 非法操作:favicon
[ 2015-08-16T13:43:37+08:00 ] ERR: (ThinkException) 非法操作:favicon
[ 2015-08-16T13:45:21+08:00 ] ERR: (ThinkException) 无法加载模块:resources
[ 2015-08-16T13:45:21+08:00 ] ERR: (ThinkException) 非法操作:favicon
[ 2015-08-16T13:45:22+08:00 ] ERR: (ThinkException) 无法加载模块:resources
[ 2015-08-16T13:45:22+08:00 ] ERR: (ThinkException) 非法操作:favicon
[ 2015-08-16T13:45:23+08:00 ] ERR: (ThinkException) 无法加载模块:resources
[ 2015-08-16T13:45:23+08:00 ] ERR: (ThinkException) 非法操作:favicon
[ 2015-08-16T13:45:37+08:00 ] ERR: (ThinkException) 非法操作:favicon
[ 2015-08-16T13:45:38+08:00 ] ERR: (ThinkException) 非法操作:favicon
[ 2015-08-16T13:46:42+08:00 ] ERR: (ThinkException) 非法操作:favicon
[ 2015-08-16T13:46:44+08:00 ] ERR: (ThinkException) 非法操作:favicon
[ 2015-08-16T13:46:48+08:00 ] ERR: (ThinkException) 非法操作:favicon
[ 2015-08-16T13:47:06+08:00 ] ERR: (ThinkException) 无法加载模块:favicon
[ 2015-08-16T13:47:10+08:00 ] ERR: (ThinkException) 非法操作:favicon
[ 2015-08-16T13:47:11+08:00 ] ERR: (ThinkException) 非法操作:favicon
[ 2015-08-16T13:47:32+08:00 ] ERR: (ThinkException) 非法操作:favicon
[ 2015-08-16T13:48:15+08:00 ] ERR: (ThinkException) 非法操作:favicon
[ 2015-08-16T13:48:42+08:00 ] ERR: (ThinkException) 非法操作:favicon
[ 2015-08-16T13:49:54+08:00 ] ERR: (ThinkException) 非法操作:favicon
[ 2015-08-16T13:49:55+08:00 ] ERR: (ThinkException) 非法操作:favicon
[ 2015-08-16T13:51:08+08:00 ] ERR: (ThinkException) 非法操作:favicon
[ 2015-08-16T13:51:24+08:00 ] ERR: (ThinkException) 非法操作:favicon
[ 2015-08-16T13:51:43+08:00 ] ERR: (ThinkException) 非法操作:favicon
[ 2015-08-16T13:52:51+08:00 ] ERR: (ThinkException) 非法操作:favicon
[ 2015-08-16T13:52:52+08:00 ] ERR: (ThinkException) 非法操作:favicon
[ 2015-08-16T13:53:02+08:00 ] ERR: (ThinkException) 非法操作:favicon
[ 2015-08-16T13:53:37+08:00 ] ERR: (ThinkException) 非法操作:favicon
[ 2015-08-16T13:54:06+08:00 ] ERR: (ThinkException) 非法操作:favicon
[ 2015-08-16T13:54:17+08:00 ] ERR: (ThinkException) 非法操作:favicon
[ 2015-08-16T13:54:25+08:00 ] ERR: (ThinkException) 非法操作:favicon
[ 2015-08-16T13:55:24+08:00 ] ERR: (ThinkException) 非法操作:favicon
[ 2015-08-16T13:55:58+08:00 ] ERR: (ThinkException) 非法操作:favicon
[ 2015-08-16T13:56:22+08:00 ] ERR: (ThinkException) 非法操作:favicon
[ 2015-08-16T13:56:24+08:00 ] ERR: (ThinkException) 非法操作:favicon
[ 2015-08-16T13:56:24+08:00 ] ERR: (ThinkException) 非法操作:favicon
[ 2015-08-16T13:56:24+08:00 ] ERR: (ThinkException) 非法操作:favicon
[ 2015-08-16T13:58:14+08:00 ] ERR: (ThinkException) 非法操作:favicon
[ 2015-08-16T14:06:22+08:00 ] ERR: (ThinkException) 非法操作:favicon
[ 2015-08-16T14:07:32+08:00 ] ERR: (ThinkException) 非法操作:favicon
[ 2015-08-16T14:07:56+08:00 ] ERR: (ThinkException) 非法操作:favicon
[ 2015-08-16T14:08:19+08:00 ] ERR: (ThinkException) 非法操作:favicon
[ 2015-08-16T14:08:30+08:00 ] ERR: (ThinkException) 非法操作:favicon
[ 2015-08-16T14:08:49+08:00 ] ERR: (ThinkException) 非法操作:favicon
[ 2015-08-16T14:09:31+08:00 ] ERR: (ThinkException) 非法操作:favicon
[ 2015-08-16T14:09:40+08:00 ] ERR: (ThinkException) 非法操作:favicon
[ 2015-08-16T14:09:47+08:00 ] ERR: (ThinkException) 非法操作:favicon
[ 2015-08-16T14:10:02+08:00 ] ERR: (ThinkException) 非法操作:favicon
[ 2015-08-16T14:10:10+08:00 ] ERR: (ThinkException) 非法操作:favicon
[ 2015-08-16T14:10:33+08:00 ] ERR: (ThinkException) 非法操作:favicon
[ 2015-08-16T14:10:52+08:00 ] ERR: (ThinkException) 非法操作:favicon
[ 2015-08-16T14:11:25+08:00 ] ERR: (ThinkException) 非法操作:favicon
[ 2015-08-16T14:12:01+08:00 ] ERR: (ThinkException) 非法操作:favicon
[ 2015-08-16T14:12:38+08:00 ] ERR: (ThinkException) 非法操作:favicon
[ 2015-08-16T14:13:08+08:00 ] ERR: (ThinkException) 非法操作:assets
[ 2015-08-16T14:34:17+08:00 ] ERR: (ThinkException) 非法操作:favicon
[ 2015-08-16T14:35:01+08:00 ] ERR: (ThinkException) 无法加载模块:resources
[ 2015-08-16T14:35:01+08:00 ] ERR: (ThinkException) 非法操作:favicon
[ 2015-08-16T14:35:05+08:00 ] ERR: (ThinkException) 非法操作:favicon
[ 2015-08-16T14:35:05+08:00 ] ERR: (ThinkException) 无法加载模块:resources
[ 2015-08-16T14:36:01+08:00 ] ERR: (ThinkException) 非法操作:favicon
[ 2015-08-16T14:36:41+08:00 ] ERR: (ThinkException) 非法操作:favicon
[ 2015-08-16T14:38:39+08:00 ] ERR: (ThinkException) 非法操作:favicon
[ 2015-08-16T14:38:45+08:00 ] ERR: (ThinkException) 非法操作:favicon
[ 2015-08-16T14:41:43+08:00 ] ERR: (ThinkException) 非法操作:favicon
[ 2015-08-16T14:41:44+08:00 ] ERR: (ThinkException) 非法操作:favicon
[ 2015-08-16T14:41:45+08:00 ] ERR: (ThinkException) 非法操作:favicon
[ 2015-08-16T14:41:45+08:00 ] ERR: (ThinkException) 非法操作:favicon
[ 2015-08-16T14:41:46+08:00 ] ERR: (ThinkException) 非法操作:favicon
[ 2015-08-16T14:41:46+08:00 ] ERR: (ThinkException) 非法操作:favicon
[ 2015-08-16T14:41:46+08:00 ] ERR: (ThinkException) 非法操作:favicon
[ 2015-08-16T14:44:27+08:00 ] ERR: (ThinkException) 非法操作:favicon
[ 2015-08-16T14:45:03+08:00 ] ERR: (ThinkException) 非法操作:favicon
[ 2015-08-16T14:45:03+08:00 ] ERR: (ThinkException) 非法操作:favicon
[ 2015-08-16T14:45:04+08:00 ] ERR: (ThinkException) 非法操作:favicon
[ 2015-08-16T14:45:04+08:00 ] ERR: (ThinkException) 非法操作:favicon
[ 2015-08-16T14:45:06+08:00 ] ERR: (ThinkException) 非法操作:favicon
[ 2015-08-16T14:45:07+08:00 ] ERR: (ThinkException) 非法操作:favicon
[ 2015-08-16T14:45:08+08:00 ] ERR: (ThinkException) 非法操作:favicon
[ 2015-08-16T14:47:37+08:00 ] ERR: (ThinkException) 非法操作:favicon
[ 2015-08-16T14:52:02+08:00 ] ERR: (ThinkException) 非法操作:favicon
[ 2015-08-16T14:52:38+08:00 ] ERR: (ThinkException) 非法操作:favicon
[ 2015-08-16T14:52:39+08:00 ] ERR: (ThinkException) 非法操作:favicon
[ 2015-08-16T14:52:39+08:00 ] ERR: (ThinkException) 非法操作:favicon
[ 2015-08-16T14:52:40+08:00 ] ERR: (ThinkException) 非法操作:favicon
[ 2015-08-16T14:52:41+08:00 ] ERR: (ThinkException) 非法操作:favicon
[ 2015-08-16T14:53:03+08:00 ] ERR: (ThinkException) 非法操作:favicon
[ 2015-08-16T14:53:05+08:00 ] ERR: (ThinkException) 非法操作:favicon
[ 2015-08-16T14:59:36+08:00 ] ERR: (ThinkException) 非法操作:favicon
[ 2015-08-16T15:00:54+08:00 ] ERR: (ThinkException) 非法操作:favicon
[ 2015-08-16T15:01:14+08:00 ] ERR: (ThinkException) 非法操作:favicon
[ 2015-08-16T15:01:46+08:00 ] ERR: (ThinkException) 非法操作:favicon
[ 2015-08-16T15:02:02+08:00 ] ERR: (ThinkException) 非法操作:favicon
[ 2015-08-16T15:02:12+08:00 ] ERR: (ThinkException) 非法操作:favicon
[ 2015-08-16T15:07:41+08:00 ] ERR: (ThinkException) 非法操作:favicon
[ 2015-08-16T15:08:50+08:00 ] ERR: (ThinkException) 非法操作:favicon
[ 2015-08-16T15:09:11+08:00 ] ERR: (ThinkException) 非法操作:favicon
[ 2015-08-16T15:09:46+08:00 ] ERR: (ThinkException) 非法操作:favicon
[ 2015-08-16T15:10:11+08:00 ] ERR: (ThinkException) 非法操作:favicon
[ 2015-08-16T15:10:52+08:00 ] ERR: (ThinkException) 非法操作:favicon
[ 2015-08-16T15:11:08+08:00 ] ERR: (ThinkException) 非法操作:favicon
[ 2015-08-16T15:11:48+08:00 ] ERR: (ThinkException) 非法操作:favicon
[ 2015-08-16T15:11:49+08:00 ] ERR: (ThinkException) 非法操作:favicon
[ 2015-08-16T15:12:17+08:00 ] ERR: (ThinkException) 非法操作:favicon
[ 2015-08-16T15:12:18+08:00 ] ERR: (ThinkException) 非法操作:favicon
[ 2015-08-16T15:12:56+08:00 ] ERR: (ThinkException) 非法操作:assets
[ 2015-08-16T15:13:57+08:00 ] ERR: (ThinkException) 非法操作:favicon
[ 2015-08-16T15:14:20+08:00 ] ERR: (ThinkException) 非法操作:assets
[ 2015-08-16T15:17:42+08:00 ] ERR: (ThinkException) 非法操作:favicon
[ 2015-08-16T15:17:42+08:00 ] ERR: (ThinkException) 非法操作:favicon
[ 2015-08-16T15:19:02+08:00 ] ERR: (ThinkException) 非法操作:favicon
[ 2015-08-16T15:19:36+08:00 ] ERR: (ThinkException) 非法操作:assets
[ 2015-08-16T15:25:33+08:00 ] ERR: (ThinkException) 非法操作:assets
[ 2015-08-16T15:27:00+08:00 ] ERR: (ThinkException) 非法操作:favicon
[ 2015-08-16T15:27:26+08:00 ] ERR: (ThinkException) 非法操作:assets
[ 2015-08-16T15:28:51+08:00 ] ERR: (ThinkException) 非法操作:favicon
[ 2015-08-16T15:29:18+08:00 ] ERR: (ThinkException) 非法操作:assets
[ 2015-08-16T15:30:44+08:00 ] ERR: (ThinkException) 非法操作:assets
[ 2015-08-16T15:31:30+08:00 ] ERR: (ThinkException) 非法操作:assets
[ 2015-08-16T15:32:40+08:00 ] ERR: (ThinkException) 非法操作:assets
[ 2015-08-16T15:33:25+08:00 ] ERR: (ThinkException) 非法操作:assets
[ 2015-08-16T15:33:56+08:00 ] ERR: (ThinkException) 非法操作:assets
[ 2015-08-16T15:34:57+08:00 ] ERR: (ThinkException) 非法操作:favicon
[ 2015-08-16T15:35:34+08:00 ] ERR: (ThinkException) 非法操作:assets
[ 2015-08-16T15:36:29+08:00 ] ERR: (ThinkException) 非法操作:favicon
[ 2015-08-16T15:36:30+08:00 ] ERR: (ThinkException) 非法操作:favicon
[ 2015-08-16T15:36:39+08:00 ] ERR: (ThinkException) 非法操作:favicon
[ 2015-08-16T15:40:50+08:00 ] ERR: (ThinkException) 非法操作:favicon
[ 2015-08-16T15:43:32+08:00 ] ERR: (ThinkException) 非法操作:favicon
[ 2015-08-16T15:45:31+08:00 ] ERR: (ThinkException) 非法操作:favicon
[ 2015-08-16T15:47:18+08:00 ] ERR: (ThinkException) 非法操作:favicon
[ 2015-08-16T15:48:06+08:00 ] ERR: (ThinkException) 非法操作:favicon
[ 2015-08-16T15:48:45+08:00 ] ERR: (ThinkException) 非法操作:favicon
[ 2015-08-16T15:49:30+08:00 ] ERR: (ThinkException) 非法操作:favicon
[ 2015-08-16T15:51:18+08:00 ] ERR: (ThinkException) 非法操作:favicon
[ 2015-08-16T15:52:53+08:00 ] ERR: (ThinkException) 非法操作:favicon
[ 2015-08-16T15:54:09+08:00 ] ERR: (ThinkException) 非法操作:favicon
[ 2015-08-16T15:54:42+08:00 ] ERR: (ThinkException) 非法操作:favicon
[ 2015-08-16T15:55:19+08:00 ] ERR: (ThinkException) 非法操作:favicon
[ 2015-08-16T15:57:46+08:00 ] ERR: (ThinkException) 非法操作:favicon
[ 2015-08-16T15:58:31+08:00 ] ERR: (ThinkException) 无法加载模块:favicon
[ 2015-08-16T15:59:36+08:00 ] ERR: (ThinkException) 无法加载模块:favicon
[ 2015-08-16T16:00:46+08:00 ] ERR: (ThinkException) 无法加载模块:favicon
[ 2015-08-16T16:01:01+08:00 ] ERR: (ThinkException) 非法操作:favicon
[ 2015-08-16T16:01:06+08:00 ] ERR: (ThinkException) 无法加载模块:favicon
[ 2015-08-16T16:01:07+08:00 ] ERR: (ThinkException) 非法操作:favicon
[ 2015-08-16T16:01:10+08:00 ] ERR: (ThinkException) 无法加载模块:favicon
[ 2015-08-16T16:01:11+08:00 ] ERR: (ThinkException) 非法操作:favicon
[ 2015-08-16T16:01:13+08:00 ] ERR: (ThinkException) 无法加载模块:favicon
[ 2015-08-16T16:01:14+08:00 ] ERR: (ThinkException) 非法操作:favicon
[ 2015-08-16T16:01:15+08:00 ] ERR: (ThinkException) 无法加载模块:favicon
[ 2015-08-16T16:01:16+08:00 ] ERR: (ThinkException) 非法操作:favicon
[ 2015-08-16T16:01:35+08:00 ] ERR: (ThinkException) 无法加载模块:favicon
[ 2015-08-16T16:01:36+08:00 ] ERR: (ThinkException) 非法操作:favicon
[ 2015-08-16T16:02:07+08:00 ] ERR: (ThinkException) 非法操作:favicon
[ 2015-08-16T16:02:09+08:00 ] ERR: (ThinkException) 无法加载模块:favicon
[ 2015-08-16T16:03:06+08:00 ] ERR: (ThinkException) 无法加载模块:favicon
[ 2015-08-16T16:03:27+08:00 ] ERR: (ThinkException) 非法操作:favicon
[ 2015-08-16T16:03:28+08:00 ] ERR: (ThinkException) 非法操作:favicon
[ 2015-08-16T16:03:56+08:00 ] ERR: (ThinkException) 非法操作:favicon
[ 2015-08-16T16:03:58+08:00 ] ERR: (ThinkException) 非法操作:favicon
[ 2015-08-16T16:04:01+08:00 ] ERR: (ThinkException) 非法操作:favicon
[ 2015-08-16T16:05:00+08:00 ] ERR: (ThinkException) 非法操作:favicon
[ 2015-08-16T16:05:05+08:00 ] ERR: (ThinkException) 无法加载模块:favicon
[ 2015-08-16T16:05:16+08:00 ] ERR: (ThinkException) 无法加载模块:favicon
[ 2015-08-16T16:06:35+08:00 ] ERR: (ThinkException) 无法加载模块:favicon
[ 2015-08-16T16:06:37+08:00 ] ERR: (ThinkException) 无法加载模块:favicon
[ 2015-08-16T16:06:46+08:00 ] ERR: (ThinkException) 无法加载模块:favicon
[ 2015-08-16T16:06:46+08:00 ] ERR: (ThinkException) 无法加载模块:favicon
[ 2015-08-16T16:06:47+08:00 ] ERR: (ThinkException) 无法加载模块:favicon
[ 2015-08-16T16:06:47+08:00 ] ERR: (ThinkException) 无法加载模块:favicon
[ 2015-08-16T16:06:47+08:00 ] ERR: (ThinkException) 无法加载模块:favicon
[ 2015-08-16T16:06:47+08:00 ] ERR: (ThinkException) 无法加载模块:favicon
[ 2015-08-16T16:07:22+08:00 ] ERR: (ThinkException) 无法加载模块:favicon
[ 2015-08-16T16:07:48+08:00 ] ERR: (ThinkException) 非法操作:favicon
[ 2015-08-16T16:07:49+08:00 ] ERR: (ThinkException) 无法加载模块:favicon
[ 2015-08-16T16:09:13+08:00 ] ERR: (ThinkException) 无法加载模块:favicon
[ 2015-08-16T16:09:14+08:00 ] ERR: (ThinkException) 非法操作:favicon
[ 2015-08-16T16:09:22+08:00 ] ERR: (ThinkException) 无法加载模块:favicon
[ 2015-08-16T16:10:57+08:00 ] ERR: (ThinkException) 无法加载模块:favicon
[ 2015-08-16T16:11:21+08:00 ] ERR: (ThinkException) 无法加载模块:favicon
[ 2015-08-16T16:12:37+08:00 ] ERR: (ThinkException) 无法加载模块:favicon
[ 2015-08-16T16:13:23+08:00 ] ERR: (ThinkException) 无法加载模块:favicon
[ 2015-08-16T19:00:10+08:00 ] ERR: (ThinkException) 无法加载模块:favicon
[ 2015-08-16T19:00:23+08:00 ] ERR: (ThinkException) 无法加载模块:favicon
[ 2015-08-16T19:00:54+08:00 ] ERR: (ThinkException) 无法加载模块:favicon
[ 2015-08-16T19:01:27+08:00 ] ERR: (ThinkException) 无法加载模块:favicon
[ 2015-08-16T19:01:39+08:00 ] ERR: (ThinkException) 无法加载模块:favicon
[ 2015-08-16T19:01:55+08:00 ] ERR: (ThinkException) 无法加载模块:favicon
[ 2015-08-16T19:01:56+08:00 ] ERR: (ThinkException) 无法加载模块:favicon
[ 2015-08-16T19:01:56+08:00 ] ERR: (ThinkException) 无法加载模块:favicon
[ 2015-08-16T19:01:56+08:00 ] ERR: (ThinkException) 无法加载模块:favicon
[ 2015-08-16T19:01:56+08:00 ] ERR: (ThinkException) 无法加载模块:favicon
[ 2015-08-16T19:01:56+08:00 ] ERR: (ThinkException) 无法加载模块:favicon
[ 2015-08-16T19:01:57+08:00 ] ERR: (ThinkException) 无法加载模块:favicon
[ 2015-08-16T19:02:21+08:00 ] ERR: (ThinkException) 无法加载模块:favicon
[ 2015-08-16T19:02:21+08:00 ] ERR: (ThinkException) 无法加载模块:favicon
[ 2015-08-16T19:02:22+08:00 ] ERR: (ThinkException) 无法加载模块:favicon
[ 2015-08-16T19:02:22+08:00 ] ERR: (ThinkException) 无法加载模块:favicon
[ 2015-08-16T19:02:22+08:00 ] ERR: (ThinkException) 无法加载模块:favicon
[ 2015-08-16T19:02:22+08:00 ] ERR: (ThinkException) 无法加载模块:favicon
[ 2015-08-16T19:03:00+08:00 ] ERR: (ThinkException) 无法加载模块:favicon
[ 2015-08-16T19:04:46+08:00 ] ERR: (ThinkException) 无法加载模块:favicon
[ 2015-08-16T19:05:13+08:00 ] ERR: (ThinkException) 无法加载模块:favicon
[ 2015-08-16T19:05:30+08:00 ] ERR: (ThinkException) 无法加载模块:favicon
[ 2015-08-16T19:05:31+08:00 ] ERR: (ThinkException) 无法加载模块:favicon
[ 2015-08-16T19:06:27+08:00 ] ERR: (ThinkException) 无法加载模块:favicon
[ 2015-08-16T19:06:28+08:00 ] ERR: (ThinkException) 无法加载模块:favicon
[ 2015-08-16T19:06:28+08:00 ] ERR: (ThinkException) 无法加载模块:favicon
[ 2015-08-16T19:06:28+08:00 ] ERR: (ThinkException) 无法加载模块:favicon
[ 2015-08-16T19:06:28+08:00 ] ERR: (ThinkException) 无法加载模块:favicon
[ 2015-08-16T19:07:04+08:00 ] ERR: (ThinkException) 非法操作:favicon
[ 2015-08-16T19:07:15+08:00 ] ERR: (ThinkException) 无法加载模块:favicon
[ 2015-08-16T19:07:49+08:00 ] ERR: (ThinkException) 无法加载模块:favicon
[ 2015-08-16T19:07:50+08:00 ] ERR: (ThinkException) 非法操作:favicon
[ 2015-08-16T19:08:47+08:00 ] ERR: (ThinkException) 无法加载模块:favicon
[ 2015-08-16T19:08:51+08:00 ] ERR: (ThinkException) 无法加载模块:favicon
[ 2015-08-16T19:08:54+08:00 ] ERR: (ThinkException) 无法加载模块:favicon
[ 2015-08-16T19:08:58+08:00 ] ERR: (ThinkException) 无法加载模块:favicon
[ 2015-08-16T19:09:06+08:00 ] ERR: (ThinkException) 无法加载模块:favicon
[ 2015-08-16T19:09:10+08:00 ] ERR: (ThinkException) 无法加载模块:favicon
[ 2015-08-16T19:09:12+08:00 ] ERR: (ThinkException) 无法加载模块:favicon
[ 2015-08-16T19:09:16+08:00 ] ERR: (ThinkException) 无法加载模块:favicon
[ 2015-08-16T19:09:20+08:00 ] ERR: (ThinkException) 无法加载模块:favicon
[ 2015-08-16T19:09:23+08:00 ] ERR: (ThinkException) 无法加载模块:favicon
[ 2015-08-16T19:11:26+08:00 ] ERR: (ThinkException) 无法加载模块:favicon
[ 2015-08-16T19:12:40+08:00 ] ERR: (ThinkException) 无法加载模块:favicon
[ 2015-08-16T19:18:28+08:00 ] ERR: (ThinkException) 无法加载模块:favicon
[ 2015-08-16T19:21:52+08:00 ] ERR: (ThinkException) 无法加载模块:images
[ 2015-08-16T19:21:52+08:00 ] ERR: (ThinkException) 无法加载模块:images
[ 2015-08-16T19:21:52+08:00 ] ERR: (ThinkException) 无法加载模块:images
[ 2015-08-16T19:22:44+08:00 ] ERR: (ThinkException) 非法操作:images
[ 2015-08-16T19:22:44+08:00 ] ERR: (ThinkException) 无法加载模块:favicon
[ 2015-08-16T19:22:49+08:00 ] ERR: (ThinkException) 无法加载模块:favicon
[ 2015-08-16T19:38:10+08:00 ] ERR: (ThinkException) 无法加载模块:favicon
[ 2015-08-16T19:38:14+08:00 ] ERR: (ThinkException) 非法操作:images
[ 2015-08-16T19:38:14+08:00 ] ERR: (ThinkException) 无法加载模块:favicon
[ 2015-08-16T19:48:40+08:00 ] ERR: (ThinkException) 无法加载模块:favicon
[ 2015-08-16T19:48:54+08:00 ] ERR: (ThinkException) 非法操作:images
[ 2015-08-16T19:48:54+08:00 ] ERR: (ThinkException) 无法加载模块:favicon
[ 2015-08-16T19:49:02+08:00 ] ERR: (ThinkException) 模板不存在[./Home/Tpl/Classification/showpictures.html]
[ 2015-08-16T19:49:07+08:00 ] ERR: (ThinkException) 非法操作:images
[ 2015-08-16T19:49:07+08:00 ] ERR: (ThinkException) 无法加载模块:favicon
[ 2015-08-16T19:49:11+08:00 ] ERR: (ThinkException) 无法加载模块:favicon
[ 2015-08-16T19:49:19+08:00 ] ERR: (ThinkException) 非法操作:images
[ 2015-08-16T19:49:19+08:00 ] ERR: (ThinkException) 无法加载模块:favicon
[ 2015-08-16T19:49:21+08:00 ] ERR: (ThinkException) 无法加载模块:favicon
[ 2015-08-16T19:58:49+08:00 ] ERR: (ThinkException) 无法加载模块:favicon
[ 2015-08-16T20:08:53+08:00 ] ERR: (ThinkException) 无法加载模块:Resources
[ 2015-08-16T20:08:53+08:00 ] ERR: (ThinkException) 无法加载模块:favicon
[ 2015-08-16T20:09:20+08:00 ] ERR: (ThinkException) 无法加载模块:Resources
[ 2015-08-16T20:09:20+08:00 ] ERR: (ThinkException) 无法加载模块:favicon
[ 2015-08-16T20:10:00+08:00 ] ERR: (ThinkException) 无法加载模块:favicon
[ 2015-08-16T20:11:15+08:00 ] ERR: (ThinkException) 无法加载模块:favicon
[ 2015-08-16T20:15:18+08:00 ] ERR: (ThinkException) 无法加载模块:favicon
[ 2015-08-16T20:16:40+08:00 ] ERR: (ThinkException) 无法加载模块:favicon
[ 2015-08-16T20:17:02+08:00 ] ERR: (ThinkException) 无法加载模块:favicon
[ 2015-08-16T20:17:29+08:00 ] ERR: (ThinkException) 无法加载模块:favicon
[ 2015-08-16T20:19:23+08:00 ] ERR: (ThinkException) 非法操作:favicon
[ 2015-08-16T20:19:53+08:00 ] ERR: (ThinkException) 无法加载模块:favicon
[ 2015-08-16T20:36:12+08:00 ] ERR: (ThinkException) 无法加载模块:favicon
[ 2015-08-16T20:36:13+08:00 ] ERR: (ThinkException) 无法加载模块:favicon
[ 2015-08-16T20:36:14+08:00 ] ERR: (ThinkException) 无法加载模块:favicon
[ 2015-08-16T20:36:38+08:00 ] ERR: (ThinkException) 无法加载模块:favicon
[ 2015-08-16T20:38:57+08:00 ] ERR: (ThinkException) 非法操作:favicon
[ 2015-08-16T20:43:51+08:00 ] ERR: (ThinkException) 非法操作:favicon
[ 2015-08-16T20:43:55+08:00 ] ERR: (ThinkException) 非法操作:favicon
[ 2015-08-16T20:45:00+08:00 ] ERR: (ThinkException) 非法操作:favicon
[ 2015-08-16T20:45:10+08:00 ] ERR: (ThinkException) 非法操作:favicon
[ 2015-08-16T20:45:15+08:00 ] ERR: (ThinkException) 非法操作:favicon
[ 2015-08-16T20:45:33+08:00 ] ERR: (ThinkException) 无法加载模块:favicon
[ 2015-08-16T20:46:05+08:00 ] ERR: (ThinkException) 无法加载模块:favicon
[ 2015-08-16T20:46:23+08:00 ] ERR: (ThinkException) 非法操作:favicon
[ 2015-08-16T20:47:24+08:00 ] ERR: (ThinkException) 非法操作:favicon
[ 2015-08-16T20:47:50+08:00 ] ERR: (ThinkException) 非法操作:favicon
[ 2015-08-16T20:47:53+08:00 ] ERR: (ThinkException) 非法操作:favicon
[ 2015-08-16T20:48:38+08:00 ] ERR: (ThinkException) 无法加载模块:favicon
[ 2015-08-16T20:48:41+08:00 ] ERR: (ThinkException) 非法操作:images
[ 2015-08-16T20:48:41+08:00 ] ERR: (ThinkException) 无法加载模块:favicon
[ 2015-08-16T20:48:48+08:00 ] ERR: (ThinkException) 非法操作:images
[ 2015-08-16T20:48:48+08:00 ] ERR: (ThinkException) 无法加载模块:favicon
[ 2015-08-16T20:48:52+08:00 ] ERR: (ThinkException) 非法操作:images
[ 2015-08-16T20:48:52+08:00 ] ERR: (ThinkException) 无法加载模块:favicon
[ 2015-08-16T20:49:03+08:00 ] ERR: (ThinkException) 无法加载模块:favicon
[ 2015-08-16T20:49:57+08:00 ] ERR: (ThinkException) 无法加载模块:favicon
[ 2015-08-16T20:50:12+08:00 ] ERR: (ThinkException) 无法加载模块:favicon
[ 2015-08-16T20:50:32+08:00 ] ERR: (ThinkException) 无法加载模块:favicon
[ 2015-08-16T20:50:34+08:00 ] ERR: (ThinkException) 无法加载模块:favicon
[ 2015-08-16T20:53:34+08:00 ] ERR: (ThinkException) 无法加载模块:favicon
[ 2015-08-16T20:53:54+08:00 ] ERR: (ThinkException) 非法操作:images
[ 2015-08-16T20:53:54+08:00 ] ERR: (ThinkException) 无法加载模块:favicon
[ 2015-08-16T20:53:56+08:00 ] ERR: (ThinkException) 无法加载模块:favicon
[ 2015-08-16T20:54:01+08:00 ] ERR: (ThinkException) 无法加载模块:favicon
[ 2015-08-16T20:55:41+08:00 ] ERR: (ThinkException) 无法加载模块:favicon
[ 2015-08-16T20:55:50+08:00 ] ERR: (ThinkException) 无法加载模块:favicon
[ 2015-08-16T20:56:10+08:00 ] ERR: (ThinkException) 无法加载模块:favicon
[ 2015-08-16T20:56:23+08:00 ] ERR: (ThinkException) 无法加载模块:favicon
[ 2015-08-16T20:56:25+08:00 ] ERR: (ThinkException) 无法加载模块:favicon
[ 2015-08-16T20:56:35+08:00 ] ERR: (ThinkException) 无法加载模块:favicon
[ 2015-08-16T20:56:48+08:00 ] ERR: (ThinkException) 非法操作:images
[ 2015-08-16T20:56:48+08:00 ] ERR: (ThinkException) 无法加载模块:favicon
[ 2015-08-16T20:56:53+08:00 ] ERR: (ThinkException) 无法加载模块:favicon
[ 2015-08-16T20:57:00+08:00 ] ERR: (ThinkException) 无法加载模块:favicon
[ 2015-08-16T20:57:02+08:00 ] ERR: (ThinkException) 无法加载模块:favicon
[ 2015-08-16T20:59:49+08:00 ] ERR: (ThinkException) 无法加载模块:favicon
[ 2015-08-16T21:01:13+08:00 ] ERR: (ThinkException) 非法操作:showVideo
[ 2015-08-16T21:01:37+08:00 ] ERR: (ThinkException) 无法加载模块:favicon
[ 2015-08-16T21:01:49+08:00 ] ERR: (ThinkException) 无法加载模块:favicon
[ 2015-08-16T21:01:50+08:00 ] ERR: (ThinkException) 非法操作:favicon
[ 2015-08-16T21:01:54+08:00 ] ERR: (ThinkException) 无法加载模块:favicon
[ 2015-08-16T21:02:03+08:00 ] ERR: (ThinkException) 非法操作:favicon
[ 2015-08-16T21:02:04+08:00 ] ERR: (ThinkException) 无法加载模块:favicon
[ 2015-08-16T21:02:15+08:00 ] ERR: (ThinkException) 非法操作:favicon
[ 2015-08-16T21:02:39+08:00 ] ERR: (ThinkException) 非法操作:favicon
[ 2015-08-16T21:02:43+08:00 ] ERR: (ThinkException) 无法加载模块:favicon
[ 2015-08-16T21:03:06+08:00 ] ERR: (ThinkException) 无法加载模块:favicon
[ 2015-08-16T21:03:28+08:00 ] ERR: (ThinkException) 非法操作:favicon
[ 2015-08-16T21:03:30+08:00 ] ERR: (ThinkException) 非法操作:favicon
[ 2015-08-16T21:03:31+08:00 ] ERR: (ThinkException) 非法操作:favicon
[ 2015-08-16T21:03:31+08:00 ] ERR: (ThinkException) 非法操作:favicon
[ 2015-08-16T21:03:32+08:00 ] ERR: (ThinkException) 非法操作:favicon
[ 2015-08-16T21:03:32+08:00 ] ERR: (ThinkException) 非法操作:favicon
[ 2015-08-16T21:03:33+08:00 ] ERR: (ThinkException) 非法操作:favicon
[ 2015-08-16T21:03:35+08:00 ] ERR: (ThinkException) 非法操作:favicon
[ 2015-08-16T21:03:40+08:00 ] ERR: (ThinkException) 非法操作:favicon
[ 2015-08-16T21:03:40+08:00 ] ERR: (ThinkException) 非法操作:favicon
[ 2015-08-16T21:03:41+08:00 ] ERR: (ThinkException) 非法操作:favicon
[ 2015-08-16T21:03:41+08:00 ] ERR: (ThinkException) 非法操作:favicon
[ 2015-08-16T21:03:42+08:00 ] ERR: (ThinkException) 非法操作:favicon
[ 2015-08-16T21:03:42+08:00 ] ERR: (ThinkException) 非法操作:favicon
[ 2015-08-16T21:03:43+08:00 ] ERR: (ThinkException) 非法操作:favicon
[ 2015-08-16T21:03:43+08:00 ] ERR: (ThinkException) 非法操作:favicon
[ 2015-08-16T21:03:43+08:00 ] ERR: (ThinkException) 非法操作:favicon
[ 2015-08-16T21:03:44+08:00 ] ERR: (ThinkException) 非法操作:favicon
[ 2015-08-16T21:03:44+08:00 ] ERR: (ThinkException) 非法操作:favicon
[ 2015-08-16T21:03:45+08:00 ] ERR: (ThinkException) 非法操作:favicon
[ 2015-08-16T21:04:32+08:00 ] ERR: (ThinkException) 非法操作:favicon
[ 2015-08-16T21:04:33+08:00 ] ERR: (ThinkException) 非法操作:favicon
[ 2015-08-16T21:04:34+08:00 ] ERR: (ThinkException) 非法操作:favicon
[ 2015-08-16T21:04:35+08:00 ] ERR: (ThinkException) 非法操作:favicon
[ 2015-08-16T21:17:30+08:00 ] ERR: (ThinkException) 非法操作:favicon
[ 2015-08-16T21:17:31+08:00 ] ERR: (ThinkException) 非法操作:favicon
[ 2015-08-16T21:17:32+08:00 ] ERR: (ThinkException) 非法操作:favicon
[ 2015-08-16T21:17:42+08:00 ] ERR: (ThinkException) 非法操作:favicon
[ 2015-08-16T21:17:43+08:00 ] ERR: (ThinkException) 非法操作:favicon
[ 2015-08-16T21:17:44+08:00 ] ERR: (ThinkException) 非法操作:favicon
[ 2015-08-16T21:17:44+08:00 ] ERR: (ThinkException) 非法操作:favicon
[ 2015-08-16T21:17:45+08:00 ] ERR: (ThinkException) 非法操作:favicon
[ 2015-08-16T21:17:46+08:00 ] ERR: (ThinkException) 非法操作:favicon
[ 2015-08-16T21:17:47+08:00 ] ERR: (ThinkException) 非法操作:favicon
[ 2015-08-16T21:17:50+08:00 ] ERR: (ThinkException) 无法加载模块:favicon
[ 2015-08-16T21:19:01+08:00 ] ERR: (ThinkException) 无法加载模块:favicon
[ 2015-08-16T21:28:09+08:00 ] ERR: (ThinkException) 无法加载模块:favicon
[ 2015-08-16T21:28:11+08:00 ] ERR: (ThinkException) 非法操作:favicon
[ 2015-08-16T21:31:28+08:00 ] ERR: (ThinkException) 非法操作:favicon
[ 2015-08-16T21:33:03+08:00 ] ERR: (ThinkException) 无法加载模块:favicon
[ 2015-08-16T21:33:05+08:00 ] ERR: (ThinkException) 非法操作:favicon
[ 2015-08-16T21:43:02+08:00 ] ERR: (ThinkException) 非法操作:favicon
[ 2015-08-16T21:43:03+08:00 ] ERR: (ThinkException) 非法操作:favicon
[ 2015-08-16T21:43:06+08:00 ] ERR: (ThinkException) 非法操作:favicon
[ 2015-08-16T21:44:01+08:00 ] ERR: (ThinkException) 非法操作:favicon
[ 2015-08-16T21:44:05+08:00 ] ERR: (ThinkException) 非法操作:favicon
[ 2015-08-16T21:44:11+08:00 ] ERR: (ThinkException) 无法加载模块:favicon
[ 2015-08-16T21:44:25+08:00 ] ERR: (ThinkException) 无法加载模块:favicon
[ 2015-08-16T21:44:26+08:00 ] ERR: (ThinkException) 非法操作:favicon
[ 2015-08-16T21:44:28+08:00 ] ERR: (ThinkException) 非法操作:favicon
[ 2015-08-16T21:44:29+08:00 ] ERR: (ThinkException) 非法操作:favicon
[ 2015-08-16T21:44:29+08:00 ] ERR: (ThinkException) 非法操作:favicon
[ 2015-08-16T21:44:30+08:00 ] ERR: (ThinkException) 非法操作:favicon
[ 2015-08-16T21:44:31+08:00 ] ERR: (ThinkException) 非法操作:favicon
[ 2015-08-16T21:44:32+08:00 ] ERR: (ThinkException) 非法操作:favicon
[ 2015-08-16T21:44:33+08:00 ] ERR: (ThinkException) 非法操作:favicon
[ 2015-08-16T21:44:34+08:00 ] ERR: (ThinkException) 非法操作:favicon
[ 2015-08-16T21:44:34+08:00 ] ERR: (ThinkException) 非法操作:favicon
[ 2015-08-16T21:44:35+08:00 ] ERR: (ThinkException) 非法操作:favicon
[ 2015-08-16T21:44:35+08:00 ] ERR: (ThinkException) 无法加载模块:favicon
[ 2015-08-16T21:44:36+08:00 ] ERR: (ThinkException) 非法操作:favicon
[ 2015-08-16T21:44:37+08:00 ] ERR: (ThinkException) 非法操作:favicon
[ 2015-08-16T21:44:38+08:00 ] ERR: (ThinkException) 非法操作:favicon
[ 2015-08-16T21:44:39+08:00 ] ERR: (ThinkException) 非法操作:favicon
[ 2015-08-16T21:44:40+08:00 ] ERR: (ThinkException) 非法操作:favicon
[ 2015-08-16T21:44:40+08:00 ] ERR: (ThinkException) 非法操作:favicon
[ 2015-08-16T21:44:42+08:00 ] ERR: (ThinkException) 无法加载模块:favicon
[ 2015-08-16T21:44:43+08:00 ] ERR: (ThinkException) 非法操作:favicon
[ 2015-08-16T21:44:44+08:00 ] ERR: (ThinkException) 非法操作:favicon
[ 2015-08-16T21:44:45+08:00 ] ERR: (ThinkException) 非法操作:favicon
[ 2015-08-16T21:44:47+08:00 ] ERR: (ThinkException) 非法操作:favicon
[ 2015-08-16T21:44:47+08:00 ] ERR: (ThinkException) 无法加载模块:favicon
[ 2015-08-16T21:44:49+08:00 ] ERR: (ThinkException) 非法操作:favicon
[ 2015-08-16T21:44:49+08:00 ] ERR: (ThinkException) 非法操作:favicon
[ 2015-08-16T21:44:50+08:00 ] ERR: (ThinkException) 非法操作:favicon
[ 2015-08-16T21:44:51+08:00 ] ERR: (ThinkException) 非法操作:favicon
[ 2015-08-16T21:44:52+08:00 ] ERR: (ThinkException) 非法操作:favicon
[ 2015-08-16T21:44:52+08:00 ] ERR: (ThinkException) 非法操作:favicon
[ 2015-08-16T21:44:53+08:00 ] ERR: (ThinkException) 非法操作:favicon
[ 2015-08-16T21:44:53+08:00 ] ERR: (ThinkException) 非法操作:favicon
[ 2015-08-16T21:44:54+08:00 ] ERR: (ThinkException) 非法操作:favicon
[ 2015-08-16T21:44:54+08:00 ] ERR: (ThinkException) 无法加载模块:favicon
[ 2015-08-16T21:44:56+08:00 ] ERR: (ThinkException) 非法操作:favicon
[ 2015-08-16T21:45:17+08:00 ] ERR: (ThinkException) 非法操作:favicon
[ 2015-08-16T21:45:20+08:00 ] ERR: (ThinkException) 无法加载模块:favicon
[ 2015-08-16T21:45:22+08:00 ] ERR: (ThinkException) 非法操作:favicon
[ 2015-08-16T21:45:26+08:00 ] ERR: (ThinkException) 非法操作:favicon
[ 2015-08-16T21:45:29+08:00 ] ERR: (ThinkException) 非法操作:favicon
[ 2015-08-16T21:45:30+08:00 ] ERR: (ThinkException) 非法操作:favicon
[ 2015-08-16T21:45:33+08:00 ] ERR: (ThinkException) 无法加载模块:favicon
[ 2015-08-16T22:08:55+08:00 ] ERR: (ThinkException) 非法操作:favicon
[ 2015-08-16T22:09:52+08:00 ] ERR: (ThinkException) 无法加载模块:favicon
[ 2015-08-16T22:10:04+08:00 ] ERR: (ThinkException) 无法加载模块:favicon
